0:0:0:0:0:0:0:1 -  -  [01/Dec/2014:01:59:16 +0000] "GET / HTTP/1.1" 200 - "-" "Mozilla/5.0 (Macintosh; Intel Mac OS X 10_10) AppleWebKit/600.1.25 (KHTML, like Gecko) Version/8.0 Safari/600.1.25"
0:0:0:0:0:0:0:1 -  -  [01/Dec/2014:01:59:16 +0000] "GET /favicon.ico HTTP/1.1" 302 - "http://localhost:8080/" "Mozilla/5.0 (Macintosh; Intel Mac OS X 10_10) AppleWebKit/600.1.25 (KHTML, like Gecko) Version/8.0 Safari/600.1.25"
0:0:0:0:0:0:0:1 -  -  [01/Dec/2014:01:59:16 +0000] "GET /apple-touch-icon-precomposed.png HTTP/1.1" 302 - "-" "Safari/10600.1.25 CFNetwork/720.0.9 Darwin/14.0.0 (x86_64)"
0:0:0:0:0:0:0:1 -  -  [01/Dec/2014:01:59:16 +0000] "GET /files/error.html HTTP/1.1" 404 294 "http://localhost:8080/" "Mozilla/5.0 (Macintosh; Intel Mac OS X 10_10) AppleWebKit/600.1.25 (KHTML, like Gecko) Version/8.0 Safari/600.1.25"
0:0:0:0:0:0:0:1 -  -  [01/Dec/2014:01:59:16 +0000] "GET /files/error.html HTTP/1.1" 404 294 "-" "Safari/10600.1.25 CFNetwork/720.0.9 Darwin/14.0.0 (x86_64)"
0:0:0:0:0:0:0:1 -  -  [01/Dec/2014:01:59:16 +0000] "GET /apple-touch-icon.png HTTP/1.1" 302 - "-" "Safari/10600.1.25 CFNetwork/720.0.9 Darwin/14.0.0 (x86_64)"
0:0:0:0:0:0:0:1 -  -  [01/Dec/2014:01:59:16 +0000] "GET /files/error.html HTTP/1.1" 404 294 "-" "Safari/10600.1.25 CFNetwork/720.0.9 Darwin/14.0.0 (x86_64)"
0:0:0:0:0:0:0:1 -  -  [01/Dec/2014:01:59:23 +0000] "POST /doLogin HTTP/1.1" 302 - "http://localhost:8080/" "Mozilla/5.0 (Macintosh; Intel Mac OS X 10_10) AppleWebKit/600.1.25 (KHTML, like Gecko) Version/8.0 Safari/600.1.25"
0:0:0:0:0:0:0:1 -  -  [01/Dec/2014:01:59:23 +0000] "GET /inbox HTTP/1.1" 200 - "http://localhost:8080/" "Mozilla/5.0 (Macintosh; Intel Mac OS X 10_10) AppleWebKit/600.1.25 (KHTML, like Gecko) Version/8.0 Safari/600.1.25"
0:0:0:0:0:0:0:1 -  -  [01/Dec/2014:01:59:23 +0000] "GET /files/assets/css/main-min.css HTTP/1.1" 200 7835 "http://localhost:8080/inbox" "Mozilla/5.0 (Macintosh; Intel Mac OS X 10_10) AppleWebKit/600.1.25 (KHTML, like Gecko) Version/8.0 Safari/600.1.25"
0:0:0:0:0:0:0:1 -  -  [01/Dec/2014:01:59:23 +0000] "GET /files/assets/js/config.js HTTP/1.1" 200 1437 "http://localhost:8080/inbox" "Mozilla/5.0 (Macintosh; Intel Mac OS X 10_10) AppleWebKit/600.1.25 (KHTML, like Gecko) Version/8.0 Safari/600.1.25"
0:0:0:0:0:0:0:1 -  -  [01/Dec/2014:01:59:23 +0000] "GET /files/assets/css/bui-min.css HTTP/1.1" 200 48745 "http://localhost:8080/inbox" "Mozilla/5.0 (Macintosh; Intel Mac OS X 10_10) AppleWebKit/600.1.25 (KHTML, like Gecko) Version/8.0 Safari/600.1.25"
0:0:0:0:0:0:0:1 -  -  [01/Dec/2014:01:59:23 +0000] "GET /files/assets/css/dpl-min.css HTTP/1.1" 200 73873 "http://localhost:8080/inbox" "Mozilla/5.0 (Macintosh; Intel Mac OS X 10_10) AppleWebKit/600.1.25 (KHTML, like Gecko) Version/8.0 Safari/600.1.25"
0:0:0:0:0:0:0:1 -  -  [01/Dec/2014:01:59:23 +0000] "GET /files/assets/js/jquery-1.8.1.min.js HTTP/1.1" 200 92792 "http://localhost:8080/inbox" "Mozilla/5.0 (Macintosh; Intel Mac OS X 10_10) AppleWebKit/600.1.25 (KHTML, like Gecko) Version/8.0 Safari/600.1.25"
0:0:0:0:0:0:0:1 -  -  [01/Dec/2014:01:59:23 +0000] "GET /files/assets/js/bui.js HTTP/1.1" 200 1114465 "http://localhost:8080/inbox" "Mozilla/5.0 (Macintosh; Intel Mac OS X 10_10) AppleWebKit/600.1.25 (KHTML, like Gecko) Version/8.0 Safari/600.1.25"
0:0:0:0:0:0:0:1 -  -  [01/Dec/2014:01:59:23 +0000] "GET /files/assets/js/common/main-min.js HTTP/1.1" 200 8483 "http://localhost:8080/inbox" "Mozilla/5.0 (Macintosh; Intel Mac OS X 10_10) AppleWebKit/600.1.25 (KHTML, like Gecko) Version/8.0 Safari/600.1.25"
0:0:0:0:0:0:0:1 -  -  [01/Dec/2014:01:59:23 +0000] "GET /files/assets/img/main-nav-bg.png HTTP/1.1" 200 7414 "http://localhost:8080/inbox" "Mozilla/5.0 (Macintosh; Intel Mac OS X 10_10) AppleWebKit/600.1.25 (KHTML, like Gecko) Version/8.0 Safari/600.1.25"
0:0:0:0:0:0:0:1 -  -  [01/Dec/2014:01:59:23 +0000] "GET /files/assets/img/icon-806-614.png HTTP/1.1" 200 8138 "http://localhost:8080/inbox" "Mozilla/5.0 (Macintosh; Intel Mac OS X 10_10) AppleWebKit/600.1.25 (KHTML, like Gecko) Version/8.0 Safari/600.1.25"
0:0:0:0:0:0:0:1 -  -  [01/Dec/2014:01:59:23 +0000] "GET /apple-touch-icon-precomposed.png HTTP/1.1" 302 - "-" "Safari/10600.1.25 CFNetwork/720.0.9 Darwin/14.0.0 (x86_64)"
0:0:0:0:0:0:0:1 -  -  [01/Dec/2014:01:59:23 +0000] "GET /files/error.html HTTP/1.1" 404 294 "-" "Safari/10600.1.25 CFNetwork/720.0.9 Darwin/14.0.0 (x86_64)"
0:0:0:0:0:0:0:1 -  -  [01/Dec/2014:01:59:23 +0000] "GET /apple-touch-icon.png HTTP/1.1" 302 - "-" "Safari/10600.1.25 CFNetwork/720.0.9 Darwin/14.0.0 (x86_64)"
0:0:0:0:0:0:0:1 -  -  [01/Dec/2014:01:59:23 +0000] "GET /files/error.html HTTP/1.1" 404 294 "-" "Safari/10600.1.25 CFNetwork/720.0.9 Darwin/14.0.0 (x86_64)"
0:0:0:0:0:0:0:1 -  -  [01/Dec/2014:01:59:23 +0000] "GET /files/assets/img/tab-140-120.gif HTTP/1.1" 200 5847 "http://localhost:8080/inbox" "Mozilla/5.0 (Macintosh; Intel Mac OS X 10_10) AppleWebKit/600.1.25 (KHTML, like Gecko) Version/8.0 Safari/600.1.25"
0:0:0:0:0:0:0:1 -  -  [01/Dec/2014:01:59:23 +0000] "GET /files/assets/img/menu-500-188.png HTTP/1.1" 200 1368 "http://localhost:8080/inbox" "Mozilla/5.0 (Macintosh; Intel Mac OS X 10_10) AppleWebKit/600.1.25 (KHTML, like Gecko) Version/8.0 Safari/600.1.25"
0:0:0:0:0:0:0:1 -  -  [01/Dec/2014:01:59:23 +0000] "GET /files/assets/img/left-slib.gif HTTP/1.1" 200 132 "http://localhost:8080/inbox" "Mozilla/5.0 (Macintosh; Intel Mac OS X 10_10) AppleWebKit/600.1.25 (KHTML, like Gecko) Version/8.0 Safari/600.1.25"
0:0:0:0:0:0:0:1 -  -  [01/Dec/2014:01:59:23 +0000] "GET /files/main/showinbox.html HTTP/1.1" 200 2354 "http://localhost:8080/inbox" "Mozilla/5.0 (Macintosh; Intel Mac OS X 10_10) AppleWebKit/600.1.25 (KHTML, like Gecko) Version/8.0 Safari/600.1.25"
0:0:0:0:0:0:0:1 -  -  [01/Dec/2014:01:59:23 +0000] "GET /files/assets/js/jquery-1.8.1.min.js HTTP/1.1" 304 - "http://localhost:8080/inbox" "Mozilla/5.0 (Macintosh; Intel Mac OS X 10_10) AppleWebKit/600.1.25 (KHTML, like Gecko) Version/8.0 Safari/600.1.25"
0:0:0:0:0:0:0:1 -  -  [01/Dec/2014:01:59:23 +0000] "GET /showinbox HTTP/1.1" 200 - "http://localhost:8080/files/main/showinbox.html" "Mozilla/5.0 (Macintosh; Intel Mac OS X 10_10) AppleWebKit/600.1.25 (KHTML, like Gecko) Version/8.0 Safari/600.1.25"
0:0:0:0:0:0:0:1 -  -  [01/Dec/2014:01:59:25 +0000] "GET /files/main/write-menu.html HTTP/1.1" 200 2010 "http://localhost:8080/inbox" "Mozilla/5.0 (Macintosh; Intel Mac OS X 10_10) AppleWebKit/600.1.25 (KHTML, like Gecko) Version/8.0 Safari/600.1.25"
0:0:0:0:0:0:0:1 -  -  [01/Dec/2014:01:59:25 +0000] "GET /files/assets/js/jquery-1.8.1.min.js HTTP/1.1" 304 - "http://localhost:8080/inbox" "Mozilla/5.0 (Macintosh; Intel Mac OS X 10_10) AppleWebKit/600.1.25 (KHTML, like Gecko) Version/8.0 Safari/600.1.25"
0:0:0:0:0:0:0:1 -  -  [01/Dec/2014:01:59:25 +0000] "GET /showTo HTTP/1.1" 200 - "http://localhost:8080/files/main/write-menu.html" "Mozilla/5.0 (Macintosh; Intel Mac OS X 10_10) AppleWebKit/600.1.25 (KHTML, like Gecko) Version/8.0 Safari/600.1.25"
0:0:0:0:0:0:0:1 -  -  [01/Dec/2014:01:59:58 +0000] "POST /sendEmail HTTP/1.1" 302 - "http://localhost:8080/files/main/write-menu.html" "Mozilla/5.0 (Macintosh; Intel Mac OS X 10_10) AppleWebKit/600.1.25 (KHTML, like Gecko) Version/8.0 Safari/600.1.25"
0:0:0:0:0:0:0:1 -  -  [01/Dec/2014:02:00:00 +0000] "POST /sendEmail HTTP/1.1" 302 - "http://localhost:8080/files/main/write-menu.html" "Mozilla/5.0 (Macintosh; Intel Mac OS X 10_10) AppleWebKit/600.1.25 (KHTML, like Gecko) Version/8.0 Safari/600.1.25"
0:0:0:0:0:0:0:1 -  -  [01/Dec/2014:02:00:25 +0000] "GET /files/main/outbox.html HTTP/1.1" 200 1996 "http://localhost:8080/files/main/write-menu.html" "Mozilla/5.0 (Macintosh; Intel Mac OS X 10_10) AppleWebKit/600.1.25 (KHTML, like Gecko) Version/8.0 Safari/600.1.25"
0:0:0:0:0:0:0:1 -  -  [01/Dec/2014:02:00:25 +0000] "GET /files/assets/js/jquery-1.8.1.min.js HTTP/1.1" 304 - "http://localhost:8080/inbox" "Mozilla/5.0 (Macintosh; Intel Mac OS X 10_10) AppleWebKit/600.1.25 (KHTML, like Gecko) Version/8.0 Safari/600.1.25"
0:0:0:0:0:0:0:1 -  -  [01/Dec/2014:02:00:25 +0000] "GET /showoutbox?db=yes HTTP/1.1" 200 - "http://localhost:8080/files/main/outbox.html" "Mozilla/5.0 (Macintosh; Intel Mac OS X 10_10) AppleWebKit/600.1.25 (KHTML, like Gecko) Version/8.0 Safari/600.1.25"
0:0:0:0:0:0:0:1 -  -  [01/Dec/2014:02:00:30 +0000] "GET /files/assets/js/jquery-1.8.1.min.js HTTP/1.1" 304 - "http://localhost:8080/inbox" "Mozilla/5.0 (Macintosh; Intel Mac OS X 10_10) AppleWebKit/600.1.25 (KHTML, like Gecko) Version/8.0 Safari/600.1.25"
0:0:0:0:0:0:0:1 -  -  [01/Dec/2014:02:00:30 +0000] "GET /showinbox HTTP/1.1" 200 - "http://localhost:8080/files/main/showinbox.html" "Mozilla/5.0 (Macintosh; Intel Mac OS X 10_10) AppleWebKit/600.1.25 (KHTML, like Gecko) Version/8.0 Safari/600.1.25"
0:0:0:0:0:0:0:1 -  -  [01/Dec/2014:02:00:31 +0000] "GET /showinbox?db=yes HTTP/1.1" 200 - "http://localhost:8080/files/main/showinbox.html" "Mozilla/5.0 (Macintosh; Intel Mac OS X 10_10) AppleWebKit/600.1.25 (KHTML, like Gecko) Version/8.0 Safari/600.1.25"
0:0:0:0:0:0:0:1 -  -  [01/Dec/2014:02:00:43 +0000] "GET /showInemail?mailid=GmailId14a0393c086b26bb HTTP/1.1" 200 - "http://localhost:8080/files/main/showinbox.html" "Mozilla/5.0 (Macintosh; Intel Mac OS X 10_10) AppleWebKit/600.1.25 (KHTML, like Gecko) Version/8.0 Safari/600.1.25"
0:0:0:0:0:0:0:1 -  -  [01/Dec/2014:02:00:52 +0000] "GET /showInemail?mailid=GmailId14a0393c086b26bb HTTP/1.1" 200 - "http://localhost:8080/files/main/showinbox.html" "Mozilla/5.0 (Macintosh; Intel Mac OS X 10_10) AppleWebKit/600.1.25 (KHTML, like Gecko) Version/8.0 Safari/600.1.25"
0:0:0:0:0:0:0:1 -  -  [01/Dec/2014:02:01:17 +0000] "GET /showinbox?start=2&col=null&text=null HTTP/1.1" 200 - "http://localhost:8080/files/main/showinbox.html" "Mozilla/5.0 (Macintosh; Intel Mac OS X 10_10) AppleWebKit/600.1.25 (KHTML, like Gecko) Version/8.0 Safari/600.1.25"
0:0:0:0:0:0:0:1 -  -  [01/Dec/2014:02:01:05 +0000] "GET /showInemail?mailid=GmailId14a0393bd0e74c25 HTTP/1.1" 200 - "http://localhost:8080/files/main/showinbox.html" "Mozilla/5.0 (Macintosh; Intel Mac OS X 10_10) AppleWebKit/600.1.25 (KHTML, like Gecko) Version/8.0 Safari/600.1.25"
0:0:0:0:0:0:0:1 -  -  [01/Dec/2014:02:01:19 +0000] "GET /files/assets/js/jquery-1.8.1.min.js HTTP/1.1" 304 - "http://localhost:8080/inbox" "Mozilla/5.0 (Macintosh; Intel Mac OS X 10_10) AppleWebKit/600.1.25 (KHTML, like Gecko) Version/8.0 Safari/600.1.25"
0:0:0:0:0:0:0:1 -  -  [01/Dec/2014:02:01:19 +0000] "GET /showinbox HTTP/1.1" 200 - "http://localhost:8080/files/main/showinbox.html" "Mozilla/5.0 (Macintosh; Intel Mac OS X 10_10) AppleWebKit/600.1.25 (KHTML, like Gecko) Version/8.0 Safari/600.1.25"
0:0:0:0:0:0:0:1 -  -  [01/Dec/2014:02:01:20 +0000] "GET /showInemail?mailid=GmailId149fe6bca7976b9e HTTP/1.1" 200 - "http://localhost:8080/files/main/showinbox.html" "Mozilla/5.0 (Macintosh; Intel Mac OS X 10_10) AppleWebKit/600.1.25 (KHTML, like Gecko) Version/8.0 Safari/600.1.25"
0:0:0:0:0:0:0:1 -  -  [01/Dec/2014:02:01:31 +0000] "GET /files/assets/js/jquery-1.8.1.min.js HTTP/1.1" 304 - "http://localhost:8080/inbox" "Mozilla/5.0 (Macintosh; Intel Mac OS X 10_10) AppleWebKit/600.1.25 (KHTML, like Gecko) Version/8.0 Safari/600.1.25"
0:0:0:0:0:0:0:1 -  -  [01/Dec/2014:02:01:31 +0000] "GET /showinbox HTTP/1.1" 200 - "http://localhost:8080/files/main/showinbox.html" "Mozilla/5.0 (Macintosh; Intel Mac OS X 10_10) AppleWebKit/600.1.25 (KHTML, like Gecko) Version/8.0 Safari/600.1.25"
0:0:0:0:0:0:0:1 -  -  [01/Dec/2014:02:01:33 +0000] "GET /showInemail?mailid=GmailId14a0393bd0e74c25 HTTP/1.1" 200 - "http://localhost:8080/files/main/showinbox.html" "Mozilla/5.0 (Macintosh; Intel Mac OS X 10_10) AppleWebKit/600.1.25 (KHTML, like Gecko) Version/8.0 Safari/600.1.25"
0:0:0:0:0:0:0:1 -  -  [01/Dec/2014:02:01:43 +0000] "GET /download?url=files/GmailId14a0393bd0e74c25/attachment/null&fileName=null HTTP/1.1" 200 - "http://localhost:8080/showInemail?mailid=GmailId14a0393bd0e74c25" "Mozilla/5.0 (Macintosh; Intel Mac OS X 10_10) AppleWebKit/600.1.25 (KHTML, like Gecko) Version/8.0 Safari/600.1.25"
0:0:0:0:0:0:0:1 -  -  [01/Dec/2014:21:54:04 +0000] "GET / HTTP/1.1" 200 - "-" "Mozilla/5.0 (Macintosh; Intel Mac OS X 10_10) AppleWebKit/600.1.25 (KHTML, like Gecko) Version/8.0 Safari/600.1.25"
0:0:0:0:0:0:0:1 -  -  [01/Dec/2014:21:54:04 +0000] "GET /apple-touch-icon-precomposed.png HTTP/1.1" 302 - "-" "Safari/10600.1.25 CFNetwork/720.0.9 Darwin/14.0.0 (x86_64)"
0:0:0:0:0:0:0:1 -  -  [01/Dec/2014:21:54:04 +0000] "GET /files/error.html HTTP/1.1" 404 294 "-" "Safari/10600.1.25 CFNetwork/720.0.9 Darwin/14.0.0 (x86_64)"
0:0:0:0:0:0:0:1 -  -  [01/Dec/2014:21:54:04 +0000] "GET /apple-touch-icon.png HTTP/1.1" 302 - "-" "Safari/10600.1.25 CFNetwork/720.0.9 Darwin/14.0.0 (x86_64)"
0:0:0:0:0:0:0:1 -  -  [01/Dec/2014:21:54:04 +0000] "GET /files/error.html HTTP/1.1" 404 294 "-" "Safari/10600.1.25 CFNetwork/720.0.9 Darwin/14.0.0 (x86_64)"
