0:0:0:0:0:0:0:1 -  -  [03/Dec/2014:00:01:21 +0000] "GET /addAcount HTTP/1.1" 200 - "-" "Mozilla/5.0 (Macintosh; Intel Mac OS X 10_10_0) AppleWebKit/537.36 (KHTML, like Gecko) Chrome/39.0.2171.71 Safari/537.36"
0:0:0:0:0:0:0:1 -  -  [03/Dec/2014:00:01:23 +0000] "GET / HTTP/1.1" 200 - "-" "Mozilla/5.0 (Macintosh; Intel Mac OS X 10_10_0) AppleWebKit/537.36 (KHTML, like Gecko) Chrome/39.0.2171.71 Safari/537.36"
0:0:0:0:0:0:0:1 -  -  [03/Dec/2014:00:01:52 +0000] "GET /register HTTP/1.1" 200 - "http://localhost:8080/" "Mozilla/5.0 (Macintosh; Intel Mac OS X 10_10_0) AppleWebKit/537.36 (KHTML, like Gecko) Chrome/39.0.2171.71 Safari/537.36"
0:0:0:0:0:0:0:1 -  -  [03/Dec/2014:00:02:01 +0000] "POST /doRegister HTTP/1.1" 302 - "http://localhost:8080/register" "Mozilla/5.0 (Macintosh; Intel Mac OS X 10_10_0) AppleWebKit/537.36 (KHTML, like Gecko) Chrome/39.0.2171.71 Safari/537.36"
0:0:0:0:0:0:0:1 -  -  [03/Dec/2014:00:02:01 +0000] "GET / HTTP/1.1" 200 - "http://localhost:8080/register" "Mozilla/5.0 (Macintosh; Intel Mac OS X 10_10_0) AppleWebKit/537.36 (KHTML, like Gecko) Chrome/39.0.2171.71 Safari/537.36"
0:0:0:0:0:0:0:1 -  -  [03/Dec/2014:00:02:06 +0000] "POST /doLogin HTTP/1.1" 302 - "http://localhost:8080/" "Mozilla/5.0 (Macintosh; Intel Mac OS X 10_10_0) AppleWebKit/537.36 (KHTML, like Gecko) Chrome/39.0.2171.71 Safari/537.36"
0:0:0:0:0:0:0:1 -  -  [03/Dec/2014:00:02:06 +0000] "GET /initAccount HTTP/1.1" 200 - "http://localhost:8080/" "Mozilla/5.0 (Macintosh; Intel Mac OS X 10_10_0) AppleWebKit/537.36 (KHTML, like Gecko) Chrome/39.0.2171.71 Safari/537.36"
0:0:0:0:0:0:0:1 -  -  [03/Dec/2014:00:02:17 +0000] "POST /addAcount HTTP/1.1" 302 - "http://localhost:8080/initAccount" "Mozilla/5.0 (Macintosh; Intel Mac OS X 10_10_0) AppleWebKit/537.36 (KHTML, like Gecko) Chrome/39.0.2171.71 Safari/537.36"
0:0:0:0:0:0:0:1 -  -  [03/Dec/2014:00:02:22 +0000] "GET / HTTP/1.1" 302 - "http://localhost:8080/initAccount" "Mozilla/5.0 (Macintosh; Intel Mac OS X 10_10_0) AppleWebKit/537.36 (KHTML, like Gecko) Chrome/39.0.2171.71 Safari/537.36"
0:0:0:0:0:0:0:1 -  -  [03/Dec/2014:00:02:22 +0000] "GET /inbox HTTP/1.1" 200 - "http://localhost:8080/initAccount" "Mozilla/5.0 (Macintosh; Intel Mac OS X 10_10_0) AppleWebKit/537.36 (KHTML, like Gecko) Chrome/39.0.2171.71 Safari/537.36"
0:0:0:0:0:0:0:1 -  -  [03/Dec/2014:00:02:22 +0000] "GET /showinbox HTTP/1.1" 200 - "http://localhost:8080/files/main/showinbox.html" "Mozilla/5.0 (Macintosh; Intel Mac OS X 10_10_0) AppleWebKit/537.36 (KHTML, like Gecko) Chrome/39.0.2171.71 Safari/537.36"
0:0:0:0:0:0:0:1 -  -  [03/Dec/2014:00:02:25 +0000] "GET /showTo HTTP/1.1" 200 - "http://localhost:8080/files/main/write-menu.html" "Mozilla/5.0 (Macintosh; Intel Mac OS X 10_10_0) AppleWebKit/537.36 (KHTML, like Gecko) Chrome/39.0.2171.71 Safari/537.36"
0:0:0:0:0:0:0:1 -  -  [03/Dec/2014:00:02:48 +0000] "POST /sendEmail HTTP/1.1" 302 - "http://localhost:8080/files/main/write-menu.html" "Mozilla/5.0 (Macintosh; Intel Mac OS X 10_10_0) AppleWebKit/537.36 (KHTML, like Gecko) Chrome/39.0.2171.71 Safari/537.36"
0:0:0:0:0:0:0:1 -  -  [03/Dec/2014:00:02:54 +0000] "GET /files/main/outbox.html HTTP/1.1" 304 - "http://localhost:8080/files/main/write-menu.html" "Mozilla/5.0 (Macintosh; Intel Mac OS X 10_10_0) AppleWebKit/537.36 (KHTML, like Gecko) Chrome/39.0.2171.71 Safari/537.36"
0:0:0:0:0:0:0:1 -  -  [03/Dec/2014:00:02:54 +0000] "GET /showoutbox?db=yes HTTP/1.1" 200 - "http://localhost:8080/files/main/outbox.html" "Mozilla/5.0 (Macintosh; Intel Mac OS X 10_10_0) AppleWebKit/537.36 (KHTML, like Gecko) Chrome/39.0.2171.71 Safari/537.36"
0:0:0:0:0:0:0:1 -  -  [03/Dec/2014:00:03:41 +0000] "GET /showOutemail?mailid=2014/12/02%2016:02:54 HTTP/1.1" 200 - "http://localhost:8080/files/main/outbox.html" "Mozilla/5.0 (Macintosh; Intel Mac OS X 10_10_0) AppleWebKit/537.36 (KHTML, like Gecko) Chrome/39.0.2171.71 Safari/537.36"
0:0:0:0:0:0:0:1 -  -  [03/Dec/2014:00:03:43 +0000] "GET /showTo HTTP/1.1" 200 - "http://localhost:8080/files/main/write-menu.html" "Mozilla/5.0 (Macintosh; Intel Mac OS X 10_10_0) AppleWebKit/537.36 (KHTML, like Gecko) Chrome/39.0.2171.71 Safari/537.36"
0:0:0:0:0:0:0:1 -  -  [03/Dec/2014:00:03:45 +0000] "GET /showinbox HTTP/1.1" 200 - "http://localhost:8080/files/main/showinbox.html" "Mozilla/5.0 (Macintosh; Intel Mac OS X 10_10_0) AppleWebKit/537.36 (KHTML, like Gecko) Chrome/39.0.2171.71 Safari/537.36"
0:0:0:0:0:0:0:1 -  -  [03/Dec/2014:00:03:47 +0000] "GET /showoutbox?db=yes HTTP/1.1" 200 - "http://localhost:8080/files/main/outbox.html" "Mozilla/5.0 (Macintosh; Intel Mac OS X 10_10_0) AppleWebKit/537.36 (KHTML, like Gecko) Chrome/39.0.2171.71 Safari/537.36"
0:0:0:0:0:0:0:1 -  -  [03/Dec/2014:00:03:48 +0000] "GET /showOutemail?mailid=2014/12/02%2015:52:55 HTTP/1.1" 200 - "http://localhost:8080/files/main/outbox.html" "Mozilla/5.0 (Macintosh; Intel Mac OS X 10_10_0) AppleWebKit/537.36 (KHTML, like Gecko) Chrome/39.0.2171.71 Safari/537.36"
0:0:0:0:0:0:0:1 -  -  [03/Dec/2014:00:03:49 +0000] "GET /showinbox HTTP/1.1" 200 - "http://localhost:8080/files/main/showinbox.html" "Mozilla/5.0 (Macintosh; Intel Mac OS X 10_10_0) AppleWebKit/537.36 (KHTML, like Gecko) Chrome/39.0.2171.71 Safari/537.36"
0:0:0:0:0:0:0:1 -  -  [03/Dec/2014:00:03:50 +0000] "GET /showTo HTTP/1.1" 200 - "http://localhost:8080/files/main/write-menu.html" "Mozilla/5.0 (Macintosh; Intel Mac OS X 10_10_0) AppleWebKit/537.36 (KHTML, like Gecko) Chrome/39.0.2171.71 Safari/537.36"
0:0:0:0:0:0:0:1 -  -  [03/Dec/2014:00:03:53 +0000] "GET /showinbox HTTP/1.1" 200 - "http://localhost:8080/files/main/showinbox.html" "Mozilla/5.0 (Macintosh; Intel Mac OS X 10_10_0) AppleWebKit/537.36 (KHTML, like Gecko) Chrome/39.0.2171.71 Safari/537.36"
0:0:0:0:0:0:0:1 -  -  [03/Dec/2014:00:03:57 +0000] "GET /showoutbox?db=yes HTTP/1.1" 200 - "http://localhost:8080/files/main/outbox.html" "Mozilla/5.0 (Macintosh; Intel Mac OS X 10_10_0) AppleWebKit/537.36 (KHTML, like Gecko) Chrome/39.0.2171.71 Safari/537.36"
0:0:0:0:0:0:0:1 -  -  [03/Dec/2014:00:04:30 +0000] "GET /files/main/second-menu.html HTTP/1.1" 304 - "http://localhost:8080/inbox" "Mozilla/5.0 (Macintosh; Intel Mac OS X 10_10_0) AppleWebKit/537.36 (KHTML, like Gecko) Chrome/39.0.2171.71 Safari/537.36"
0:0:0:0:0:0:0:1 -  -  [03/Dec/2014:00:04:30 +0000] "GET /showTrash HTTP/1.1" 200 - "http://localhost:8080/files/main/second-menu.html" "Mozilla/5.0 (Macintosh; Intel Mac OS X 10_10_0) AppleWebKit/537.36 (KHTML, like Gecko) Chrome/39.0.2171.71 Safari/537.36"
0:0:0:0:0:0:0:1 -  -  [03/Dec/2014:00:04:33 +0000] "GET /acountlist HTTP/1.1" 200 - "http://localhost:8080/files/main/dyna-menu.html" "Mozilla/5.0 (Macintosh; Intel Mac OS X 10_10_0) AppleWebKit/537.36 (KHTML, like Gecko) Chrome/39.0.2171.71 Safari/537.36"
0:0:0:0:0:0:0:1 -  -  [03/Dec/2014:00:04:34 +0000] "GET /showoutbox?db=yes HTTP/1.1" 200 - "http://localhost:8080/files/main/outbox.html" "Mozilla/5.0 (Macintosh; Intel Mac OS X 10_10_0) AppleWebKit/537.36 (KHTML, like Gecko) Chrome/39.0.2171.71 Safari/537.36"
0:0:0:0:0:0:0:1 -  -  [03/Dec/2014:00:04:34 +0000] "GET /showinbox HTTP/1.1" 200 - "http://localhost:8080/files/main/showinbox.html" "Mozilla/5.0 (Macintosh; Intel Mac OS X 10_10_0) AppleWebKit/537.36 (KHTML, like Gecko) Chrome/39.0.2171.71 Safari/537.36"
0:0:0:0:0:0:0:1 -  -  [03/Dec/2014:00:04:35 +0000] "GET /showTo HTTP/1.1" 200 - "http://localhost:8080/files/main/write-menu.html" "Mozilla/5.0 (Macintosh; Intel Mac OS X 10_10_0) AppleWebKit/537.36 (KHTML, like Gecko) Chrome/39.0.2171.71 Safari/537.36"
0:0:0:0:0:0:0:1 -  -  [03/Dec/2014:00:04:39 +0000] "GET /showinbox HTTP/1.1" 200 - "http://localhost:8080/files/main/showinbox.html" "Mozilla/5.0 (Macintosh; Intel Mac OS X 10_10_0) AppleWebKit/537.36 (KHTML, like Gecko) Chrome/39.0.2171.71 Safari/537.36"
0:0:0:0:0:0:0:1 -  -  [03/Dec/2014:00:04:43 +0000] "GET /logout HTTP/1.1" 302 - "http://localhost:8080/inbox" "Mozilla/5.0 (Macintosh; Intel Mac OS X 10_10_0) AppleWebKit/537.36 (KHTML, like Gecko) Chrome/39.0.2171.71 Safari/537.36"
0:0:0:0:0:0:0:1 -  -  [03/Dec/2014:00:04:43 +0000] "GET / HTTP/1.1" 200 - "http://localhost:8080/inbox" "Mozilla/5.0 (Macintosh; Intel Mac OS X 10_10_0) AppleWebKit/537.36 (KHTML, like Gecko) Chrome/39.0.2171.71 Safari/537.36"
0:0:0:0:0:0:0:1 -  -  [03/Dec/2014:00:04:44 +0000] "GET /register HTTP/1.1" 200 - "http://localhost:8080/" "Mozilla/5.0 (Macintosh; Intel Mac OS X 10_10_0) AppleWebKit/537.36 (KHTML, like Gecko) Chrome/39.0.2171.71 Safari/537.36"
0:0:0:0:0:0:0:1 -  -  [03/Dec/2014:00:05:00 +0000] "POST /doRegister HTTP/1.1" 302 - "http://localhost:8080/register" "Mozilla/5.0 (Macintosh; Intel Mac OS X 10_10_0) AppleWebKit/537.36 (KHTML, like Gecko) Chrome/39.0.2171.71 Safari/537.36"
0:0:0:0:0:0:0:1 -  -  [03/Dec/2014:00:05:00 +0000] "GET / HTTP/1.1" 200 - "http://localhost:8080/register" "Mozilla/5.0 (Macintosh; Intel Mac OS X 10_10_0) AppleWebKit/537.36 (KHTML, like Gecko) Chrome/39.0.2171.71 Safari/537.36"
0:0:0:0:0:0:0:1 -  -  [03/Dec/2014:00:05:08 +0000] "POST /doLogin HTTP/1.1" 302 - "http://localhost:8080/" "Mozilla/5.0 (Macintosh; Intel Mac OS X 10_10_0) AppleWebKit/537.36 (KHTML, like Gecko) Chrome/39.0.2171.71 Safari/537.36"
0:0:0:0:0:0:0:1 -  -  [03/Dec/2014:00:05:08 +0000] "GET /initAccount HTTP/1.1" 200 - "http://localhost:8080/" "Mozilla/5.0 (Macintosh; Intel Mac OS X 10_10_0) AppleWebKit/537.36 (KHTML, like Gecko) Chrome/39.0.2171.71 Safari/537.36"
0:0:0:0:0:0:0:1 -  -  [03/Dec/2014:00:05:28 +0000] "POST /addAcount HTTP/1.1" 302 - "http://localhost:8080/initAccount" "Mozilla/5.0 (Macintosh; Intel Mac OS X 10_10_0) AppleWebKit/537.36 (KHTML, like Gecko) Chrome/39.0.2171.71 Safari/537.36"
0:0:0:0:0:0:0:1 -  -  [03/Dec/2014:00:07:42 +0000] "GET / HTTP/1.1" 302 - "http://localhost:8080/initAccount" "Mozilla/5.0 (Macintosh; Intel Mac OS X 10_10_0) AppleWebKit/537.36 (KHTML, like Gecko) Chrome/39.0.2171.71 Safari/537.36"
0:0:0:0:0:0:0:1 -  -  [03/Dec/2014:00:07:42 +0000] "GET /inbox HTTP/1.1" 200 - "http://localhost:8080/initAccount" "Mozilla/5.0 (Macintosh; Intel Mac OS X 10_10_0) AppleWebKit/537.36 (KHTML, like Gecko) Chrome/39.0.2171.71 Safari/537.36"
0:0:0:0:0:0:0:1 -  -  [03/Dec/2014:00:07:42 +0000] "GET /showinbox HTTP/1.1" 200 - "http://localhost:8080/files/main/showinbox.html" "Mozilla/5.0 (Macintosh; Intel Mac OS X 10_10_0) AppleWebKit/537.36 (KHTML, like Gecko) Chrome/39.0.2171.71 Safari/537.36"
0:0:0:0:0:0:0:1 -  -  [03/Dec/2014:00:07:49 +0000] "GET /showTo HTTP/1.1" 200 - "http://localhost:8080/files/main/write-menu.html" "Mozilla/5.0 (Macintosh; Intel Mac OS X 10_10_0) AppleWebKit/537.36 (KHTML, like Gecko) Chrome/39.0.2171.71 Safari/537.36"
0:0:0:0:0:0:0:1 -  -  [03/Dec/2014:00:08:10 +0000] "POST /sendEmail HTTP/1.1" 302 - "http://localhost:8080/files/main/write-menu.html" "Mozilla/5.0 (Macintosh; Intel Mac OS X 10_10_0) AppleWebKit/537.36 (KHTML, like Gecko) Chrome/39.0.2171.71 Safari/537.36"
0:0:0:0:0:0:0:1 -  -  [03/Dec/2014:00:08:42 +0000] "GET /files/main/outbox.html HTTP/1.1" 304 - "http://localhost:8080/files/main/write-menu.html" "Mozilla/5.0 (Macintosh; Intel Mac OS X 10_10_0) AppleWebKit/537.36 (KHTML, like Gecko) Chrome/39.0.2171.71 Safari/537.36"
0:0:0:0:0:0:0:1 -  -  [03/Dec/2014:00:08:42 +0000] "GET /showoutbox?db=yes HTTP/1.1" 200 - "http://localhost:8080/files/main/outbox.html" "Mozilla/5.0 (Macintosh; Intel Mac OS X 10_10_0) AppleWebKit/537.36 (KHTML, like Gecko) Chrome/39.0.2171.71 Safari/537.36"
0:0:0:0:0:0:0:1 -  -  [03/Dec/2014:00:08:48 +0000] "GET /showOutemail?mailid=2014/12/02%2016:08:39 HTTP/1.1" 200 - "http://localhost:8080/files/main/outbox.html" "Mozilla/5.0 (Macintosh; Intel Mac OS X 10_10_0) AppleWebKit/537.36 (KHTML, like Gecko) Chrome/39.0.2171.71 Safari/537.36"
0:0:0:0:0:0:0:1 -  -  [03/Dec/2014:00:09:17 +0000] "GET /showinbox HTTP/1.1" 200 - "http://localhost:8080/files/main/showinbox.html" "Mozilla/5.0 (Macintosh; Intel Mac OS X 10_10_0) AppleWebKit/537.36 (KHTML, like Gecko) Chrome/39.0.2171.71 Safari/537.36"
0:0:0:0:0:0:0:1 -  -  [03/Dec/2014:00:09:19 +0000] "GET /showoutbox?db=yes HTTP/1.1" 200 - "http://localhost:8080/files/main/outbox.html" "Mozilla/5.0 (Macintosh; Intel Mac OS X 10_10_0) AppleWebKit/537.36 (KHTML, like Gecko) Chrome/39.0.2171.71 Safari/537.36"
0:0:0:0:0:0:0:1 -  -  [03/Dec/2014:00:09:20 +0000] "GET /showTrash HTTP/1.1" 200 - "http://localhost:8080/files/main/second-menu.html" "Mozilla/5.0 (Macintosh; Intel Mac OS X 10_10_0) AppleWebKit/537.36 (KHTML, like Gecko) Chrome/39.0.2171.71 Safari/537.36"
0:0:0:0:0:0:0:1 -  -  [03/Dec/2014:00:12:21 +0000] "GET /acountlist HTTP/1.1" 200 - "http://localhost:8080/files/main/dyna-menu.html" "Mozilla/5.0 (Macintosh; Intel Mac OS X 10_10_0) AppleWebKit/537.36 (KHTML, like Gecko) Chrome/39.0.2171.71 Safari/537.36"
0:0:0:0:0:0:0:1 -  -  [03/Dec/2014:00:12:21 +0000] "GET /acountlist HTTP/1.1" 200 - "http://localhost:8080/files/main/dyna-menu.html" "Mozilla/5.0 (Macintosh; Intel Mac OS X 10_10_0) AppleWebKit/537.36 (KHTML, like Gecko) Chrome/39.0.2171.71 Safari/537.36"
0:0:0:0:0:0:0:1 -  -  [03/Dec/2014:00:12:23 +0000] "GET /alterAccount?account=usfcs6012%40gmail.com HTTP/1.1" 302 - "http://localhost:8080/files/main/dyna-menu.html" "Mozilla/5.0 (Macintosh; Intel Mac OS X 10_10_0) AppleWebKit/537.36 (KHTML, like Gecko) Chrome/39.0.2171.71 Safari/537.36"
0:0:0:0:0:0:0:1 -  -  [03/Dec/2014:00:12:23 +0000] "GET /inbox HTTP/1.1" 200 - "http://localhost:8080/files/main/dyna-menu.html" "Mozilla/5.0 (Macintosh; Intel Mac OS X 10_10_0) AppleWebKit/537.36 (KHTML, like Gecko) Chrome/39.0.2171.71 Safari/537.36"
0:0:0:0:0:0:0:1 -  -  [03/Dec/2014:00:12:25 +0000] "GET /showTo HTTP/1.1" 200 - "http://localhost:8080/files/main/write-menu.html" "Mozilla/5.0 (Macintosh; Intel Mac OS X 10_10_0) AppleWebKit/537.36 (KHTML, like Gecko) Chrome/39.0.2171.71 Safari/537.36"
0:0:0:0:0:0:0:1 -  -  [03/Dec/2014:00:12:27 +0000] "GET /showinbox HTTP/1.1" 200 - "http://localhost:8080/files/main/showinbox.html" "Mozilla/5.0 (Macintosh; Intel Mac OS X 10_10_0) AppleWebKit/537.36 (KHTML, like Gecko) Chrome/39.0.2171.71 Safari/537.36"
0:0:0:0:0:0:0:1 -  -  [03/Dec/2014:00:12:27 +0000] "GET /showoutbox?db=yes HTTP/1.1" 200 - "http://localhost:8080/files/main/outbox.html" "Mozilla/5.0 (Macintosh; Intel Mac OS X 10_10_0) AppleWebKit/537.36 (KHTML, like Gecko) Chrome/39.0.2171.71 Safari/537.36"
0:0:0:0:0:0:0:1 -  -  [03/Dec/2014:00:12:28 +0000] "GET /showTrash HTTP/1.1" 200 - "http://localhost:8080/files/main/second-menu.html" "Mozilla/5.0 (Macintosh; Intel Mac OS X 10_10_0) AppleWebKit/537.36 (KHTML, like Gecko) Chrome/39.0.2171.71 Safari/537.36"
0:0:0:0:0:0:0:1 -  -  [03/Dec/2014:00:12:29 +0000] "GET /acountlist HTTP/1.1" 200 - "http://localhost:8080/files/main/dyna-menu.html" "Mozilla/5.0 (Macintosh; Intel Mac OS X 10_10_0) AppleWebKit/537.36 (KHTML, like Gecko) Chrome/39.0.2171.71 Safari/537.36"
0:0:0:0:0:0:0:1 -  -  [03/Dec/2014:00:25:21 +0000] "GET / HTTP/1.1" 200 - "-" "Mozilla/5.0 (Macintosh; Intel Mac OS X 10_10) AppleWebKit/600.1.25 (KHTML, like Gecko) Version/8.0 Safari/600.1.25"
0:0:0:0:0:0:0:1 -  -  [03/Dec/2014:00:25:25 +0000] "POST /doLogin HTTP/1.1" 302 - "http://localhost:8080/" "Mozilla/5.0 (Macintosh; Intel Mac OS X 10_10) AppleWebKit/600.1.25 (KHTML, like Gecko) Version/8.0 Safari/600.1.25"
0:0:0:0:0:0:0:1 -  -  [03/Dec/2014:00:25:25 +0000] "GET / HTTP/1.1" 302 - "http://localhost:8080/" "Mozilla/5.0 (Macintosh; Intel Mac OS X 10_10) AppleWebKit/600.1.25 (KHTML, like Gecko) Version/8.0 Safari/600.1.25"
0:0:0:0:0:0:0:1 -  -  [03/Dec/2014:00:25:25 +0000] "GET /inbox HTTP/1.1" 200 - "http://localhost:8080/" "Mozilla/5.0 (Macintosh; Intel Mac OS X 10_10) AppleWebKit/600.1.25 (KHTML, like Gecko) Version/8.0 Safari/600.1.25"
0:0:0:0:0:0:0:1 -  -  [03/Dec/2014:00:25:25 +0000] "GET /files/assets/js/bui.js HTTP/1.1" 200 1114465 "http://localhost:8080/inbox" "Mozilla/5.0 (Macintosh; Intel Mac OS X 10_10) AppleWebKit/600.1.25 (KHTML, like Gecko) Version/8.0 Safari/600.1.25"
0:0:0:0:0:0:0:1 -  -  [03/Dec/2014:00:25:25 +0000] "GET /files/main/showinbox.html HTTP/1.1" 304 - "http://localhost:8080/inbox" "Mozilla/5.0 (Macintosh; Intel Mac OS X 10_10) AppleWebKit/600.1.25 (KHTML, like Gecko) Version/8.0 Safari/600.1.25"
0:0:0:0:0:0:0:1 -  -  [03/Dec/2014:00:25:25 +0000] "GET /files/assets/js/jquery-1.8.1.min.js HTTP/1.1" 304 - "http://localhost:8080/inbox" "Mozilla/5.0 (Macintosh; Intel Mac OS X 10_10) AppleWebKit/600.1.25 (KHTML, like Gecko) Version/8.0 Safari/600.1.25"
0:0:0:0:0:0:0:1 -  -  [03/Dec/2014:00:25:25 +0000] "GET /showinbox HTTP/1.1" 200 - "http://localhost:8080/files/main/showinbox.html" "Mozilla/5.0 (Macintosh; Intel Mac OS X 10_10) AppleWebKit/600.1.25 (KHTML, like Gecko) Version/8.0 Safari/600.1.25"
0:0:0:0:0:0:0:1 -  -  [03/Dec/2014:00:25:28 +0000] "GET /showinbox?db=yes HTTP/1.1" 200 - "http://localhost:8080/files/main/showinbox.html" "Mozilla/5.0 (Macintosh; Intel Mac OS X 10_10) AppleWebKit/600.1.25 (KHTML, like Gecko) Version/8.0 Safari/600.1.25"
0:0:0:0:0:0:0:1 -  -  [03/Dec/2014:00:25:44 +0000] "GET /showInemail?mailid=GmailId14a0d8960904c2f0 HTTP/1.1" 200 - "http://localhost:8080/files/main/showinbox.html" "Mozilla/5.0 (Macintosh; Intel Mac OS X 10_10) AppleWebKit/600.1.25 (KHTML, like Gecko) Version/8.0 Safari/600.1.25"
0:0:0:0:0:0:0:1 -  -  [03/Dec/2014:00:25:51 +0000] "GET /files/assets/js/jquery-1.8.1.min.js HTTP/1.1" 304 - "http://localhost:8080/inbox" "Mozilla/5.0 (Macintosh; Intel Mac OS X 10_10) AppleWebKit/600.1.25 (KHTML, like Gecko) Version/8.0 Safari/600.1.25"
0:0:0:0:0:0:0:1 -  -  [03/Dec/2014:00:25:52 +0000] "GET /files/main/outbox.html HTTP/1.1" 200 1996 "http://localhost:8080/inbox" "Mozilla/5.0 (Macintosh; Intel Mac OS X 10_10) AppleWebKit/600.1.25 (KHTML, like Gecko) Version/8.0 Safari/600.1.25"
0:0:0:0:0:0:0:1 -  -  [03/Dec/2014:00:25:52 +0000] "GET /files/assets/js/jquery-1.8.1.min.js HTTP/1.1" 304 - "http://localhost:8080/inbox" "Mozilla/5.0 (Macintosh; Intel Mac OS X 10_10) AppleWebKit/600.1.25 (KHTML, like Gecko) Version/8.0 Safari/600.1.25"
0:0:0:0:0:0:0:1 -  -  [03/Dec/2014:00:25:52 +0000] "GET /showoutbox?db=yes HTTP/1.1" 200 - "http://localhost:8080/files/main/outbox.html" "Mozilla/5.0 (Macintosh; Intel Mac OS X 10_10) AppleWebKit/600.1.25 (KHTML, like Gecko) Version/8.0 Safari/600.1.25"
0:0:0:0:0:0:0:1 -  -  [03/Dec/2014:00:25:53 +0000] "GET /files/assets/js/jquery-1.8.1.min.js HTTP/1.1" 304 - "http://localhost:8080/inbox" "Mozilla/5.0 (Macintosh; Intel Mac OS X 10_10) AppleWebKit/600.1.25 (KHTML, like Gecko) Version/8.0 Safari/600.1.25"
0:0:0:0:0:0:0:1 -  -  [03/Dec/2014:00:25:53 +0000] "GET /showinbox HTTP/1.1" 200 - "http://localhost:8080/files/main/showinbox.html" "Mozilla/5.0 (Macintosh; Intel Mac OS X 10_10) AppleWebKit/600.1.25 (KHTML, like Gecko) Version/8.0 Safari/600.1.25"
0:0:0:0:0:0:0:1 -  -  [03/Dec/2014:00:25:54 +0000] "GET /showInemail?mailid=GmailId14a0d5fd51c58951 HTTP/1.1" 200 - "http://localhost:8080/files/main/showinbox.html" "Mozilla/5.0 (Macintosh; Intel Mac OS X 10_10) AppleWebKit/600.1.25 (KHTML, like Gecko) Version/8.0 Safari/600.1.25"
0:0:0:0:0:0:0:1 -  -  [03/Dec/2014:00:26:09 +0000] "GET /files/assets/js/jquery-1.8.1.min.js HTTP/1.1" 304 - "http://localhost:8080/inbox" "Mozilla/5.0 (Macintosh; Intel Mac OS X 10_10) AppleWebKit/600.1.25 (KHTML, like Gecko) Version/8.0 Safari/600.1.25"
0:0:0:0:0:0:0:1 -  -  [03/Dec/2014:00:26:09 +0000] "GET /showinbox HTTP/1.1" 200 - "http://localhost:8080/files/main/showinbox.html" "Mozilla/5.0 (Macintosh; Intel Mac OS X 10_10) AppleWebKit/600.1.25 (KHTML, like Gecko) Version/8.0 Safari/600.1.25"
0:0:0:0:0:0:0:1 -  -  [03/Dec/2014:00:26:10 +0000] "GET /showInemail?mailid=GmailId14a0d596731819f1 HTTP/1.1" 200 - "http://localhost:8080/files/main/showinbox.html" "Mozilla/5.0 (Macintosh; Intel Mac OS X 10_10) AppleWebKit/600.1.25 (KHTML, like Gecko) Version/8.0 Safari/600.1.25"
0:0:0:0:0:0:0:1 -  -  [03/Dec/2014:00:26:16 +0000] "GET /files/assets/js/jquery-1.8.1.min.js HTTP/1.1" 304 - "http://localhost:8080/inbox" "Mozilla/5.0 (Macintosh; Intel Mac OS X 10_10) AppleWebKit/600.1.25 (KHTML, like Gecko) Version/8.0 Safari/600.1.25"
0:0:0:0:0:0:0:1 -  -  [03/Dec/2014:00:26:16 +0000] "GET /showinbox HTTP/1.1" 200 - "http://localhost:8080/files/main/showinbox.html" "Mozilla/5.0 (Macintosh; Intel Mac OS X 10_10) AppleWebKit/600.1.25 (KHTML, like Gecko) Version/8.0 Safari/600.1.25"
0:0:0:0:0:0:0:1 -  -  [03/Dec/2014:00:26:27 +0000] "GET /files/assets/js/jquery-1.8.1.min.js HTTP/1.1" 304 - "http://localhost:8080/inbox" "Mozilla/5.0 (Macintosh; Intel Mac OS X 10_10) AppleWebKit/600.1.25 (KHTML, like Gecko) Version/8.0 Safari/600.1.25"
0:0:0:0:0:0:0:1 -  -  [03/Dec/2014:00:26:27 +0000] "GET /showoutbox?db=yes HTTP/1.1" 200 - "http://localhost:8080/files/main/outbox.html" "Mozilla/5.0 (Macintosh; Intel Mac OS X 10_10) AppleWebKit/600.1.25 (KHTML, like Gecko) Version/8.0 Safari/600.1.25"
0:0:0:0:0:0:0:1 -  -  [03/Dec/2014:05:26:03 +0000] "GET / HTTP/1.1" 200 - "-" "Mozilla/5.0 (Macintosh; Intel Mac OS X 10_10) AppleWebKit/600.1.25 (KHTML, like Gecko) Version/8.0 Safari/600.1.25"
0:0:0:0:0:0:0:1 -  -  [03/Dec/2014:05:26:10 +0000] "POST /doLogin HTTP/1.1" 302 - "http://localhost:8080/" "Mozilla/5.0 (Macintosh; Intel Mac OS X 10_10) AppleWebKit/600.1.25 (KHTML, like Gecko) Version/8.0 Safari/600.1.25"
0:0:0:0:0:0:0:1 -  -  [03/Dec/2014:05:26:10 +0000] "GET / HTTP/1.1" 302 - "http://localhost:8080/" "Mozilla/5.0 (Macintosh; Intel Mac OS X 10_10) AppleWebKit/600.1.25 (KHTML, like Gecko) Version/8.0 Safari/600.1.25"
0:0:0:0:0:0:0:1 -  -  [03/Dec/2014:05:26:10 +0000] "GET /inbox HTTP/1.1" 200 - "http://localhost:8080/" "Mozilla/5.0 (Macintosh; Intel Mac OS X 10_10) AppleWebKit/600.1.25 (KHTML, like Gecko) Version/8.0 Safari/600.1.25"
0:0:0:0:0:0:0:1 -  -  [03/Dec/2014:05:26:10 +0000] "GET /files/assets/js/bui.js HTTP/1.1" 200 1114465 "http://localhost:8080/inbox" "Mozilla/5.0 (Macintosh; Intel Mac OS X 10_10) AppleWebKit/600.1.25 (KHTML, like Gecko) Version/8.0 Safari/600.1.25"
0:0:0:0:0:0:0:1 -  -  [03/Dec/2014:05:26:10 +0000] "GET /files/main/showinbox.html HTTP/1.1" 304 - "http://localhost:8080/inbox" "Mozilla/5.0 (Macintosh; Intel Mac OS X 10_10) AppleWebKit/600.1.25 (KHTML, like Gecko) Version/8.0 Safari/600.1.25"
0:0:0:0:0:0:0:1 -  -  [03/Dec/2014:05:26:10 +0000] "GET /files/assets/js/jquery-1.8.1.min.js HTTP/1.1" 304 - "http://localhost:8080/inbox" "Mozilla/5.0 (Macintosh; Intel Mac OS X 10_10) AppleWebKit/600.1.25 (KHTML, like Gecko) Version/8.0 Safari/600.1.25"
0:0:0:0:0:0:0:1 -  -  [03/Dec/2014:05:26:10 +0000] "GET /showinbox HTTP/1.1" 200 - "http://localhost:8080/files/main/showinbox.html" "Mozilla/5.0 (Macintosh; Intel Mac OS X 10_10) AppleWebKit/600.1.25 (KHTML, like Gecko) Version/8.0 Safari/600.1.25"
0:0:0:0:0:0:0:1 -  -  [03/Dec/2014:05:26:11 +0000] "GET /files/assets/js/jquery-1.8.1.min.js HTTP/1.1" 304 - "http://localhost:8080/inbox" "Mozilla/5.0 (Macintosh; Intel Mac OS X 10_10) AppleWebKit/600.1.25 (KHTML, like Gecko) Version/8.0 Safari/600.1.25"
0:0:0:0:0:0:0:1 -  -  [03/Dec/2014:05:26:11 +0000] "GET /showoutbox?db=yes HTTP/1.1" 200 - "http://localhost:8080/files/main/outbox.html" "Mozilla/5.0 (Macintosh; Intel Mac OS X 10_10) AppleWebKit/600.1.25 (KHTML, like Gecko) Version/8.0 Safari/600.1.25"
0:0:0:0:0:0:0:1 -  -  [03/Dec/2014:05:26:13 +0000] "GET /files/assets/js/jquery-1.8.1.min.js HTTP/1.1" 304 - "http://localhost:8080/inbox" "Mozilla/5.0 (Macintosh; Intel Mac OS X 10_10) AppleWebKit/600.1.25 (KHTML, like Gecko) Version/8.0 Safari/600.1.25"
0:0:0:0:0:0:0:1 -  -  [03/Dec/2014:05:26:13 +0000] "GET /showinbox HTTP/1.1" 200 - "http://localhost:8080/files/main/showinbox.html" "Mozilla/5.0 (Macintosh; Intel Mac OS X 10_10) AppleWebKit/600.1.25 (KHTML, like Gecko) Version/8.0 Safari/600.1.25"
0:0:0:0:0:0:0:1 -  -  [03/Dec/2014:05:26:14 +0000] "GET /showInemail?mailid=GmailId14a0d8960904c2f0 HTTP/1.1" 200 - "http://localhost:8080/files/main/showinbox.html" "Mozilla/5.0 (Macintosh; Intel Mac OS X 10_10) AppleWebKit/600.1.25 (KHTML, like Gecko) Version/8.0 Safari/600.1.25"
0:0:0:0:0:0:0:1 -  -  [03/Dec/2014:05:26:19 +0000] "GET /files/assets/js/jquery-1.8.1.min.js HTTP/1.1" 304 - "http://localhost:8080/inbox" "Mozilla/5.0 (Macintosh; Intel Mac OS X 10_10) AppleWebKit/600.1.25 (KHTML, like Gecko) Version/8.0 Safari/600.1.25"
0:0:0:0:0:0:0:1 -  -  [03/Dec/2014:05:26:19 +0000] "GET /showoutbox?db=yes HTTP/1.1" 200 - "http://localhost:8080/files/main/outbox.html" "Mozilla/5.0 (Macintosh; Intel Mac OS X 10_10) AppleWebKit/600.1.25 (KHTML, like Gecko) Version/8.0 Safari/600.1.25"
0:0:0:0:0:0:0:1 -  -  [03/Dec/2014:05:26:20 +0000] "GET /showOutemail?mailid=2014/12/02%2016:08:39 HTTP/1.1" 200 - "http://localhost:8080/files/main/outbox.html" "Mozilla/5.0 (Macintosh; Intel Mac OS X 10_10) AppleWebKit/600.1.25 (KHTML, like Gecko) Version/8.0 Safari/600.1.25"
0:0:0:0:0:0:0:1 -  -  [03/Dec/2014:05:26:22 +0000] "GET /reply?id= HTTP/1.1" 200 - "http://localhost:8080/showOutemail?mailid=2014/12/02%2016:08:39" "Mozilla/5.0 (Macintosh; Intel Mac OS X 10_10) AppleWebKit/600.1.25 (KHTML, like Gecko) Version/8.0 Safari/600.1.25"
0:0:0:0:0:0:0:1 -  -  [03/Dec/2014:05:26:23 +0000] "GET /files/assets/js/jquery-1.8.1.min.js HTTP/1.1" 304 - "http://localhost:8080/inbox" "Mozilla/5.0 (Macintosh; Intel Mac OS X 10_10) AppleWebKit/600.1.25 (KHTML, like Gecko) Version/8.0 Safari/600.1.25"
0:0:0:0:0:0:0:1 -  -  [03/Dec/2014:05:26:23 +0000] "GET /showoutbox?db=yes HTTP/1.1" 200 - "http://localhost:8080/files/main/outbox.html" "Mozilla/5.0 (Macintosh; Intel Mac OS X 10_10) AppleWebKit/600.1.25 (KHTML, like Gecko) Version/8.0 Safari/600.1.25"
0:0:0:0:0:0:0:1 -  -  [03/Dec/2014:05:26:28 +0000] "GET /showOutemail?mailid=2014/12/02%2016:02:54 HTTP/1.1" 200 - "http://localhost:8080/files/main/outbox.html" "Mozilla/5.0 (Macintosh; Intel Mac OS X 10_10) AppleWebKit/600.1.25 (KHTML, like Gecko) Version/8.0 Safari/600.1.25"
0:0:0:0:0:0:0:1 -  -  [03/Dec/2014:05:26:30 +0000] "GET /forward?id= HTTP/1.1" 200 - "http://localhost:8080/showOutemail?mailid=2014/12/02%2016:02:54" "Mozilla/5.0 (Macintosh; Intel Mac OS X 10_10) AppleWebKit/600.1.25 (KHTML, like Gecko) Version/8.0 Safari/600.1.25"
0:0:0:0:0:0:0:1 -  -  [03/Dec/2014:05:26:31 +0000] "GET /files/assets/js/jquery-1.8.1.min.js HTTP/1.1" 304 - "http://localhost:8080/inbox" "Mozilla/5.0 (Macintosh; Intel Mac OS X 10_10) AppleWebKit/600.1.25 (KHTML, like Gecko) Version/8.0 Safari/600.1.25"
0:0:0:0:0:0:0:1 -  -  [03/Dec/2014:05:26:31 +0000] "GET /showoutbox?db=yes HTTP/1.1" 200 - "http://localhost:8080/files/main/outbox.html" "Mozilla/5.0 (Macintosh; Intel Mac OS X 10_10) AppleWebKit/600.1.25 (KHTML, like Gecko) Version/8.0 Safari/600.1.25"
0:0:0:0:0:0:0:1 -  -  [03/Dec/2014:05:26:35 +0000] "GET /files/assets/js/jquery-1.8.1.min.js HTTP/1.1" 304 - "http://localhost:8080/inbox" "Mozilla/5.0 (Macintosh; Intel Mac OS X 10_10) AppleWebKit/600.1.25 (KHTML, like Gecko) Version/8.0 Safari/600.1.25"
0:0:0:0:0:0:0:1 -  -  [03/Dec/2014:05:26:35 +0000] "GET /showinbox HTTP/1.1" 200 - "http://localhost:8080/files/main/showinbox.html" "Mozilla/5.0 (Macintosh; Intel Mac OS X 10_10) AppleWebKit/600.1.25 (KHTML, like Gecko) Version/8.0 Safari/600.1.25"
0:0:0:0:0:0:0:1 -  -  [03/Dec/2014:05:26:37 +0000] "GET /showInemail?mailid=GmailId14a0d8960904c2f0 HTTP/1.1" 200 - "http://localhost:8080/files/main/showinbox.html" "Mozilla/5.0 (Macintosh; Intel Mac OS X 10_10) AppleWebKit/600.1.25 (KHTML, like Gecko) Version/8.0 Safari/600.1.25"
0:0:0:0:0:0:0:1 -  -  [03/Dec/2014:05:26:47 +0000] "GET /reply?id=GmailId14a0d8960904c2f0 HTTP/1.1" 200 - "http://localhost:8080/showInemail?mailid=GmailId14a0d8960904c2f0" "Mozilla/5.0 (Macintosh; Intel Mac OS X 10_10) AppleWebKit/600.1.25 (KHTML, like Gecko) Version/8.0 Safari/600.1.25"
0:0:0:0:0:0:0:1 -  -  [03/Dec/2014:05:26:54 +0000] "POST /sendEmail HTTP/1.1" 302 - "http://localhost:8080/reply?id=GmailId14a0d8960904c2f0" "Mozilla/5.0 (Macintosh; Intel Mac OS X 10_10) AppleWebKit/600.1.25 (KHTML, like Gecko) Version/8.0 Safari/600.1.25"
0:0:0:0:0:0:0:1 -  -  [03/Dec/2014:05:26:55 +0000] "GET /files/main/outbox.html HTTP/1.1" 200 1996 "http://localhost:8080/reply?id=GmailId14a0d8960904c2f0" "Mozilla/5.0 (Macintosh; Intel Mac OS X 10_10) AppleWebKit/600.1.25 (KHTML, like Gecko) Version/8.0 Safari/600.1.25"
0:0:0:0:0:0:0:1 -  -  [03/Dec/2014:05:26:55 +0000] "GET /files/assets/js/jquery-1.8.1.min.js HTTP/1.1" 304 - "http://localhost:8080/inbox" "Mozilla/5.0 (Macintosh; Intel Mac OS X 10_10) AppleWebKit/600.1.25 (KHTML, like Gecko) Version/8.0 Safari/600.1.25"
0:0:0:0:0:0:0:1 -  -  [03/Dec/2014:05:26:55 +0000] "GET /showoutbox?db=yes HTTP/1.1" 200 - "http://localhost:8080/files/main/outbox.html" "Mozilla/5.0 (Macintosh; Intel Mac OS X 10_10) AppleWebKit/600.1.25 (KHTML, like Gecko) Version/8.0 Safari/600.1.25"
0:0:0:0:0:0:0:1 -  -  [03/Dec/2014:05:26:57 +0000] "GET /files/assets/js/jquery-1.8.1.min.js HTTP/1.1" 304 - "http://localhost:8080/inbox" "Mozilla/5.0 (Macintosh; Intel Mac OS X 10_10) AppleWebKit/600.1.25 (KHTML, like Gecko) Version/8.0 Safari/600.1.25"
0:0:0:0:0:0:0:1 -  -  [03/Dec/2014:05:26:57 +0000] "GET /showoutbox?db=yes HTTP/1.1" 200 - "http://localhost:8080/files/main/outbox.html" "Mozilla/5.0 (Macintosh; Intel Mac OS X 10_10) AppleWebKit/600.1.25 (KHTML, like Gecko) Version/8.0 Safari/600.1.25"
0:0:0:0:0:0:0:1 -  -  [03/Dec/2014:05:27:09 +0000] "GET /inbox HTTP/1.1" 200 - "http://localhost:8080/" "Mozilla/5.0 (Macintosh; Intel Mac OS X 10_10) AppleWebKit/600.1.25 (KHTML, like Gecko) Version/8.0 Safari/600.1.25"
0:0:0:0:0:0:0:1 -  -  [03/Dec/2014:05:27:09 +0000] "GET /files/assets/css/dpl-min.css HTTP/1.1" 304 - "http://localhost:8080/inbox" "Mozilla/5.0 (Macintosh; Intel Mac OS X 10_10) AppleWebKit/600.1.25 (KHTML, like Gecko) Version/8.0 Safari/600.1.25"
0:0:0:0:0:0:0:1 -  -  [03/Dec/2014:05:27:09 +0000] "GET /files/assets/css/bui-min.css HTTP/1.1" 304 - "http://localhost:8080/inbox" "Mozilla/5.0 (Macintosh; Intel Mac OS X 10_10) AppleWebKit/600.1.25 (KHTML, like Gecko) Version/8.0 Safari/600.1.25"
0:0:0:0:0:0:0:1 -  -  [03/Dec/2014:05:27:09 +0000] "GET /files/assets/js/bui.js HTTP/1.1" 304 - "http://localhost:8080/inbox" "Mozilla/5.0 (Macintosh; Intel Mac OS X 10_10) AppleWebKit/600.1.25 (KHTML, like Gecko) Version/8.0 Safari/600.1.25"
0:0:0:0:0:0:0:1 -  -  [03/Dec/2014:05:27:09 +0000] "GET /files/assets/js/config.js HTTP/1.1" 304 - "http://localhost:8080/inbox" "Mozilla/5.0 (Macintosh; Intel Mac OS X 10_10) AppleWebKit/600.1.25 (KHTML, like Gecko) Version/8.0 Safari/600.1.25"
0:0:0:0:0:0:0:1 -  -  [03/Dec/2014:05:27:09 +0000] "GET /files/assets/css/main-min.css HTTP/1.1" 304 - "http://localhost:8080/inbox" "Mozilla/5.0 (Macintosh; Intel Mac OS X 10_10) AppleWebKit/600.1.25 (KHTML, like Gecko) Version/8.0 Safari/600.1.25"
0:0:0:0:0:0:0:1 -  -  [03/Dec/2014:05:27:09 +0000] "GET /files/assets/js/jquery-1.8.1.min.js HTTP/1.1" 304 - "http://localhost:8080/inbox" "Mozilla/5.0 (Macintosh; Intel Mac OS X 10_10) AppleWebKit/600.1.25 (KHTML, like Gecko) Version/8.0 Safari/600.1.25"
0:0:0:0:0:0:0:1 -  -  [03/Dec/2014:05:27:09 +0000] "GET /files/assets/js/common/main-min.js HTTP/1.1" 304 - "http://localhost:8080/inbox" "Mozilla/5.0 (Macintosh; Intel Mac OS X 10_10) AppleWebKit/600.1.25 (KHTML, like Gecko) Version/8.0 Safari/600.1.25"
0:0:0:0:0:0:0:1 -  -  [03/Dec/2014:05:27:09 +0000] "GET /files/assets/js/jquery-1.8.1.min.js HTTP/1.1" 304 - "http://localhost:8080/inbox" "Mozilla/5.0 (Macintosh; Intel Mac OS X 10_10) AppleWebKit/600.1.25 (KHTML, like Gecko) Version/8.0 Safari/600.1.25"
0:0:0:0:0:0:0:1 -  -  [03/Dec/2014:05:27:09 +0000] "GET /showoutbox?db=yes HTTP/1.1" 200 - "http://localhost:8080/files/main/outbox.html" "Mozilla/5.0 (Macintosh; Intel Mac OS X 10_10) AppleWebKit/600.1.25 (KHTML, like Gecko) Version/8.0 Safari/600.1.25"
0:0:0:0:0:0:0:1 -  -  [03/Dec/2014:05:27:09 +0000] "GET /showinbox HTTP/1.1" 200 - "http://localhost:8080/files/main/showinbox.html" "Mozilla/5.0 (Macintosh; Intel Mac OS X 10_10) AppleWebKit/600.1.25 (KHTML, like Gecko) Version/8.0 Safari/600.1.25"
0:0:0:0:0:0:0:1 -  -  [03/Dec/2014:05:27:13 +0000] "GET /inbox HTTP/1.1" 302 - "http://localhost:8080/" "Mozilla/5.0 (Macintosh; Intel Mac OS X 10_10) AppleWebKit/600.1.25 (KHTML, like Gecko) Version/8.0 Safari/600.1.25"
0:0:0:0:0:0:0:1 -  -  [03/Dec/2014:05:27:13 +0000] "GET / HTTP/1.1" 200 - "http://localhost:8080/" "Mozilla/5.0 (Macintosh; Intel Mac OS X 10_10) AppleWebKit/600.1.25 (KHTML, like Gecko) Version/8.0 Safari/600.1.25"
0:0:0:0:0:0:0:1 -  -  [03/Dec/2014:05:27:13 +0000] "GET /favicon.ico HTTP/1.1" 302 - "http://localhost:8080/" "Mozilla/5.0 (Macintosh; Intel Mac OS X 10_10) AppleWebKit/600.1.25 (KHTML, like Gecko) Version/8.0 Safari/600.1.25"
0:0:0:0:0:0:0:1 -  -  [03/Dec/2014:05:27:13 +0000] "GET /files/error.html HTTP/1.1" 404 294 "http://localhost:8080/" "Mozilla/5.0 (Macintosh; Intel Mac OS X 10_10) AppleWebKit/600.1.25 (KHTML, like Gecko) Version/8.0 Safari/600.1.25"
0:0:0:0:0:0:0:1 -  -  [03/Dec/2014:05:27:16 +0000] "POST /doLogin HTTP/1.1" 302 - "http://localhost:8080/" "Mozilla/5.0 (Macintosh; Intel Mac OS X 10_10) AppleWebKit/600.1.25 (KHTML, like Gecko) Version/8.0 Safari/600.1.25"
0:0:0:0:0:0:0:1 -  -  [03/Dec/2014:05:27:16 +0000] "GET / HTTP/1.1" 302 - "http://localhost:8080/" "Mozilla/5.0 (Macintosh; Intel Mac OS X 10_10) AppleWebKit/600.1.25 (KHTML, like Gecko) Version/8.0 Safari/600.1.25"
0:0:0:0:0:0:0:1 -  -  [03/Dec/2014:05:27:16 +0000] "GET /inbox HTTP/1.1" 200 - "http://localhost:8080/" "Mozilla/5.0 (Macintosh; Intel Mac OS X 10_10) AppleWebKit/600.1.25 (KHTML, like Gecko) Version/8.0 Safari/600.1.25"
0:0:0:0:0:0:0:1 -  -  [03/Dec/2014:05:27:16 +0000] "GET /files/assets/css/main-min.css HTTP/1.1" 200 7835 "http://localhost:8080/inbox" "Mozilla/5.0 (Macintosh; Intel Mac OS X 10_10) AppleWebKit/600.1.25 (KHTML, like Gecko) Version/8.0 Safari/600.1.25"
0:0:0:0:0:0:0:1 -  -  [03/Dec/2014:05:27:16 +0000] "GET /files/assets/js/config.js HTTP/1.1" 200 1437 "http://localhost:8080/inbox" "Mozilla/5.0 (Macintosh; Intel Mac OS X 10_10) AppleWebKit/600.1.25 (KHTML, like Gecko) Version/8.0 Safari/600.1.25"
0:0:0:0:0:0:0:1 -  -  [03/Dec/2014:05:27:16 +0000] "GET /files/assets/css/dpl-min.css HTTP/1.1" 200 73873 "http://localhost:8080/inbox" "Mozilla/5.0 (Macintosh; Intel Mac OS X 10_10) AppleWebKit/600.1.25 (KHTML, like Gecko) Version/8.0 Safari/600.1.25"
0:0:0:0:0:0:0:1 -  -  [03/Dec/2014:05:27:16 +0000] "GET /files/assets/css/bui-min.css HTTP/1.1" 200 48745 "http://localhost:8080/inbox" "Mozilla/5.0 (Macintosh; Intel Mac OS X 10_10) AppleWebKit/600.1.25 (KHTML, like Gecko) Version/8.0 Safari/600.1.25"
0:0:0:0:0:0:0:1 -  -  [03/Dec/2014:05:27:16 +0000] "GET /files/assets/js/jquery-1.8.1.min.js HTTP/1.1" 200 92792 "http://localhost:8080/inbox" "Mozilla/5.0 (Macintosh; Intel Mac OS X 10_10) AppleWebKit/600.1.25 (KHTML, like Gecko) Version/8.0 Safari/600.1.25"
0:0:0:0:0:0:0:1 -  -  [03/Dec/2014:05:27:16 +0000] "GET /files/assets/js/bui.js HTTP/1.1" 200 1114465 "http://localhost:8080/inbox" "Mozilla/5.0 (Macintosh; Intel Mac OS X 10_10) AppleWebKit/600.1.25 (KHTML, like Gecko) Version/8.0 Safari/600.1.25"
0:0:0:0:0:0:0:1 -  -  [03/Dec/2014:05:27:16 +0000] "GET /files/assets/js/common/main-min.js HTTP/1.1" 200 8483 "http://localhost:8080/inbox" "Mozilla/5.0 (Macintosh; Intel Mac OS X 10_10) AppleWebKit/600.1.25 (KHTML, like Gecko) Version/8.0 Safari/600.1.25"
0:0:0:0:0:0:0:1 -  -  [03/Dec/2014:05:27:16 +0000] "GET /files/assets/img/icon-806-614.png HTTP/1.1" 200 8138 "http://localhost:8080/inbox" "Mozilla/5.0 (Macintosh; Intel Mac OS X 10_10) AppleWebKit/600.1.25 (KHTML, like Gecko) Version/8.0 Safari/600.1.25"
0:0:0:0:0:0:0:1 -  -  [03/Dec/2014:05:27:16 +0000] "GET /files/assets/img/main-nav-bg.png HTTP/1.1" 200 7414 "http://localhost:8080/inbox" "Mozilla/5.0 (Macintosh; Intel Mac OS X 10_10) AppleWebKit/600.1.25 (KHTML, like Gecko) Version/8.0 Safari/600.1.25"
0:0:0:0:0:0:0:1 -  -  [03/Dec/2014:05:27:16 +0000] "GET /files/assets/img/tab-140-120.gif HTTP/1.1" 200 5847 "http://localhost:8080/inbox" "Mozilla/5.0 (Macintosh; Intel Mac OS X 10_10) AppleWebKit/600.1.25 (KHTML, like Gecko) Version/8.0 Safari/600.1.25"
0:0:0:0:0:0:0:1 -  -  [03/Dec/2014:05:27:16 +0000] "GET /files/assets/img/menu-500-188.png HTTP/1.1" 200 1368 "http://localhost:8080/inbox" "Mozilla/5.0 (Macintosh; Intel Mac OS X 10_10) AppleWebKit/600.1.25 (KHTML, like Gecko) Version/8.0 Safari/600.1.25"
0:0:0:0:0:0:0:1 -  -  [03/Dec/2014:05:27:16 +0000] "GET /files/assets/img/left-slib.gif HTTP/1.1" 200 132 "http://localhost:8080/inbox" "Mozilla/5.0 (Macintosh; Intel Mac OS X 10_10) AppleWebKit/600.1.25 (KHTML, like Gecko) Version/8.0 Safari/600.1.25"
0:0:0:0:0:0:0:1 -  -  [03/Dec/2014:05:27:16 +0000] "GET /files/main/showinbox.html HTTP/1.1" 200 2354 "http://localhost:8080/inbox" "Mozilla/5.0 (Macintosh; Intel Mac OS X 10_10) AppleWebKit/600.1.25 (KHTML, like Gecko) Version/8.0 Safari/600.1.25"
0:0:0:0:0:0:0:1 -  -  [03/Dec/2014:05:27:16 +0000] "GET /files/assets/js/jquery-1.8.1.min.js HTTP/1.1" 304 - "http://localhost:8080/inbox" "Mozilla/5.0 (Macintosh; Intel Mac OS X 10_10) AppleWebKit/600.1.25 (KHTML, like Gecko) Version/8.0 Safari/600.1.25"
0:0:0:0:0:0:0:1 -  -  [03/Dec/2014:05:27:16 +0000] "GET /showinbox HTTP/1.1" 200 - "http://localhost:8080/files/main/showinbox.html" "Mozilla/5.0 (Macintosh; Intel Mac OS X 10_10) AppleWebKit/600.1.25 (KHTML, like Gecko) Version/8.0 Safari/600.1.25"
0:0:0:0:0:0:0:1 -  -  [03/Dec/2014:05:27:18 +0000] "GET /showInemail?mailid=GmailId14a0d8960904c2f0 HTTP/1.1" 200 - "http://localhost:8080/files/main/showinbox.html" "Mozilla/5.0 (Macintosh; Intel Mac OS X 10_10) AppleWebKit/600.1.25 (KHTML, like Gecko) Version/8.0 Safari/600.1.25"
0:0:0:0:0:0:0:1 -  -  [03/Dec/2014:05:27:21 +0000] "GET /reply?id=GmailId14a0d8960904c2f0 HTTP/1.1" 200 - "http://localhost:8080/showInemail?mailid=GmailId14a0d8960904c2f0" "Mozilla/5.0 (Macintosh; Intel Mac OS X 10_10) AppleWebKit/600.1.25 (KHTML, like Gecko) Version/8.0 Safari/600.1.25"
0:0:0:0:0:0:0:1 -  -  [03/Dec/2014:05:27:25 +0000] "POST /sendEmail HTTP/1.1" 302 - "http://localhost:8080/reply?id=GmailId14a0d8960904c2f0" "Mozilla/5.0 (Macintosh; Intel Mac OS X 10_10) AppleWebKit/600.1.25 (KHTML, like Gecko) Version/8.0 Safari/600.1.25"
0:0:0:0:0:0:0:1 -  -  [03/Dec/2014:05:27:27 +0000] "GET /files/main/outbox.html HTTP/1.1" 200 1996 "http://localhost:8080/reply?id=GmailId14a0d8960904c2f0" "Mozilla/5.0 (Macintosh; Intel Mac OS X 10_10) AppleWebKit/600.1.25 (KHTML, like Gecko) Version/8.0 Safari/600.1.25"
0:0:0:0:0:0:0:1 -  -  [03/Dec/2014:05:27:27 +0000] "GET /files/assets/js/jquery-1.8.1.min.js HTTP/1.1" 304 - "http://localhost:8080/inbox" "Mozilla/5.0 (Macintosh; Intel Mac OS X 10_10) AppleWebKit/600.1.25 (KHTML, like Gecko) Version/8.0 Safari/600.1.25"
0:0:0:0:0:0:0:1 -  -  [03/Dec/2014:05:27:27 +0000] "GET /showoutbox?db=yes HTTP/1.1" 200 - "http://localhost:8080/files/main/outbox.html" "Mozilla/5.0 (Macintosh; Intel Mac OS X 10_10) AppleWebKit/600.1.25 (KHTML, like Gecko) Version/8.0 Safari/600.1.25"
0:0:0:0:0:0:0:1 -  -  [03/Dec/2014:05:27:41 +0000] "GET /inbox HTTP/1.1" 200 - "http://localhost:8080/" "Mozilla/5.0 (Macintosh; Intel Mac OS X 10_10) AppleWebKit/600.1.25 (KHTML, like Gecko) Version/8.0 Safari/600.1.25"
0:0:0:0:0:0:0:1 -  -  [03/Dec/2014:05:27:41 +0000] "GET /files/assets/css/dpl-min.css HTTP/1.1" 304 - "http://localhost:8080/inbox" "Mozilla/5.0 (Macintosh; Intel Mac OS X 10_10) AppleWebKit/600.1.25 (KHTML, like Gecko) Version/8.0 Safari/600.1.25"
0:0:0:0:0:0:0:1 -  -  [03/Dec/2014:05:27:41 +0000] "GET /files/assets/css/bui-min.css HTTP/1.1" 304 - "http://localhost:8080/inbox" "Mozilla/5.0 (Macintosh; Intel Mac OS X 10_10) AppleWebKit/600.1.25 (KHTML, like Gecko) Version/8.0 Safari/600.1.25"
0:0:0:0:0:0:0:1 -  -  [03/Dec/2014:05:27:41 +0000] "GET /files/assets/css/main-min.css HTTP/1.1" 304 - "http://localhost:8080/inbox" "Mozilla/5.0 (Macintosh; Intel Mac OS X 10_10) AppleWebKit/600.1.25 (KHTML, like Gecko) Version/8.0 Safari/600.1.25"
0:0:0:0:0:0:0:1 -  -  [03/Dec/2014:05:27:41 +0000] "GET /files/assets/js/jquery-1.8.1.min.js HTTP/1.1" 304 - "http://localhost:8080/inbox" "Mozilla/5.0 (Macintosh; Intel Mac OS X 10_10) AppleWebKit/600.1.25 (KHTML, like Gecko) Version/8.0 Safari/600.1.25"
0:0:0:0:0:0:0:1 -  -  [03/Dec/2014:05:27:41 +0000] "GET /files/assets/js/bui.js HTTP/1.1" 304 - "http://localhost:8080/inbox" "Mozilla/5.0 (Macintosh; Intel Mac OS X 10_10) AppleWebKit/600.1.25 (KHTML, like Gecko) Version/8.0 Safari/600.1.25"
0:0:0:0:0:0:0:1 -  -  [03/Dec/2014:05:27:41 +0000] "GET /files/assets/js/config.js HTTP/1.1" 304 - "http://localhost:8080/inbox" "Mozilla/5.0 (Macintosh; Intel Mac OS X 10_10) AppleWebKit/600.1.25 (KHTML, like Gecko) Version/8.0 Safari/600.1.25"
0:0:0:0:0:0:0:1 -  -  [03/Dec/2014:05:27:41 +0000] "GET /files/assets/js/common/main-min.js HTTP/1.1" 304 - "http://localhost:8080/inbox" "Mozilla/5.0 (Macintosh; Intel Mac OS X 10_10) AppleWebKit/600.1.25 (KHTML, like Gecko) Version/8.0 Safari/600.1.25"
0:0:0:0:0:0:0:1 -  -  [03/Dec/2014:05:27:41 +0000] "GET /files/assets/js/jquery-1.8.1.min.js HTTP/1.1" 304 - "http://localhost:8080/inbox" "Mozilla/5.0 (Macintosh; Intel Mac OS X 10_10) AppleWebKit/600.1.25 (KHTML, like Gecko) Version/8.0 Safari/600.1.25"
0:0:0:0:0:0:0:1 -  -  [03/Dec/2014:05:27:41 +0000] "GET /showinbox HTTP/1.1" 200 - "http://localhost:8080/files/main/showinbox.html" "Mozilla/5.0 (Macintosh; Intel Mac OS X 10_10) AppleWebKit/600.1.25 (KHTML, like Gecko) Version/8.0 Safari/600.1.25"
0:0:0:0:0:0:0:1 -  -  [03/Dec/2014:05:27:44 +0000] "GET /showInemail?mailid=GmailId14a0d8960904c2f0 HTTP/1.1" 200 - "http://localhost:8080/files/main/showinbox.html" "Mozilla/5.0 (Macintosh; Intel Mac OS X 10_10) AppleWebKit/600.1.25 (KHTML, like Gecko) Version/8.0 Safari/600.1.25"
0:0:0:0:0:0:0:1 -  -  [03/Dec/2014:05:27:48 +0000] "GET /reply?id=GmailId14a0d8960904c2f0 HTTP/1.1" 200 - "http://localhost:8080/showInemail?mailid=GmailId14a0d8960904c2f0" "Mozilla/5.0 (Macintosh; Intel Mac OS X 10_10) AppleWebKit/600.1.25 (KHTML, like Gecko) Version/8.0 Safari/600.1.25"
0:0:0:0:0:0:0:1 -  -  [03/Dec/2014:05:27:53 +0000] "POST /sendEmail HTTP/1.1" 302 - "http://localhost:8080/reply?id=GmailId14a0d8960904c2f0" "Mozilla/5.0 (Macintosh; Intel Mac OS X 10_10) AppleWebKit/600.1.25 (KHTML, like Gecko) Version/8.0 Safari/600.1.25"
0:0:0:0:0:0:0:1 -  -  [03/Dec/2014:05:27:54 +0000] "GET /files/main/outbox.html HTTP/1.1" 200 1996 "http://localhost:8080/reply?id=GmailId14a0d8960904c2f0" "Mozilla/5.0 (Macintosh; Intel Mac OS X 10_10) AppleWebKit/600.1.25 (KHTML, like Gecko) Version/8.0 Safari/600.1.25"
0:0:0:0:0:0:0:1 -  -  [03/Dec/2014:05:27:54 +0000] "GET /files/assets/js/jquery-1.8.1.min.js HTTP/1.1" 304 - "http://localhost:8080/inbox" "Mozilla/5.0 (Macintosh; Intel Mac OS X 10_10) AppleWebKit/600.1.25 (KHTML, like Gecko) Version/8.0 Safari/600.1.25"
0:0:0:0:0:0:0:1 -  -  [03/Dec/2014:05:27:54 +0000] "GET /showoutbox?db=yes HTTP/1.1" 200 - "http://localhost:8080/files/main/outbox.html" "Mozilla/5.0 (Macintosh; Intel Mac OS X 10_10) AppleWebKit/600.1.25 (KHTML, like Gecko) Version/8.0 Safari/600.1.25"
0:0:0:0:0:0:0:1 -  -  [03/Dec/2014:05:28:21 +0000] "GET /inbox HTTP/1.1" 302 - "http://localhost:8080/" "Mozilla/5.0 (Macintosh; Intel Mac OS X 10_10) AppleWebKit/600.1.25 (KHTML, like Gecko) Version/8.0 Safari/600.1.25"
0:0:0:0:0:0:0:1 -  -  [03/Dec/2014:05:28:21 +0000] "GET / HTTP/1.1" 200 - "http://localhost:8080/" "Mozilla/5.0 (Macintosh; Intel Mac OS X 10_10) AppleWebKit/600.1.25 (KHTML, like Gecko) Version/8.0 Safari/600.1.25"
0:0:0:0:0:0:0:1 -  -  [03/Dec/2014:05:28:25 +0000] "POST /doLogin HTTP/1.1" 302 - "http://localhost:8080/" "Mozilla/5.0 (Macintosh; Intel Mac OS X 10_10) AppleWebKit/600.1.25 (KHTML, like Gecko) Version/8.0 Safari/600.1.25"
0:0:0:0:0:0:0:1 -  -  [03/Dec/2014:05:28:28 +0000] "GET / HTTP/1.1" 302 - "http://localhost:8080/" "Mozilla/5.0 (Macintosh; Intel Mac OS X 10_10) AppleWebKit/600.1.25 (KHTML, like Gecko) Version/8.0 Safari/600.1.25"
0:0:0:0:0:0:0:1 -  -  [03/Dec/2014:05:28:28 +0000] "GET /inbox HTTP/1.1" 200 - "http://localhost:8080/" "Mozilla/5.0 (Macintosh; Intel Mac OS X 10_10) AppleWebKit/600.1.25 (KHTML, like Gecko) Version/8.0 Safari/600.1.25"
0:0:0:0:0:0:0:1 -  -  [03/Dec/2014:05:28:28 +0000] "GET /files/assets/css/bui-min.css HTTP/1.1" 304 - "http://localhost:8080/inbox" "Mozilla/5.0 (Macintosh; Intel Mac OS X 10_10) AppleWebKit/600.1.25 (KHTML, like Gecko) Version/8.0 Safari/600.1.25"
0:0:0:0:0:0:0:1 -  -  [03/Dec/2014:05:28:28 +0000] "GET /files/assets/js/jquery-1.8.1.min.js HTTP/1.1" 304 - "http://localhost:8080/inbox" "Mozilla/5.0 (Macintosh; Intel Mac OS X 10_10) AppleWebKit/600.1.25 (KHTML, like Gecko) Version/8.0 Safari/600.1.25"
0:0:0:0:0:0:0:1 -  -  [03/Dec/2014:05:28:28 +0000] "GET /files/assets/css/main-min.css HTTP/1.1" 304 - "http://localhost:8080/inbox" "Mozilla/5.0 (Macintosh; Intel Mac OS X 10_10) AppleWebKit/600.1.25 (KHTML, like Gecko) Version/8.0 Safari/600.1.25"
0:0:0:0:0:0:0:1 -  -  [03/Dec/2014:05:28:28 +0000] "GET /files/assets/js/bui.js HTTP/1.1" 304 - "http://localhost:8080/inbox" "Mozilla/5.0 (Macintosh; Intel Mac OS X 10_10) AppleWebKit/600.1.25 (KHTML, like Gecko) Version/8.0 Safari/600.1.25"
0:0:0:0:0:0:0:1 -  -  [03/Dec/2014:05:28:28 +0000] "GET /files/assets/css/dpl-min.css HTTP/1.1" 304 - "http://localhost:8080/inbox" "Mozilla/5.0 (Macintosh; Intel Mac OS X 10_10) AppleWebKit/600.1.25 (KHTML, like Gecko) Version/8.0 Safari/600.1.25"
0:0:0:0:0:0:0:1 -  -  [03/Dec/2014:05:28:28 +0000] "GET /files/assets/js/config.js HTTP/1.1" 304 - "http://localhost:8080/inbox" "Mozilla/5.0 (Macintosh; Intel Mac OS X 10_10) AppleWebKit/600.1.25 (KHTML, like Gecko) Version/8.0 Safari/600.1.25"
0:0:0:0:0:0:0:1 -  -  [03/Dec/2014:05:28:28 +0000] "GET /files/assets/js/common/main-min.js HTTP/1.1" 304 - "http://localhost:8080/inbox" "Mozilla/5.0 (Macintosh; Intel Mac OS X 10_10) AppleWebKit/600.1.25 (KHTML, like Gecko) Version/8.0 Safari/600.1.25"
0:0:0:0:0:0:0:1 -  -  [03/Dec/2014:05:28:29 +0000] "GET /files/assets/js/jquery-1.8.1.min.js HTTP/1.1" 304 - "http://localhost:8080/inbox" "Mozilla/5.0 (Macintosh; Intel Mac OS X 10_10) AppleWebKit/600.1.25 (KHTML, like Gecko) Version/8.0 Safari/600.1.25"
0:0:0:0:0:0:0:1 -  -  [03/Dec/2014:05:28:29 +0000] "GET /showinbox HTTP/1.1" 200 - "http://localhost:8080/files/main/showinbox.html" "Mozilla/5.0 (Macintosh; Intel Mac OS X 10_10) AppleWebKit/600.1.25 (KHTML, like Gecko) Version/8.0 Safari/600.1.25"
0:0:0:0:0:0:0:1 -  -  [03/Dec/2014:05:28:33 +0000] "GET /files/main/write-menu.html HTTP/1.1" 200 2010 "http://localhost:8080/inbox" "Mozilla/5.0 (Macintosh; Intel Mac OS X 10_10) AppleWebKit/600.1.25 (KHTML, like Gecko) Version/8.0 Safari/600.1.25"
0:0:0:0:0:0:0:1 -  -  [03/Dec/2014:05:28:33 +0000] "GET /files/assets/js/jquery-1.8.1.min.js HTTP/1.1" 304 - "http://localhost:8080/inbox" "Mozilla/5.0 (Macintosh; Intel Mac OS X 10_10) AppleWebKit/600.1.25 (KHTML, like Gecko) Version/8.0 Safari/600.1.25"
0:0:0:0:0:0:0:1 -  -  [03/Dec/2014:05:28:33 +0000] "GET /showTo HTTP/1.1" 200 - "http://localhost:8080/files/main/write-menu.html" "Mozilla/5.0 (Macintosh; Intel Mac OS X 10_10) AppleWebKit/600.1.25 (KHTML, like Gecko) Version/8.0 Safari/600.1.25"
0:0:0:0:0:0:0:1 -  -  [03/Dec/2014:05:28:33 +0000] "GET /files/assets/js/jquery-1.8.1.min.js HTTP/1.1" 304 - "http://localhost:8080/inbox" "Mozilla/5.0 (Macintosh; Intel Mac OS X 10_10) AppleWebKit/600.1.25 (KHTML, like Gecko) Version/8.0 Safari/600.1.25"
0:0:0:0:0:0:0:1 -  -  [03/Dec/2014:05:28:33 +0000] "GET /showinbox HTTP/1.1" 200 - "http://localhost:8080/files/main/showinbox.html" "Mozilla/5.0 (Macintosh; Intel Mac OS X 10_10) AppleWebKit/600.1.25 (KHTML, like Gecko) Version/8.0 Safari/600.1.25"
0:0:0:0:0:0:0:1 -  -  [03/Dec/2014:05:28:34 +0000] "GET /showInemail?mailid=GmailId14a0d8960904c2f0 HTTP/1.1" 200 - "http://localhost:8080/files/main/showinbox.html" "Mozilla/5.0 (Macintosh; Intel Mac OS X 10_10) AppleWebKit/600.1.25 (KHTML, like Gecko) Version/8.0 Safari/600.1.25"
0:0:0:0:0:0:0:1 -  -  [03/Dec/2014:05:28:38 +0000] "GET /reply?id=GmailId14a0d8960904c2f0 HTTP/1.1" 200 - "http://localhost:8080/showInemail?mailid=GmailId14a0d8960904c2f0" "Mozilla/5.0 (Macintosh; Intel Mac OS X 10_10) AppleWebKit/600.1.25 (KHTML, like Gecko) Version/8.0 Safari/600.1.25"
0:0:0:0:0:0:0:1 -  -  [03/Dec/2014:05:30:06 +0000] "GET /inbox HTTP/1.1" 302 - "http://localhost:8080/" "Mozilla/5.0 (Macintosh; Intel Mac OS X 10_10) AppleWebKit/600.1.25 (KHTML, like Gecko) Version/8.0 Safari/600.1.25"
0:0:0:0:0:0:0:1 -  -  [03/Dec/2014:05:30:06 +0000] "GET / HTTP/1.1" 200 - "http://localhost:8080/" "Mozilla/5.0 (Macintosh; Intel Mac OS X 10_10) AppleWebKit/600.1.25 (KHTML, like Gecko) Version/8.0 Safari/600.1.25"
0:0:0:0:0:0:0:1 -  -  [03/Dec/2014:05:30:06 +0000] "GET /favicon.ico HTTP/1.1" 302 - "http://localhost:8080/" "Mozilla/5.0 (Macintosh; Intel Mac OS X 10_10) AppleWebKit/600.1.25 (KHTML, like Gecko) Version/8.0 Safari/600.1.25"
0:0:0:0:0:0:0:1 -  -  [03/Dec/2014:05:30:06 +0000] "GET /files/error.html HTTP/1.1" 404 294 "http://localhost:8080/" "Mozilla/5.0 (Macintosh; Intel Mac OS X 10_10) AppleWebKit/600.1.25 (KHTML, like Gecko) Version/8.0 Safari/600.1.25"
0:0:0:0:0:0:0:1 -  -  [03/Dec/2014:05:30:10 +0000] "POST /doLogin HTTP/1.1" 302 - "http://localhost:8080/" "Mozilla/5.0 (Macintosh; Intel Mac OS X 10_10) AppleWebKit/600.1.25 (KHTML, like Gecko) Version/8.0 Safari/600.1.25"
0:0:0:0:0:0:0:1 -  -  [03/Dec/2014:05:30:10 +0000] "GET / HTTP/1.1" 302 - "http://localhost:8080/" "Mozilla/5.0 (Macintosh; Intel Mac OS X 10_10) AppleWebKit/600.1.25 (KHTML, like Gecko) Version/8.0 Safari/600.1.25"
0:0:0:0:0:0:0:1 -  -  [03/Dec/2014:05:30:10 +0000] "GET /inbox HTTP/1.1" 200 - "http://localhost:8080/" "Mozilla/5.0 (Macintosh; Intel Mac OS X 10_10) AppleWebKit/600.1.25 (KHTML, like Gecko) Version/8.0 Safari/600.1.25"
0:0:0:0:0:0:0:1 -  -  [03/Dec/2014:05:30:10 +0000] "GET /files/assets/js/config.js HTTP/1.1" 200 1437 "http://localhost:8080/inbox" "Mozilla/5.0 (Macintosh; Intel Mac OS X 10_10) AppleWebKit/600.1.25 (KHTML, like Gecko) Version/8.0 Safari/600.1.25"
0:0:0:0:0:0:0:1 -  -  [03/Dec/2014:05:30:10 +0000] "GET /files/assets/css/main-min.css HTTP/1.1" 200 7835 "http://localhost:8080/inbox" "Mozilla/5.0 (Macintosh; Intel Mac OS X 10_10) AppleWebKit/600.1.25 (KHTML, like Gecko) Version/8.0 Safari/600.1.25"
0:0:0:0:0:0:0:1 -  -  [03/Dec/2014:05:30:10 +0000] "GET /files/assets/css/bui-min.css HTTP/1.1" 200 48745 "http://localhost:8080/inbox" "Mozilla/5.0 (Macintosh; Intel Mac OS X 10_10) AppleWebKit/600.1.25 (KHTML, like Gecko) Version/8.0 Safari/600.1.25"
0:0:0:0:0:0:0:1 -  -  [03/Dec/2014:05:30:10 +0000] "GET /files/assets/css/dpl-min.css HTTP/1.1" 200 73873 "http://localhost:8080/inbox" "Mozilla/5.0 (Macintosh; Intel Mac OS X 10_10) AppleWebKit/600.1.25 (KHTML, like Gecko) Version/8.0 Safari/600.1.25"
0:0:0:0:0:0:0:1 -  -  [03/Dec/2014:05:30:10 +0000] "GET /files/assets/js/jquery-1.8.1.min.js HTTP/1.1" 200 92792 "http://localhost:8080/inbox" "Mozilla/5.0 (Macintosh; Intel Mac OS X 10_10) AppleWebKit/600.1.25 (KHTML, like Gecko) Version/8.0 Safari/600.1.25"
0:0:0:0:0:0:0:1 -  -  [03/Dec/2014:05:30:10 +0000] "GET /files/assets/js/bui.js HTTP/1.1" 200 1114465 "http://localhost:8080/inbox" "Mozilla/5.0 (Macintosh; Intel Mac OS X 10_10) AppleWebKit/600.1.25 (KHTML, like Gecko) Version/8.0 Safari/600.1.25"
0:0:0:0:0:0:0:1 -  -  [03/Dec/2014:05:30:10 +0000] "GET /files/assets/js/common/main-min.js HTTP/1.1" 200 8483 "http://localhost:8080/inbox" "Mozilla/5.0 (Macintosh; Intel Mac OS X 10_10) AppleWebKit/600.1.25 (KHTML, like Gecko) Version/8.0 Safari/600.1.25"
0:0:0:0:0:0:0:1 -  -  [03/Dec/2014:05:30:10 +0000] "GET /files/assets/img/main-nav-bg.png HTTP/1.1" 200 7414 "http://localhost:8080/inbox" "Mozilla/5.0 (Macintosh; Intel Mac OS X 10_10) AppleWebKit/600.1.25 (KHTML, like Gecko) Version/8.0 Safari/600.1.25"
0:0:0:0:0:0:0:1 -  -  [03/Dec/2014:05:30:10 +0000] "GET /files/assets/img/icon-806-614.png HTTP/1.1" 200 8138 "http://localhost:8080/inbox" "Mozilla/5.0 (Macintosh; Intel Mac OS X 10_10) AppleWebKit/600.1.25 (KHTML, like Gecko) Version/8.0 Safari/600.1.25"
0:0:0:0:0:0:0:1 -  -  [03/Dec/2014:05:30:10 +0000] "GET /files/assets/img/tab-140-120.gif HTTP/1.1" 200 5847 "http://localhost:8080/inbox" "Mozilla/5.0 (Macintosh; Intel Mac OS X 10_10) AppleWebKit/600.1.25 (KHTML, like Gecko) Version/8.0 Safari/600.1.25"
0:0:0:0:0:0:0:1 -  -  [03/Dec/2014:05:30:10 +0000] "GET /files/assets/img/menu-500-188.png HTTP/1.1" 200 1368 "http://localhost:8080/inbox" "Mozilla/5.0 (Macintosh; Intel Mac OS X 10_10) AppleWebKit/600.1.25 (KHTML, like Gecko) Version/8.0 Safari/600.1.25"
0:0:0:0:0:0:0:1 -  -  [03/Dec/2014:05:30:10 +0000] "GET /files/assets/img/left-slib.gif HTTP/1.1" 200 132 "http://localhost:8080/inbox" "Mozilla/5.0 (Macintosh; Intel Mac OS X 10_10) AppleWebKit/600.1.25 (KHTML, like Gecko) Version/8.0 Safari/600.1.25"
0:0:0:0:0:0:0:1 -  -  [03/Dec/2014:05:30:10 +0000] "GET /files/main/showinbox.html HTTP/1.1" 200 2354 "http://localhost:8080/inbox" "Mozilla/5.0 (Macintosh; Intel Mac OS X 10_10) AppleWebKit/600.1.25 (KHTML, like Gecko) Version/8.0 Safari/600.1.25"
0:0:0:0:0:0:0:1 -  -  [03/Dec/2014:05:30:10 +0000] "GET /files/assets/js/jquery-1.8.1.min.js HTTP/1.1" 304 - "http://localhost:8080/inbox" "Mozilla/5.0 (Macintosh; Intel Mac OS X 10_10) AppleWebKit/600.1.25 (KHTML, like Gecko) Version/8.0 Safari/600.1.25"
0:0:0:0:0:0:0:1 -  -  [03/Dec/2014:05:30:10 +0000] "GET /showinbox HTTP/1.1" 200 - "http://localhost:8080/files/main/showinbox.html" "Mozilla/5.0 (Macintosh; Intel Mac OS X 10_10) AppleWebKit/600.1.25 (KHTML, like Gecko) Version/8.0 Safari/600.1.25"
0:0:0:0:0:0:0:1 -  -  [03/Dec/2014:05:30:12 +0000] "GET /showInemail?mailid=GmailId14a0d8960904c2f0 HTTP/1.1" 200 - "http://localhost:8080/files/main/showinbox.html" "Mozilla/5.0 (Macintosh; Intel Mac OS X 10_10) AppleWebKit/600.1.25 (KHTML, like Gecko) Version/8.0 Safari/600.1.25"
0:0:0:0:0:0:0:1 -  -  [03/Dec/2014:05:30:15 +0000] "GET /reply?id=GmailId14a0d8960904c2f0 HTTP/1.1" 200 - "http://localhost:8080/showInemail?mailid=GmailId14a0d8960904c2f0" "Mozilla/5.0 (Macintosh; Intel Mac OS X 10_10) AppleWebKit/600.1.25 (KHTML, like Gecko) Version/8.0 Safari/600.1.25"
0:0:0:0:0:0:0:1 -  -  [03/Dec/2014:05:30:19 +0000] "POST /sendEmail HTTP/1.1" 302 - "http://localhost:8080/reply?id=GmailId14a0d8960904c2f0" "Mozilla/5.0 (Macintosh; Intel Mac OS X 10_10) AppleWebKit/600.1.25 (KHTML, like Gecko) Version/8.0 Safari/600.1.25"
0:0:0:0:0:0:0:1 -  -  [03/Dec/2014:05:33:03 +0000] "GET /files/main/outbox.html HTTP/1.1" 200 1996 "http://localhost:8080/reply?id=GmailId14a0d8960904c2f0" "Mozilla/5.0 (Macintosh; Intel Mac OS X 10_10) AppleWebKit/600.1.25 (KHTML, like Gecko) Version/8.0 Safari/600.1.25"
0:0:0:0:0:0:0:1 -  -  [03/Dec/2014:05:33:03 +0000] "GET /files/assets/js/jquery-1.8.1.min.js HTTP/1.1" 304 - "http://localhost:8080/inbox" "Mozilla/5.0 (Macintosh; Intel Mac OS X 10_10) AppleWebKit/600.1.25 (KHTML, like Gecko) Version/8.0 Safari/600.1.25"
0:0:0:0:0:0:0:1 -  -  [03/Dec/2014:05:33:03 +0000] "GET /showoutbox?db=yes HTTP/1.1" 200 - "http://localhost:8080/files/main/outbox.html" "Mozilla/5.0 (Macintosh; Intel Mac OS X 10_10) AppleWebKit/600.1.25 (KHTML, like Gecko) Version/8.0 Safari/600.1.25"
0:0:0:0:0:0:0:1 -  -  [03/Dec/2014:05:33:06 +0000] "GET /files/assets/js/jquery-1.8.1.min.js HTTP/1.1" 304 - "http://localhost:8080/inbox" "Mozilla/5.0 (Macintosh; Intel Mac OS X 10_10) AppleWebKit/600.1.25 (KHTML, like Gecko) Version/8.0 Safari/600.1.25"
0:0:0:0:0:0:0:1 -  -  [03/Dec/2014:05:33:06 +0000] "GET /showoutbox?db=yes HTTP/1.1" 200 - "http://localhost:8080/files/main/outbox.html" "Mozilla/5.0 (Macintosh; Intel Mac OS X 10_10) AppleWebKit/600.1.25 (KHTML, like Gecko) Version/8.0 Safari/600.1.25"
0:0:0:0:0:0:0:1 -  -  [03/Dec/2014:05:33:07 +0000] "GET /showOutemail?mailid=2014/12/02%2021:33:03 HTTP/1.1" 200 - "http://localhost:8080/files/main/outbox.html" "Mozilla/5.0 (Macintosh; Intel Mac OS X 10_10) AppleWebKit/600.1.25 (KHTML, like Gecko) Version/8.0 Safari/600.1.25"
0:0:0:0:0:0:0:1 -  -  [03/Dec/2014:05:33:10 +0000] "GET /files/assets/js/jquery-1.8.1.min.js HTTP/1.1" 304 - "http://localhost:8080/inbox" "Mozilla/5.0 (Macintosh; Intel Mac OS X 10_10) AppleWebKit/600.1.25 (KHTML, like Gecko) Version/8.0 Safari/600.1.25"
0:0:0:0:0:0:0:1 -  -  [03/Dec/2014:05:33:10 +0000] "GET /showinbox HTTP/1.1" 200 - "http://localhost:8080/files/main/showinbox.html" "Mozilla/5.0 (Macintosh; Intel Mac OS X 10_10) AppleWebKit/600.1.25 (KHTML, like Gecko) Version/8.0 Safari/600.1.25"
0:0:0:0:0:0:0:1 -  -  [03/Dec/2014:05:33:55 +0000] "GET /showInemail?mailid=GmailId14a0d8960904c2f0 HTTP/1.1" 200 - "http://localhost:8080/files/main/showinbox.html" "Mozilla/5.0 (Macintosh; Intel Mac OS X 10_10) AppleWebKit/600.1.25 (KHTML, like Gecko) Version/8.0 Safari/600.1.25"
0:0:0:0:0:0:0:1 -  -  [03/Dec/2014:05:34:07 +0000] "GET /forward?id=GmailId14a0d8960904c2f0 HTTP/1.1" 200 - "http://localhost:8080/showInemail?mailid=GmailId14a0d8960904c2f0" "Mozilla/5.0 (Macintosh; Intel Mac OS X 10_10) AppleWebKit/600.1.25 (KHTML, like Gecko) Version/8.0 Safari/600.1.25"
0:0:0:0:0:0:0:1 -  -  [03/Dec/2014:05:34:25 +0000] "POST /sendEmail HTTP/1.1" 302 - "http://localhost:8080/forward?id=GmailId14a0d8960904c2f0" "Mozilla/5.0 (Macintosh; Intel Mac OS X 10_10) AppleWebKit/600.1.25 (KHTML, like Gecko) Version/8.0 Safari/600.1.25"
0:0:0:0:0:0:0:1 -  -  [03/Dec/2014:05:34:31 +0000] "GET /files/main/outbox.html HTTP/1.1" 200 1996 "http://localhost:8080/forward?id=GmailId14a0d8960904c2f0" "Mozilla/5.0 (Macintosh; Intel Mac OS X 10_10) AppleWebKit/600.1.25 (KHTML, like Gecko) Version/8.0 Safari/600.1.25"
0:0:0:0:0:0:0:1 -  -  [03/Dec/2014:05:34:31 +0000] "GET /files/assets/js/jquery-1.8.1.min.js HTTP/1.1" 304 - "http://localhost:8080/inbox" "Mozilla/5.0 (Macintosh; Intel Mac OS X 10_10) AppleWebKit/600.1.25 (KHTML, like Gecko) Version/8.0 Safari/600.1.25"
0:0:0:0:0:0:0:1 -  -  [03/Dec/2014:05:34:31 +0000] "GET /showoutbox?db=yes HTTP/1.1" 200 - "http://localhost:8080/files/main/outbox.html" "Mozilla/5.0 (Macintosh; Intel Mac OS X 10_10) AppleWebKit/600.1.25 (KHTML, like Gecko) Version/8.0 Safari/600.1.25"
0:0:0:0:0:0:0:1 -  -  [03/Dec/2014:05:34:33 +0000] "GET /files/assets/js/jquery-1.8.1.min.js HTTP/1.1" 304 - "http://localhost:8080/inbox" "Mozilla/5.0 (Macintosh; Intel Mac OS X 10_10) AppleWebKit/600.1.25 (KHTML, like Gecko) Version/8.0 Safari/600.1.25"
0:0:0:0:0:0:0:1 -  -  [03/Dec/2014:05:34:33 +0000] "GET /showoutbox?db=yes HTTP/1.1" 200 - "http://localhost:8080/files/main/outbox.html" "Mozilla/5.0 (Macintosh; Intel Mac OS X 10_10) AppleWebKit/600.1.25 (KHTML, like Gecko) Version/8.0 Safari/600.1.25"
0:0:0:0:0:0:0:1 -  -  [03/Dec/2014:05:34:35 +0000] "GET /files/assets/js/jquery-1.8.1.min.js HTTP/1.1" 304 - "http://localhost:8080/inbox" "Mozilla/5.0 (Macintosh; Intel Mac OS X 10_10) AppleWebKit/600.1.25 (KHTML, like Gecko) Version/8.0 Safari/600.1.25"
0:0:0:0:0:0:0:1 -  -  [03/Dec/2014:05:34:35 +0000] "GET /showinbox HTTP/1.1" 200 - "http://localhost:8080/files/main/showinbox.html" "Mozilla/5.0 (Macintosh; Intel Mac OS X 10_10) AppleWebKit/600.1.25 (KHTML, like Gecko) Version/8.0 Safari/600.1.25"
0:0:0:0:0:0:0:1 -  -  [03/Dec/2014:05:34:35 +0000] "GET /showinbox?db=yes HTTP/1.1" 200 - "http://localhost:8080/files/main/showinbox.html" "Mozilla/5.0 (Macintosh; Intel Mac OS X 10_10) AppleWebKit/600.1.25 (KHTML, like Gecko) Version/8.0 Safari/600.1.25"
0:0:0:0:0:0:0:1 -  -  [03/Dec/2014:05:34:46 +0000] "GET /showInemail?mailid=GmailId14a0ea48417d487b HTTP/1.1" 200 - "http://localhost:8080/files/main/showinbox.html" "Mozilla/5.0 (Macintosh; Intel Mac OS X 10_10) AppleWebKit/600.1.25 (KHTML, like Gecko) Version/8.0 Safari/600.1.25"
0:0:0:0:0:0:0:1 -  -  [03/Dec/2014:05:34:48 +0000] "GET /files/assets/js/jquery-1.8.1.min.js HTTP/1.1" 304 - "http://localhost:8080/inbox" "Mozilla/5.0 (Macintosh; Intel Mac OS X 10_10) AppleWebKit/600.1.25 (KHTML, like Gecko) Version/8.0 Safari/600.1.25"
0:0:0:0:0:0:0:1 -  -  [03/Dec/2014:05:34:48 +0000] "GET /showinbox HTTP/1.1" 200 - "http://localhost:8080/files/main/showinbox.html" "Mozilla/5.0 (Macintosh; Intel Mac OS X 10_10) AppleWebKit/600.1.25 (KHTML, like Gecko) Version/8.0 Safari/600.1.25"
0:0:0:0:0:0:0:1 -  -  [03/Dec/2014:05:35:03 +0000] "GET /files/assets/js/jquery-1.8.1.min.js HTTP/1.1" 304 - "http://localhost:8080/inbox" "Mozilla/5.0 (Macintosh; Intel Mac OS X 10_10) AppleWebKit/600.1.25 (KHTML, like Gecko) Version/8.0 Safari/600.1.25"
0:0:0:0:0:0:0:1 -  -  [03/Dec/2014:05:35:03 +0000] "GET /showoutbox?db=yes HTTP/1.1" 200 - "http://localhost:8080/files/main/outbox.html" "Mozilla/5.0 (Macintosh; Intel Mac OS X 10_10) AppleWebKit/600.1.25 (KHTML, like Gecko) Version/8.0 Safari/600.1.25"
0:0:0:0:0:0:0:1 -  -  [03/Dec/2014:05:35:04 +0000] "GET /files/assets/js/jquery-1.8.1.min.js HTTP/1.1" 304 - "http://localhost:8080/inbox" "Mozilla/5.0 (Macintosh; Intel Mac OS X 10_10) AppleWebKit/600.1.25 (KHTML, like Gecko) Version/8.0 Safari/600.1.25"
0:0:0:0:0:0:0:1 -  -  [03/Dec/2014:05:35:04 +0000] "GET /showinbox HTTP/1.1" 200 - "http://localhost:8080/files/main/showinbox.html" "Mozilla/5.0 (Macintosh; Intel Mac OS X 10_10) AppleWebKit/600.1.25 (KHTML, like Gecko) Version/8.0 Safari/600.1.25"
0:0:0:0:0:0:0:1 -  -  [03/Dec/2014:05:35:05 +0000] "GET /files/main/write-menu.html HTTP/1.1" 200 2010 "http://localhost:8080/inbox" "Mozilla/5.0 (Macintosh; Intel Mac OS X 10_10) AppleWebKit/600.1.25 (KHTML, like Gecko) Version/8.0 Safari/600.1.25"
0:0:0:0:0:0:0:1 -  -  [03/Dec/2014:05:35:05 +0000] "GET /files/assets/js/jquery-1.8.1.min.js HTTP/1.1" 304 - "http://localhost:8080/inbox" "Mozilla/5.0 (Macintosh; Intel Mac OS X 10_10) AppleWebKit/600.1.25 (KHTML, like Gecko) Version/8.0 Safari/600.1.25"
0:0:0:0:0:0:0:1 -  -  [03/Dec/2014:05:35:05 +0000] "GET /showTo HTTP/1.1" 200 - "http://localhost:8080/files/main/write-menu.html" "Mozilla/5.0 (Macintosh; Intel Mac OS X 10_10) AppleWebKit/600.1.25 (KHTML, like Gecko) Version/8.0 Safari/600.1.25"
0:0:0:0:0:0:0:1 -  -  [03/Dec/2014:05:35:07 +0000] "GET /files/assets/js/jquery-1.8.1.min.js HTTP/1.1" 304 - "http://localhost:8080/inbox" "Mozilla/5.0 (Macintosh; Intel Mac OS X 10_10) AppleWebKit/600.1.25 (KHTML, like Gecko) Version/8.0 Safari/600.1.25"
0:0:0:0:0:0:0:1 -  -  [03/Dec/2014:05:35:07 +0000] "GET /showoutbox?db=yes HTTP/1.1" 200 - "http://localhost:8080/files/main/outbox.html" "Mozilla/5.0 (Macintosh; Intel Mac OS X 10_10) AppleWebKit/600.1.25 (KHTML, like Gecko) Version/8.0 Safari/600.1.25"
0:0:0:0:0:0:0:1 -  -  [03/Dec/2014:05:35:24 +0000] "GET /files/main/second-menu.html HTTP/1.1" 200 707 "http://localhost:8080/inbox" "Mozilla/5.0 (Macintosh; Intel Mac OS X 10_10) AppleWebKit/600.1.25 (KHTML, like Gecko) Version/8.0 Safari/600.1.25"
0:0:0:0:0:0:0:1 -  -  [03/Dec/2014:05:35:24 +0000] "GET /files/assets/js/jquery-1.8.1.min.js HTTP/1.1" 304 - "http://localhost:8080/inbox" "Mozilla/5.0 (Macintosh; Intel Mac OS X 10_10) AppleWebKit/600.1.25 (KHTML, like Gecko) Version/8.0 Safari/600.1.25"
0:0:0:0:0:0:0:1 -  -  [03/Dec/2014:05:35:24 +0000] "GET /showTrash HTTP/1.1" 200 - "http://localhost:8080/files/main/second-menu.html" "Mozilla/5.0 (Macintosh; Intel Mac OS X 10_10) AppleWebKit/600.1.25 (KHTML, like Gecko) Version/8.0 Safari/600.1.25"
0:0:0:0:0:0:0:1 -  -  [03/Dec/2014:05:35:26 +0000] "GET /files/main/dyna-menu.html HTTP/1.1" 200 4082 "http://localhost:8080/inbox" "Mozilla/5.0 (Macintosh; Intel Mac OS X 10_10) AppleWebKit/600.1.25 (KHTML, like Gecko) Version/8.0 Safari/600.1.25"
0:0:0:0:0:0:0:1 -  -  [03/Dec/2014:05:35:26 +0000] "GET /files/assets/js/jquery-1.8.1.min.js HTTP/1.1" 304 - "http://localhost:8080/inbox" "Mozilla/5.0 (Macintosh; Intel Mac OS X 10_10) AppleWebKit/600.1.25 (KHTML, like Gecko) Version/8.0 Safari/600.1.25"
0:0:0:0:0:0:0:1 -  -  [03/Dec/2014:05:35:26 +0000] "GET /acountlist HTTP/1.1" 200 - "http://localhost:8080/files/main/dyna-menu.html" "Mozilla/5.0 (Macintosh; Intel Mac OS X 10_10) AppleWebKit/600.1.25 (KHTML, like Gecko) Version/8.0 Safari/600.1.25"
0:0:0:0:0:0:0:1 -  -  [03/Dec/2014:05:36:02 +0000] "GET /files/assets/js/jquery-1.8.1.min.js HTTP/1.1" 304 - "http://localhost:8080/inbox" "Mozilla/5.0 (Macintosh; Intel Mac OS X 10_10) AppleWebKit/600.1.25 (KHTML, like Gecko) Version/8.0 Safari/600.1.25"
0:0:0:0:0:0:0:1 -  -  [03/Dec/2014:05:36:02 +0000] "GET /showoutbox?db=yes HTTP/1.1" 200 - "http://localhost:8080/files/main/outbox.html" "Mozilla/5.0 (Macintosh; Intel Mac OS X 10_10) AppleWebKit/600.1.25 (KHTML, like Gecko) Version/8.0 Safari/600.1.25"
0:0:0:0:0:0:0:1 -  -  [03/Dec/2014:05:36:03 +0000] "GET /files/assets/js/jquery-1.8.1.min.js HTTP/1.1" 304 - "http://localhost:8080/inbox" "Mozilla/5.0 (Macintosh; Intel Mac OS X 10_10) AppleWebKit/600.1.25 (KHTML, like Gecko) Version/8.0 Safari/600.1.25"
0:0:0:0:0:0:0:1 -  -  [03/Dec/2014:05:36:03 +0000] "GET /showinbox HTTP/1.1" 200 - "http://localhost:8080/files/main/showinbox.html" "Mozilla/5.0 (Macintosh; Intel Mac OS X 10_10) AppleWebKit/600.1.25 (KHTML, like Gecko) Version/8.0 Safari/600.1.25"
0:0:0:0:0:0:0:1 -  -  [03/Dec/2014:05:36:04 +0000] "GET /files/assets/js/jquery-1.8.1.min.js HTTP/1.1" 304 - "http://localhost:8080/inbox" "Mozilla/5.0 (Macintosh; Intel Mac OS X 10_10) AppleWebKit/600.1.25 (KHTML, like Gecko) Version/8.0 Safari/600.1.25"
0:0:0:0:0:0:0:1 -  -  [03/Dec/2014:05:36:04 +0000] "GET /showTo HTTP/1.1" 200 - "http://localhost:8080/files/main/write-menu.html" "Mozilla/5.0 (Macintosh; Intel Mac OS X 10_10) AppleWebKit/600.1.25 (KHTML, like Gecko) Version/8.0 Safari/600.1.25"
0:0:0:0:0:0:0:1 -  -  [03/Dec/2014:05:36:05 +0000] "GET /files/assets/js/jquery-1.8.1.min.js HTTP/1.1" 304 - "http://localhost:8080/inbox" "Mozilla/5.0 (Macintosh; Intel Mac OS X 10_10) AppleWebKit/600.1.25 (KHTML, like Gecko) Version/8.0 Safari/600.1.25"
0:0:0:0:0:0:0:1 -  -  [03/Dec/2014:05:36:05 +0000] "GET /showinbox HTTP/1.1" 200 - "http://localhost:8080/files/main/showinbox.html" "Mozilla/5.0 (Macintosh; Intel Mac OS X 10_10) AppleWebKit/600.1.25 (KHTML, like Gecko) Version/8.0 Safari/600.1.25"
0:0:0:0:0:0:0:1 -  -  [03/Dec/2014:05:36:07 +0000] "GET /files/assets/js/jquery-1.8.1.min.js HTTP/1.1" 304 - "http://localhost:8080/inbox" "Mozilla/5.0 (Macintosh; Intel Mac OS X 10_10) AppleWebKit/600.1.25 (KHTML, like Gecko) Version/8.0 Safari/600.1.25"
0:0:0:0:0:0:0:1 -  -  [03/Dec/2014:05:36:07 +0000] "GET /showoutbox?db=yes HTTP/1.1" 200 - "http://localhost:8080/files/main/outbox.html" "Mozilla/5.0 (Macintosh; Intel Mac OS X 10_10) AppleWebKit/600.1.25 (KHTML, like Gecko) Version/8.0 Safari/600.1.25"
0:0:0:0:0:0:0:1 -  -  [03/Dec/2014:05:36:07 +0000] "GET /files/assets/js/jquery-1.8.1.min.js HTTP/1.1" 304 - "http://localhost:8080/inbox" "Mozilla/5.0 (Macintosh; Intel Mac OS X 10_10) AppleWebKit/600.1.25 (KHTML, like Gecko) Version/8.0 Safari/600.1.25"
0:0:0:0:0:0:0:1 -  -  [03/Dec/2014:05:36:07 +0000] "GET /showTrash HTTP/1.1" 200 - "http://localhost:8080/files/main/second-menu.html" "Mozilla/5.0 (Macintosh; Intel Mac OS X 10_10) AppleWebKit/600.1.25 (KHTML, like Gecko) Version/8.0 Safari/600.1.25"
0:0:0:0:0:0:0:1 -  -  [03/Dec/2014:05:36:08 +0000] "GET /files/assets/js/jquery-1.8.1.min.js HTTP/1.1" 304 - "http://localhost:8080/inbox" "Mozilla/5.0 (Macintosh; Intel Mac OS X 10_10) AppleWebKit/600.1.25 (KHTML, like Gecko) Version/8.0 Safari/600.1.25"
0:0:0:0:0:0:0:1 -  -  [03/Dec/2014:05:36:08 +0000] "GET /acountlist HTTP/1.1" 200 - "http://localhost:8080/files/main/dyna-menu.html" "Mozilla/5.0 (Macintosh; Intel Mac OS X 10_10) AppleWebKit/600.1.25 (KHTML, like Gecko) Version/8.0 Safari/600.1.25"
0:0:0:0:0:0:0:1 -  -  [03/Dec/2014:05:36:51 +0000] "GET /files/assets/js/jquery-1.8.1.min.js HTTP/1.1" 304 - "http://localhost:8080/inbox" "Mozilla/5.0 (Macintosh; Intel Mac OS X 10_10) AppleWebKit/600.1.25 (KHTML, like Gecko) Version/8.0 Safari/600.1.25"
0:0:0:0:0:0:0:1 -  -  [03/Dec/2014:05:36:51 +0000] "GET /showTo HTTP/1.1" 200 - "http://localhost:8080/files/main/write-menu.html" "Mozilla/5.0 (Macintosh; Intel Mac OS X 10_10) AppleWebKit/600.1.25 (KHTML, like Gecko) Version/8.0 Safari/600.1.25"
0:0:0:0:0:0:0:1 -  -  [03/Dec/2014:05:36:52 +0000] "GET /files/assets/js/jquery-1.8.1.min.js HTTP/1.1" 304 - "http://localhost:8080/inbox" "Mozilla/5.0 (Macintosh; Intel Mac OS X 10_10) AppleWebKit/600.1.25 (KHTML, like Gecko) Version/8.0 Safari/600.1.25"
0:0:0:0:0:0:0:1 -  -  [03/Dec/2014:05:36:52 +0000] "GET /showTo HTTP/1.1" 200 - "http://localhost:8080/files/main/write-menu.html" "Mozilla/5.0 (Macintosh; Intel Mac OS X 10_10) AppleWebKit/600.1.25 (KHTML, like Gecko) Version/8.0 Safari/600.1.25"
0:0:0:0:0:0:0:1 -  -  [03/Dec/2014:05:36:53 +0000] "GET /files/assets/js/jquery-1.8.1.min.js HTTP/1.1" 304 - "http://localhost:8080/inbox" "Mozilla/5.0 (Macintosh; Intel Mac OS X 10_10) AppleWebKit/600.1.25 (KHTML, like Gecko) Version/8.0 Safari/600.1.25"
0:0:0:0:0:0:0:1 -  -  [03/Dec/2014:05:36:53 +0000] "GET /showinbox HTTP/1.1" 200 - "http://localhost:8080/files/main/showinbox.html" "Mozilla/5.0 (Macintosh; Intel Mac OS X 10_10) AppleWebKit/600.1.25 (KHTML, like Gecko) Version/8.0 Safari/600.1.25"
0:0:0:0:0:0:0:1 -  -  [03/Dec/2014:05:36:54 +0000] "GET /files/assets/js/jquery-1.8.1.min.js HTTP/1.1" 304 - "http://localhost:8080/inbox" "Mozilla/5.0 (Macintosh; Intel Mac OS X 10_10) AppleWebKit/600.1.25 (KHTML, like Gecko) Version/8.0 Safari/600.1.25"
0:0:0:0:0:0:0:1 -  -  [03/Dec/2014:05:36:54 +0000] "GET /showoutbox?db=yes HTTP/1.1" 200 - "http://localhost:8080/files/main/outbox.html" "Mozilla/5.0 (Macintosh; Intel Mac OS X 10_10) AppleWebKit/600.1.25 (KHTML, like Gecko) Version/8.0 Safari/600.1.25"
0:0:0:0:0:0:0:1 -  -  [03/Dec/2014:05:36:55 +0000] "GET /files/assets/js/jquery-1.8.1.min.js HTTP/1.1" 304 - "http://localhost:8080/inbox" "Mozilla/5.0 (Macintosh; Intel Mac OS X 10_10) AppleWebKit/600.1.25 (KHTML, like Gecko) Version/8.0 Safari/600.1.25"
0:0:0:0:0:0:0:1 -  -  [03/Dec/2014:05:36:55 +0000] "GET /showTrash HTTP/1.1" 200 - "http://localhost:8080/files/main/second-menu.html" "Mozilla/5.0 (Macintosh; Intel Mac OS X 10_10) AppleWebKit/600.1.25 (KHTML, like Gecko) Version/8.0 Safari/600.1.25"
0:0:0:0:0:0:0:1 -  -  [03/Dec/2014:05:36:56 +0000] "GET /files/assets/js/jquery-1.8.1.min.js HTTP/1.1" 304 - "http://localhost:8080/inbox" "Mozilla/5.0 (Macintosh; Intel Mac OS X 10_10) AppleWebKit/600.1.25 (KHTML, like Gecko) Version/8.0 Safari/600.1.25"
0:0:0:0:0:0:0:1 -  -  [03/Dec/2014:05:36:56 +0000] "GET /acountlist HTTP/1.1" 200 - "http://localhost:8080/files/main/dyna-menu.html" "Mozilla/5.0 (Macintosh; Intel Mac OS X 10_10) AppleWebKit/600.1.25 (KHTML, like Gecko) Version/8.0 Safari/600.1.25"
0:0:0:0:0:0:0:1 -  -  [03/Dec/2014:05:36:59 +0000] "GET /files/assets/js/jquery-1.8.1.min.js HTTP/1.1" 304 - "http://localhost:8080/inbox" "Mozilla/5.0 (Macintosh; Intel Mac OS X 10_10) AppleWebKit/600.1.25 (KHTML, like Gecko) Version/8.0 Safari/600.1.25"
0:0:0:0:0:0:0:1 -  -  [03/Dec/2014:05:36:59 +0000] "GET /showTo HTTP/1.1" 200 - "http://localhost:8080/files/main/write-menu.html" "Mozilla/5.0 (Macintosh; Intel Mac OS X 10_10) AppleWebKit/600.1.25 (KHTML, like Gecko) Version/8.0 Safari/600.1.25"
0:0:0:0:0:0:0:1 -  -  [03/Dec/2014:05:37:00 +0000] "GET /files/assets/js/jquery-1.8.1.min.js HTTP/1.1" 304 - "http://localhost:8080/inbox" "Mozilla/5.0 (Macintosh; Intel Mac OS X 10_10) AppleWebKit/600.1.25 (KHTML, like Gecko) Version/8.0 Safari/600.1.25"
0:0:0:0:0:0:0:1 -  -  [03/Dec/2014:05:37:00 +0000] "GET /showinbox HTTP/1.1" 200 - "http://localhost:8080/files/main/showinbox.html" "Mozilla/5.0 (Macintosh; Intel Mac OS X 10_10) AppleWebKit/600.1.25 (KHTML, like Gecko) Version/8.0 Safari/600.1.25"
0:0:0:0:0:0:0:1 -  -  [03/Dec/2014:05:37:02 +0000] "GET /showinbox?start=2&col=null&text=null HTTP/1.1" 200 - "http://localhost:8080/files/main/showinbox.html" "Mozilla/5.0 (Macintosh; Intel Mac OS X 10_10) AppleWebKit/600.1.25 (KHTML, like Gecko) Version/8.0 Safari/600.1.25"
0:0:0:0:0:0:0:1 -  -  [03/Dec/2014:05:37:04 +0000] "GET /files/assets/js/jquery-1.8.1.min.js HTTP/1.1" 304 - "http://localhost:8080/inbox" "Mozilla/5.0 (Macintosh; Intel Mac OS X 10_10) AppleWebKit/600.1.25 (KHTML, like Gecko) Version/8.0 Safari/600.1.25"
0:0:0:0:0:0:0:1 -  -  [03/Dec/2014:05:37:04 +0000] "GET /showinbox HTTP/1.1" 200 - "http://localhost:8080/files/main/showinbox.html" "Mozilla/5.0 (Macintosh; Intel Mac OS X 10_10) AppleWebKit/600.1.25 (KHTML, like Gecko) Version/8.0 Safari/600.1.25"
0:0:0:0:0:0:0:1 -  -  [03/Dec/2014:05:37:15 +0000] "GET /showinbox?col=mailto&text=83 HTTP/1.1" 200 - "http://localhost:8080/files/main/showinbox.html" "Mozilla/5.0 (Macintosh; Intel Mac OS X 10_10) AppleWebKit/600.1.25 (KHTML, like Gecko) Version/8.0 Safari/600.1.25"
0:0:0:0:0:0:0:1 -  -  [03/Dec/2014:05:37:17 +0000] "GET /files/assets/js/jquery-1.8.1.min.js HTTP/1.1" 304 - "http://localhost:8080/inbox" "Mozilla/5.0 (Macintosh; Intel Mac OS X 10_10) AppleWebKit/600.1.25 (KHTML, like Gecko) Version/8.0 Safari/600.1.25"
0:0:0:0:0:0:0:1 -  -  [03/Dec/2014:05:37:17 +0000] "GET /showoutbox?db=yes HTTP/1.1" 200 - "http://localhost:8080/files/main/outbox.html" "Mozilla/5.0 (Macintosh; Intel Mac OS X 10_10) AppleWebKit/600.1.25 (KHTML, like Gecko) Version/8.0 Safari/600.1.25"
0:0:0:0:0:0:0:1 -  -  [03/Dec/2014:05:37:24 +0000] "GET /files/assets/js/jquery-1.8.1.min.js HTTP/1.1" 304 - "http://localhost:8080/inbox" "Mozilla/5.0 (Macintosh; Intel Mac OS X 10_10) AppleWebKit/600.1.25 (KHTML, like Gecko) Version/8.0 Safari/600.1.25"
0:0:0:0:0:0:0:1 -  -  [03/Dec/2014:05:37:24 +0000] "GET /showinbox HTTP/1.1" 200 - "http://localhost:8080/files/main/showinbox.html" "Mozilla/5.0 (Macintosh; Intel Mac OS X 10_10) AppleWebKit/600.1.25 (KHTML, like Gecko) Version/8.0 Safari/600.1.25"
0:0:0:0:0:0:0:1 -  -  [03/Dec/2014:05:37:28 +0000] "GET /showinbox?col=mailfrom&text=83 HTTP/1.1" 200 - "http://localhost:8080/files/main/showinbox.html" "Mozilla/5.0 (Macintosh; Intel Mac OS X 10_10) AppleWebKit/600.1.25 (KHTML, like Gecko) Version/8.0 Safari/600.1.25"
0:0:0:0:0:0:0:1 -  -  [03/Dec/2014:05:37:32 +0000] "GET /showInemail?mailid=GmailId14a0d8960904c2f0 HTTP/1.1" 200 - "http://localhost:8080/files/main/showinbox.html" "Mozilla/5.0 (Macintosh; Intel Mac OS X 10_10) AppleWebKit/600.1.25 (KHTML, like Gecko) Version/8.0 Safari/600.1.25"
0:0:0:0:0:0:0:1 -  -  [03/Dec/2014:05:37:38 +0000] "GET /files/assets/js/jquery-1.8.1.min.js HTTP/1.1" 304 - "http://localhost:8080/inbox" "Mozilla/5.0 (Macintosh; Intel Mac OS X 10_10) AppleWebKit/600.1.25 (KHTML, like Gecko) Version/8.0 Safari/600.1.25"
0:0:0:0:0:0:0:1 -  -  [03/Dec/2014:05:37:38 +0000] "GET /showinbox HTTP/1.1" 200 - "http://localhost:8080/files/main/showinbox.html" "Mozilla/5.0 (Macintosh; Intel Mac OS X 10_10) AppleWebKit/600.1.25 (KHTML, like Gecko) Version/8.0 Safari/600.1.25"
0:0:0:0:0:0:0:1 -  -  [03/Dec/2014:05:37:41 +0000] "GET /showinbox?col=mailto&text=u HTTP/1.1" 200 - "http://localhost:8080/files/main/showinbox.html" "Mozilla/5.0 (Macintosh; Intel Mac OS X 10_10) AppleWebKit/600.1.25 (KHTML, like Gecko) Version/8.0 Safari/600.1.25"
0:0:0:0:0:0:0:1 -  -  [03/Dec/2014:05:37:47 +0000] "GET /showinbox?col=mailto&text=u HTTP/1.1" 200 - "http://localhost:8080/files/main/showinbox.html" "Mozilla/5.0 (Macintosh; Intel Mac OS X 10_10) AppleWebKit/600.1.25 (KHTML, like Gecko) Version/8.0 Safari/600.1.25"
0:0:0:0:0:0:0:1 -  -  [03/Dec/2014:05:38:24 +0000] "GET /showinbox?col=subject&text=t HTTP/1.1" 200 - "http://localhost:8080/files/main/showinbox.html" "Mozilla/5.0 (Macintosh; Intel Mac OS X 10_10) AppleWebKit/600.1.25 (KHTML, like Gecko) Version/8.0 Safari/600.1.25"
0:0:0:0:0:0:0:1 -  -  [03/Dec/2014:05:38:28 +0000] "GET /showinbox?sortby=subject HTTP/1.1" 200 - "http://localhost:8080/files/main/showinbox.html" "Mozilla/5.0 (Macintosh; Intel Mac OS X 10_10) AppleWebKit/600.1.25 (KHTML, like Gecko) Version/8.0 Safari/600.1.25"
0:0:0:0:0:0:0:1 -  -  [03/Dec/2014:05:38:29 +0000] "GET /showInemail?mailid=GmailId14a0a445d3b67ab9 HTTP/1.1" 200 - "http://localhost:8080/files/main/showinbox.html" "Mozilla/5.0 (Macintosh; Intel Mac OS X 10_10) AppleWebKit/600.1.25 (KHTML, like Gecko) Version/8.0 Safari/600.1.25"
0:0:0:0:0:0:0:1 -  -  [03/Dec/2014:05:38:31 +0000] "GET /files/assets/js/jquery-1.8.1.min.js HTTP/1.1" 304 - "http://localhost:8080/inbox" "Mozilla/5.0 (Macintosh; Intel Mac OS X 10_10) AppleWebKit/600.1.25 (KHTML, like Gecko) Version/8.0 Safari/600.1.25"
0:0:0:0:0:0:0:1 -  -  [03/Dec/2014:05:38:31 +0000] "GET /showoutbox?db=yes HTTP/1.1" 200 - "http://localhost:8080/files/main/outbox.html" "Mozilla/5.0 (Macintosh; Intel Mac OS X 10_10) AppleWebKit/600.1.25 (KHTML, like Gecko) Version/8.0 Safari/600.1.25"
0:0:0:0:0:0:0:1 -  -  [03/Dec/2014:05:38:32 +0000] "GET /files/assets/js/jquery-1.8.1.min.js HTTP/1.1" 304 - "http://localhost:8080/inbox" "Mozilla/5.0 (Macintosh; Intel Mac OS X 10_10) AppleWebKit/600.1.25 (KHTML, like Gecko) Version/8.0 Safari/600.1.25"
0:0:0:0:0:0:0:1 -  -  [03/Dec/2014:05:38:32 +0000] "GET /showinbox HTTP/1.1" 200 - "http://localhost:8080/files/main/showinbox.html" "Mozilla/5.0 (Macintosh; Intel Mac OS X 10_10) AppleWebKit/600.1.25 (KHTML, like Gecko) Version/8.0 Safari/600.1.25"
0:0:0:0:0:0:0:1 -  -  [03/Dec/2014:05:38:37 +0000] "GET /files/assets/js/jquery-1.8.1.min.js HTTP/1.1" 304 - "http://localhost:8080/inbox" "Mozilla/5.0 (Macintosh; Intel Mac OS X 10_10) AppleWebKit/600.1.25 (KHTML, like Gecko) Version/8.0 Safari/600.1.25"
0:0:0:0:0:0:0:1 -  -  [03/Dec/2014:05:38:37 +0000] "GET /showoutbox?db=yes HTTP/1.1" 200 - "http://localhost:8080/files/main/outbox.html" "Mozilla/5.0 (Macintosh; Intel Mac OS X 10_10) AppleWebKit/600.1.25 (KHTML, like Gecko) Version/8.0 Safari/600.1.25"
0:0:0:0:0:0:0:1 -  -  [03/Dec/2014:05:38:38 +0000] "GET /files/assets/js/jquery-1.8.1.min.js HTTP/1.1" 304 - "http://localhost:8080/inbox" "Mozilla/5.0 (Macintosh; Intel Mac OS X 10_10) AppleWebKit/600.1.25 (KHTML, like Gecko) Version/8.0 Safari/600.1.25"
0:0:0:0:0:0:0:1 -  -  [03/Dec/2014:05:38:38 +0000] "GET /showTrash HTTP/1.1" 200 - "http://localhost:8080/files/main/second-menu.html" "Mozilla/5.0 (Macintosh; Intel Mac OS X 10_10) AppleWebKit/600.1.25 (KHTML, like Gecko) Version/8.0 Safari/600.1.25"
0:0:0:0:0:0:0:1 -  -  [03/Dec/2014:05:38:38 +0000] "GET /files/assets/js/jquery-1.8.1.min.js HTTP/1.1" 304 - "http://localhost:8080/inbox" "Mozilla/5.0 (Macintosh; Intel Mac OS X 10_10) AppleWebKit/600.1.25 (KHTML, like Gecko) Version/8.0 Safari/600.1.25"
0:0:0:0:0:0:0:1 -  -  [03/Dec/2014:05:38:38 +0000] "GET /acountlist HTTP/1.1" 200 - "http://localhost:8080/files/main/dyna-menu.html" "Mozilla/5.0 (Macintosh; Intel Mac OS X 10_10) AppleWebKit/600.1.25 (KHTML, like Gecko) Version/8.0 Safari/600.1.25"
0:0:0:0:0:0:0:1 -  -  [03/Dec/2014:05:38:39 +0000] "GET /files/assets/js/jquery-1.8.1.min.js HTTP/1.1" 304 - "http://localhost:8080/inbox" "Mozilla/5.0 (Macintosh; Intel Mac OS X 10_10) AppleWebKit/600.1.25 (KHTML, like Gecko) Version/8.0 Safari/600.1.25"
0:0:0:0:0:0:0:1 -  -  [03/Dec/2014:05:38:39 +0000] "GET /showTo HTTP/1.1" 200 - "http://localhost:8080/files/main/write-menu.html" "Mozilla/5.0 (Macintosh; Intel Mac OS X 10_10) AppleWebKit/600.1.25 (KHTML, like Gecko) Version/8.0 Safari/600.1.25"
0:0:0:0:0:0:0:1 -  -  [03/Dec/2014:05:38:40 +0000] "GET /files/assets/js/jquery-1.8.1.min.js HTTP/1.1" 304 - "http://localhost:8080/inbox" "Mozilla/5.0 (Macintosh; Intel Mac OS X 10_10) AppleWebKit/600.1.25 (KHTML, like Gecko) Version/8.0 Safari/600.1.25"
0:0:0:0:0:0:0:1 -  -  [03/Dec/2014:05:38:40 +0000] "GET /showinbox HTTP/1.1" 200 - "http://localhost:8080/files/main/showinbox.html" "Mozilla/5.0 (Macintosh; Intel Mac OS X 10_10) AppleWebKit/600.1.25 (KHTML, like Gecko) Version/8.0 Safari/600.1.25"
0:0:0:0:0:0:0:1 -  -  [03/Dec/2014:05:38:46 +0000] "GET /showinbox?start=2&col=null&text=null HTTP/1.1" 200 - "http://localhost:8080/files/main/showinbox.html" "Mozilla/5.0 (Macintosh; Intel Mac OS X 10_10) AppleWebKit/600.1.25 (KHTML, like Gecko) Version/8.0 Safari/600.1.25"
0:0:0:0:0:0:0:1 -  -  [03/Dec/2014:05:38:47 +0000] "GET /showinbox?start=3&col=null&text=null HTTP/1.1" 200 - "http://localhost:8080/showinbox?start=2&col=null&text=null" "Mozilla/5.0 (Macintosh; Intel Mac OS X 10_10) AppleWebKit/600.1.25 (KHTML, like Gecko) Version/8.0 Safari/600.1.25"
0:0:0:0:0:0:0:1 -  -  [03/Dec/2014:05:38:48 +0000] "GET /showinbox?start=4&col=null&text=null HTTP/1.1" 200 - "http://localhost:8080/showinbox?start=3&col=null&text=null" "Mozilla/5.0 (Macintosh; Intel Mac OS X 10_10) AppleWebKit/600.1.25 (KHTML, like Gecko) Version/8.0 Safari/600.1.25"
0:0:0:0:0:0:0:1 -  -  [03/Dec/2014:05:38:48 +0000] "GET /showinbox?start=5&col=null&text=null HTTP/1.1" 200 - "http://localhost:8080/showinbox?start=4&col=null&text=null" "Mozilla/5.0 (Macintosh; Intel Mac OS X 10_10) AppleWebKit/600.1.25 (KHTML, like Gecko) Version/8.0 Safari/600.1.25"
0:0:0:0:0:0:0:1 -  -  [03/Dec/2014:05:38:49 +0000] "GET /showinbox?start=6&col=null&text=null HTTP/1.1" 200 - "http://localhost:8080/showinbox?start=5&col=null&text=null" "Mozilla/5.0 (Macintosh; Intel Mac OS X 10_10) AppleWebKit/600.1.25 (KHTML, like Gecko) Version/8.0 Safari/600.1.25"
0:0:0:0:0:0:0:1 -  -  [03/Dec/2014:05:38:50 +0000] "GET /showinbox?start=7&col=null&text=null HTTP/1.1" 200 - "http://localhost:8080/showinbox?start=6&col=null&text=null" "Mozilla/5.0 (Macintosh; Intel Mac OS X 10_10) AppleWebKit/600.1.25 (KHTML, like Gecko) Version/8.0 Safari/600.1.25"
0:0:0:0:0:0:0:1 -  -  [03/Dec/2014:05:38:51 +0000] "GET /showinbox?start=8&col=null&text=null HTTP/1.1" 200 - "http://localhost:8080/showinbox?start=7&col=null&text=null" "Mozilla/5.0 (Macintosh; Intel Mac OS X 10_10) AppleWebKit/600.1.25 (KHTML, like Gecko) Version/8.0 Safari/600.1.25"
0:0:0:0:0:0:0:1 -  -  [03/Dec/2014:05:38:51 +0000] "GET /showinbox?start=9&col=null&text=null HTTP/1.1" 200 - "http://localhost:8080/showinbox?start=8&col=null&text=null" "Mozilla/5.0 (Macintosh; Intel Mac OS X 10_10) AppleWebKit/600.1.25 (KHTML, like Gecko) Version/8.0 Safari/600.1.25"
0:0:0:0:0:0:0:1 -  -  [03/Dec/2014:05:38:52 +0000] "GET /showinbox?start=10&col=null&text=null HTTP/1.1" 200 - "http://localhost:8080/showinbox?start=9&col=null&text=null" "Mozilla/5.0 (Macintosh; Intel Mac OS X 10_10) AppleWebKit/600.1.25 (KHTML, like Gecko) Version/8.0 Safari/600.1.25"
0:0:0:0:0:0:0:1 -  -  [03/Dec/2014:05:38:53 +0000] "GET /showInemail?mailid=GmailId14a0d538d88f00ec HTTP/1.1" 200 - "http://localhost:8080/showinbox?start=10&col=null&text=null" "Mozilla/5.0 (Macintosh; Intel Mac OS X 10_10) AppleWebKit/600.1.25 (KHTML, like Gecko) Version/8.0 Safari/600.1.25"
0:0:0:0:0:0:0:1 -  -  [03/Dec/2014:05:39:00 +0000] "GET /reply?id=GmailId14a0d538d88f00ec HTTP/1.1" 200 - "http://localhost:8080/showInemail?mailid=GmailId14a0d538d88f00ec" "Mozilla/5.0 (Macintosh; Intel Mac OS X 10_10) AppleWebKit/600.1.25 (KHTML, like Gecko) Version/8.0 Safari/600.1.25"
0:0:0:0:0:0:0:1 -  -  [03/Dec/2014:05:39:07 +0000] "POST /sendEmail HTTP/1.1" 302 - "http://localhost:8080/reply?id=GmailId14a0d538d88f00ec" "Mozilla/5.0 (Macintosh; Intel Mac OS X 10_10) AppleWebKit/600.1.25 (KHTML, like Gecko) Version/8.0 Safari/600.1.25"
0:0:0:0:0:0:0:1 -  -  [03/Dec/2014:05:39:18 +0000] "GET /files/main/outbox.html HTTP/1.1" 200 1996 "http://localhost:8080/reply?id=GmailId14a0d538d88f00ec" "Mozilla/5.0 (Macintosh; Intel Mac OS X 10_10) AppleWebKit/600.1.25 (KHTML, like Gecko) Version/8.0 Safari/600.1.25"
0:0:0:0:0:0:0:1 -  -  [03/Dec/2014:05:39:18 +0000] "GET /files/assets/js/jquery-1.8.1.min.js HTTP/1.1" 304 - "http://localhost:8080/inbox" "Mozilla/5.0 (Macintosh; Intel Mac OS X 10_10) AppleWebKit/600.1.25 (KHTML, like Gecko) Version/8.0 Safari/600.1.25"
0:0:0:0:0:0:0:1 -  -  [03/Dec/2014:05:39:18 +0000] "GET /showoutbox?db=yes HTTP/1.1" 200 - "http://localhost:8080/files/main/outbox.html" "Mozilla/5.0 (Macintosh; Intel Mac OS X 10_10) AppleWebKit/600.1.25 (KHTML, like Gecko) Version/8.0 Safari/600.1.25"
0:0:0:0:0:0:0:1 -  -  [03/Dec/2014:05:39:23 +0000] "GET /files/assets/js/jquery-1.8.1.min.js HTTP/1.1" 304 - "http://localhost:8080/inbox" "Mozilla/5.0 (Macintosh; Intel Mac OS X 10_10) AppleWebKit/600.1.25 (KHTML, like Gecko) Version/8.0 Safari/600.1.25"
0:0:0:0:0:0:0:1 -  -  [03/Dec/2014:05:39:23 +0000] "GET /showoutbox?db=yes HTTP/1.1" 200 - "http://localhost:8080/files/main/outbox.html" "Mozilla/5.0 (Macintosh; Intel Mac OS X 10_10) AppleWebKit/600.1.25 (KHTML, like Gecko) Version/8.0 Safari/600.1.25"
0:0:0:0:0:0:0:1 -  -  [03/Dec/2014:05:39:24 +0000] "GET /showOutemail?mailid=2014/12/02%2021:39:18 HTTP/1.1" 200 - "http://localhost:8080/files/main/outbox.html" "Mozilla/5.0 (Macintosh; Intel Mac OS X 10_10) AppleWebKit/600.1.25 (KHTML, like Gecko) Version/8.0 Safari/600.1.25"
0:0:0:0:0:0:0:1 -  -  [03/Dec/2014:07:49:08 +0000] "GET / HTTP/1.1" 200 - "-" "Mozilla/5.0 (Macintosh; Intel Mac OS X 10_10) AppleWebKit/600.1.25 (KHTML, like Gecko) Version/8.0 Safari/600.1.25"
0:0:0:0:0:0:0:1 -  -  [03/Dec/2014:07:49:12 +0000] "POST /doLogin HTTP/1.1" 302 - "http://localhost:8080/" "Mozilla/5.0 (Macintosh; Intel Mac OS X 10_10) AppleWebKit/600.1.25 (KHTML, like Gecko) Version/8.0 Safari/600.1.25"
0:0:0:0:0:0:0:1 -  -  [03/Dec/2014:07:49:13 +0000] "GET / HTTP/1.1" 302 - "http://localhost:8080/" "Mozilla/5.0 (Macintosh; Intel Mac OS X 10_10) AppleWebKit/600.1.25 (KHTML, like Gecko) Version/8.0 Safari/600.1.25"
0:0:0:0:0:0:0:1 -  -  [03/Dec/2014:07:49:13 +0000] "GET /inbox HTTP/1.1" 200 - "http://localhost:8080/" "Mozilla/5.0 (Macintosh; Intel Mac OS X 10_10) AppleWebKit/600.1.25 (KHTML, like Gecko) Version/8.0 Safari/600.1.25"
0:0:0:0:0:0:0:1 -  -  [03/Dec/2014:07:49:13 +0000] "GET /files/assets/js/bui.js HTTP/1.1" 200 1114465 "http://localhost:8080/inbox" "Mozilla/5.0 (Macintosh; Intel Mac OS X 10_10) AppleWebKit/600.1.25 (KHTML, like Gecko) Version/8.0 Safari/600.1.25"
0:0:0:0:0:0:0:1 -  -  [03/Dec/2014:07:49:13 +0000] "GET /files/assets/js/jquery-1.8.1.min.js HTTP/1.1" 304 - "http://localhost:8080/inbox" "Mozilla/5.0 (Macintosh; Intel Mac OS X 10_10) AppleWebKit/600.1.25 (KHTML, like Gecko) Version/8.0 Safari/600.1.25"
0:0:0:0:0:0:0:1 -  -  [03/Dec/2014:07:49:13 +0000] "GET /showinbox HTTP/1.1" 200 - "http://localhost:8080/files/main/showinbox.html" "Mozilla/5.0 (Macintosh; Intel Mac OS X 10_10) AppleWebKit/600.1.25 (KHTML, like Gecko) Version/8.0 Safari/600.1.25"
0:0:0:0:0:0:0:1 -  -  [03/Dec/2014:22:59:44 +0000] "GET / HTTP/1.1" 200 - "-" "Mozilla/5.0 (Macintosh; Intel Mac OS X 10_10) AppleWebKit/600.1.25 (KHTML, like Gecko) Version/8.0 Safari/600.1.25"
0:0:0:0:0:0:0:1 -  -  [03/Dec/2014:22:59:48 +0000] "POST /doLogin HTTP/1.1" 302 - "http://localhost:8080/" "Mozilla/5.0 (Macintosh; Intel Mac OS X 10_10) AppleWebKit/600.1.25 (KHTML, like Gecko) Version/8.0 Safari/600.1.25"
0:0:0:0:0:0:0:1 -  -  [03/Dec/2014:22:59:48 +0000] "GET / HTTP/1.1" 302 - "http://localhost:8080/" "Mozilla/5.0 (Macintosh; Intel Mac OS X 10_10) AppleWebKit/600.1.25 (KHTML, like Gecko) Version/8.0 Safari/600.1.25"
0:0:0:0:0:0:0:1 -  -  [03/Dec/2014:22:59:48 +0000] "GET /inbox HTTP/1.1" 200 - "http://localhost:8080/" "Mozilla/5.0 (Macintosh; Intel Mac OS X 10_10) AppleWebKit/600.1.25 (KHTML, like Gecko) Version/8.0 Safari/600.1.25"
0:0:0:0:0:0:0:1 -  -  [03/Dec/2014:22:59:48 +0000] "GET /files/assets/js/bui.js HTTP/1.1" 200 1114465 "http://localhost:8080/inbox" "Mozilla/5.0 (Macintosh; Intel Mac OS X 10_10) AppleWebKit/600.1.25 (KHTML, like Gecko) Version/8.0 Safari/600.1.25"
0:0:0:0:0:0:0:1 -  -  [03/Dec/2014:22:59:49 +0000] "GET /files/main/showinbox.html HTTP/1.1" 304 - "http://localhost:8080/inbox" "Mozilla/5.0 (Macintosh; Intel Mac OS X 10_10) AppleWebKit/600.1.25 (KHTML, like Gecko) Version/8.0 Safari/600.1.25"
0:0:0:0:0:0:0:1 -  -  [03/Dec/2014:22:59:49 +0000] "GET /files/assets/js/jquery-1.8.1.min.js HTTP/1.1" 304 - "http://localhost:8080/inbox" "Mozilla/5.0 (Macintosh; Intel Mac OS X 10_10) AppleWebKit/600.1.25 (KHTML, like Gecko) Version/8.0 Safari/600.1.25"
0:0:0:0:0:0:0:1 -  -  [03/Dec/2014:22:59:49 +0000] "GET /showinbox HTTP/1.1" 200 - "http://localhost:8080/files/main/showinbox.html" "Mozilla/5.0 (Macintosh; Intel Mac OS X 10_10) AppleWebKit/600.1.25 (KHTML, like Gecko) Version/8.0 Safari/600.1.25"
0:0:0:0:0:0:0:1 -  -  [03/Dec/2014:22:59:53 +0000] "GET /showinbox?db=yes HTTP/1.1" 500 343 "http://localhost:8080/files/main/showinbox.html" "Mozilla/5.0 (Macintosh; Intel Mac OS X 10_10) AppleWebKit/600.1.25 (KHTML, like Gecko) Version/8.0 Safari/600.1.25"
0:0:0:0:0:0:0:1 -  -  [03/Dec/2014:23:00:39 +0000] "GET / HTTP/1.1" 200 - "-" "Mozilla/5.0 (Macintosh; Intel Mac OS X 10_10_0) AppleWebKit/537.36 (KHTML, like Gecko) Chrome/39.0.2171.71 Safari/537.36"
0:0:0:0:0:0:0:1 -  -  [03/Dec/2014:23:13:34 +0000] "GET /doLogin HTTP/1.1" 200 - "-" "Mozilla/5.0 (Macintosh; Intel Mac OS X 10_10_0) AppleWebKit/537.36 (KHTML, like Gecko) Chrome/39.0.2171.71 Safari/537.36"
0:0:0:0:0:0:0:1 -  -  [03/Dec/2014:23:13:41 +0000] "GET / HTTP/1.1" 200 - "-" "Mozilla/5.0 (Macintosh; Intel Mac OS X 10_10_0) AppleWebKit/537.36 (KHTML, like Gecko) Chrome/39.0.2171.71 Safari/537.36"
0:0:0:0:0:0:0:1 -  -  [03/Dec/2014:23:13:44 +0000] "POST /doLogin HTTP/1.1" 302 - "http://localhost:8080/" "Mozilla/5.0 (Macintosh; Intel Mac OS X 10_10_0) AppleWebKit/537.36 (KHTML, like Gecko) Chrome/39.0.2171.71 Safari/537.36"
0:0:0:0:0:0:0:1 -  -  [03/Dec/2014:23:13:44 +0000] "GET / HTTP/1.1" 302 - "http://localhost:8080/" "Mozilla/5.0 (Macintosh; Intel Mac OS X 10_10_0) AppleWebKit/537.36 (KHTML, like Gecko) Chrome/39.0.2171.71 Safari/537.36"
0:0:0:0:0:0:0:1 -  -  [03/Dec/2014:23:13:44 +0000] "GET /inbox HTTP/1.1" 200 - "http://localhost:8080/" "Mozilla/5.0 (Macintosh; Intel Mac OS X 10_10_0) AppleWebKit/537.36 (KHTML, like Gecko) Chrome/39.0.2171.71 Safari/537.36"
0:0:0:0:0:0:0:1 -  -  [03/Dec/2014:23:13:44 +0000] "GET /files/main/showinbox.html HTTP/1.1" 304 - "http://localhost:8080/inbox" "Mozilla/5.0 (Macintosh; Intel Mac OS X 10_10_0) AppleWebKit/537.36 (KHTML, like Gecko) Chrome/39.0.2171.71 Safari/537.36"
0:0:0:0:0:0:0:1 -  -  [03/Dec/2014:23:13:44 +0000] "GET /showinbox HTTP/1.1" 200 - "http://localhost:8080/files/main/showinbox.html" "Mozilla/5.0 (Macintosh; Intel Mac OS X 10_10_0) AppleWebKit/537.36 (KHTML, like Gecko) Chrome/39.0.2171.71 Safari/537.36"
0:0:0:0:0:0:0:1 -  -  [03/Dec/2014:23:13:46 +0000] "GET /showinbox?db=yes HTTP/1.1" 500 343 "http://localhost:8080/files/main/showinbox.html" "Mozilla/5.0 (Macintosh; Intel Mac OS X 10_10_0) AppleWebKit/537.36 (KHTML, like Gecko) Chrome/39.0.2171.71 Safari/537.36"
0:0:0:0:0:0:0:1 -  -  [03/Dec/2014:23:13:48 +0000] "GET /showinbox?db=yes HTTP/1.1" 500 343 "http://localhost:8080/files/main/showinbox.html" "Mozilla/5.0 (Macintosh; Intel Mac OS X 10_10_0) AppleWebKit/537.36 (KHTML, like Gecko) Chrome/39.0.2171.71 Safari/537.36"
0:0:0:0:0:0:0:1 -  -  [03/Dec/2014:23:14:26 +0000] "GET /inbox HTTP/1.1" 302 - "http://localhost:8080/" "Mozilla/5.0 (Macintosh; Intel Mac OS X 10_10_0) AppleWebKit/537.36 (KHTML, like Gecko) Chrome/39.0.2171.71 Safari/537.36"
0:0:0:0:0:0:0:1 -  -  [03/Dec/2014:23:14:26 +0000] "GET / HTTP/1.1" 200 - "http://localhost:8080/" "Mozilla/5.0 (Macintosh; Intel Mac OS X 10_10_0) AppleWebKit/537.36 (KHTML, like Gecko) Chrome/39.0.2171.71 Safari/537.36"
0:0:0:0:0:0:0:1 -  -  [03/Dec/2014:23:14:27 +0000] "POST /doLogin HTTP/1.1" 302 - "http://localhost:8080/" "Mozilla/5.0 (Macintosh; Intel Mac OS X 10_10_0) AppleWebKit/537.36 (KHTML, like Gecko) Chrome/39.0.2171.71 Safari/537.36"
0:0:0:0:0:0:0:1 -  -  [03/Dec/2014:23:14:27 +0000] "GET / HTTP/1.1" 302 - "http://localhost:8080/" "Mozilla/5.0 (Macintosh; Intel Mac OS X 10_10_0) AppleWebKit/537.36 (KHTML, like Gecko) Chrome/39.0.2171.71 Safari/537.36"
0:0:0:0:0:0:0:1 -  -  [03/Dec/2014:23:14:27 +0000] "GET /inbox HTTP/1.1" 200 - "http://localhost:8080/" "Mozilla/5.0 (Macintosh; Intel Mac OS X 10_10_0) AppleWebKit/537.36 (KHTML, like Gecko) Chrome/39.0.2171.71 Safari/537.36"
0:0:0:0:0:0:0:1 -  -  [03/Dec/2014:23:14:27 +0000] "GET /showinbox HTTP/1.1" 200 - "http://localhost:8080/files/main/showinbox.html" "Mozilla/5.0 (Macintosh; Intel Mac OS X 10_10_0) AppleWebKit/537.36 (KHTML, like Gecko) Chrome/39.0.2171.71 Safari/537.36"
0:0:0:0:0:0:0:1 -  -  [03/Dec/2014:23:14:29 +0000] "GET /showinbox?db=yes HTTP/1.1" 200 - "http://localhost:8080/files/main/showinbox.html" "Mozilla/5.0 (Macintosh; Intel Mac OS X 10_10_0) AppleWebKit/537.36 (KHTML, like Gecko) Chrome/39.0.2171.71 Safari/537.36"
0:0:0:0:0:0:0:1 -  -  [03/Dec/2014:23:16:21 +0000] "GET /showInemail?mailid=GmailId14a126b885d27100 HTTP/1.1" 200 - "http://localhost:8080/files/main/showinbox.html" "Mozilla/5.0 (Macintosh; Intel Mac OS X 10_10_0) AppleWebKit/537.36 (KHTML, like Gecko) Chrome/39.0.2171.71 Safari/537.36"
0:0:0:0:0:0:0:1 -  -  [03/Dec/2014:23:16:23 +0000] "GET /download?url=files/GmailId14a126b885d27100/attachment/DA116136-C457-42BC-AC60-758901DDE465.png&fileName=DA116136-C457-42BC-AC60-758901DDE465.png HTTP/1.1" 200 - "http://localhost:8080/showInemail?mailid=GmailId14a126b885d27100" "Mozilla/5.0 (Macintosh; Intel Mac OS X 10_10_0) AppleWebKit/537.36 (KHTML, like Gecko) Chrome/39.0.2171.71 Safari/537.36"
0:0:0:0:0:0:0:1 -  -  [03/Dec/2014:23:16:45 +0000] "GET /showinbox HTTP/1.1" 200 - "http://localhost:8080/files/main/showinbox.html" "Mozilla/5.0 (Macintosh; Intel Mac OS X 10_10_0) AppleWebKit/537.36 (KHTML, like Gecko) Chrome/39.0.2171.71 Safari/537.36"
0:0:0:0:0:0:0:1 -  -  [03/Dec/2014:23:18:18 +0000] "GET /showinbox?db=yes HTTP/1.1" 200 - "http://localhost:8080/files/main/showinbox.html" "Mozilla/5.0 (Macintosh; Intel Mac OS X 10_10_0) AppleWebKit/537.36 (KHTML, like Gecko) Chrome/39.0.2171.71 Safari/537.36"
0:0:0:0:0:0:0:1 -  -  [03/Dec/2014:23:18:27 +0000] "GET /showinbox?db=yes HTTP/1.1" 200 - "http://localhost:8080/files/main/showinbox.html" "Mozilla/5.0 (Macintosh; Intel Mac OS X 10_10_0) AppleWebKit/537.36 (KHTML, like Gecko) Chrome/39.0.2171.71 Safari/537.36"
0:0:0:0:0:0:0:1 -  -  [03/Dec/2014:23:18:42 +0000] "GET /showinbox?db=yes HTTP/1.1" 200 - "http://localhost:8080/files/main/showinbox.html" "Mozilla/5.0 (Macintosh; Intel Mac OS X 10_10_0) AppleWebKit/537.36 (KHTML, like Gecko) Chrome/39.0.2171.71 Safari/537.36"
0:0:0:0:0:0:0:1 -  -  [03/Dec/2014:23:18:57 +0000] "GET /showinbox?db=yes HTTP/1.1" 200 - "http://localhost:8080/files/main/showinbox.html" "Mozilla/5.0 (Macintosh; Intel Mac OS X 10_10_0) AppleWebKit/537.36 (KHTML, like Gecko) Chrome/39.0.2171.71 Safari/537.36"
0:0:0:0:0:0:0:1 -  -  [03/Dec/2014:23:20:59 +0000] "GET /showinbox?db=yes HTTP/1.1" 200 - "http://localhost:8080/files/main/showinbox.html" "Mozilla/5.0 (Macintosh; Intel Mac OS X 10_10_0) AppleWebKit/537.36 (KHTML, like Gecko) Chrome/39.0.2171.71 Safari/537.36"
0:0:0:0:0:0:0:1 -  -  [03/Dec/2014:23:21:03 +0000] "GET /showInemail?mailid=GmailId14a127393d92d4ba HTTP/1.1" 200 - "http://localhost:8080/files/main/showinbox.html" "Mozilla/5.0 (Macintosh; Intel Mac OS X 10_10_0) AppleWebKit/537.36 (KHTML, like Gecko) Chrome/39.0.2171.71 Safari/537.36"
0:0:0:0:0:0:0:1 -  -  [03/Dec/2014:23:21:06 +0000] "GET /files/GmailId14a127393d92d4ba/ii_i39ad6ti0_14a125721039d0cb HTTP/1.1" 200 1419175 "http://localhost:8080/showInemail?mailid=GmailId14a127393d92d4ba" "Mozilla/5.0 (Macintosh; Intel Mac OS X 10_10_0) AppleWebKit/537.36 (KHTML, like Gecko) Chrome/39.0.2171.71 Safari/537.36"
