0:0:0:0:0:0:0:1 -  -  [04/Dec/2014:05:33:55 +0000] "GET / HTTP/1.1" 200 - "-" "Mozilla/5.0 (Macintosh; Intel Mac OS X 10_10) AppleWebKit/600.1.25 (KHTML, like Gecko) Version/8.0 Safari/600.1.25"
0:0:0:0:0:0:0:1 -  -  [04/Dec/2014:05:34:02 +0000] "POST /doLogin HTTP/1.1" 302 - "http://localhost:8080/" "Mozilla/5.0 (Macintosh; Intel Mac OS X 10_10) AppleWebKit/600.1.25 (KHTML, like Gecko) Version/8.0 Safari/600.1.25"
0:0:0:0:0:0:0:1 -  -  [04/Dec/2014:05:34:02 +0000] "GET / HTTP/1.1" 302 - "http://localhost:8080/" "Mozilla/5.0 (Macintosh; Intel Mac OS X 10_10) AppleWebKit/600.1.25 (KHTML, like Gecko) Version/8.0 Safari/600.1.25"
0:0:0:0:0:0:0:1 -  -  [04/Dec/2014:05:34:02 +0000] "GET /inbox HTTP/1.1" 200 - "http://localhost:8080/" "Mozilla/5.0 (Macintosh; Intel Mac OS X 10_10) AppleWebKit/600.1.25 (KHTML, like Gecko) Version/8.0 Safari/600.1.25"
0:0:0:0:0:0:0:1 -  -  [04/Dec/2014:05:34:02 +0000] "GET /files/assets/js/bui.js HTTP/1.1" 200 1114465 "http://localhost:8080/inbox" "Mozilla/5.0 (Macintosh; Intel Mac OS X 10_10) AppleWebKit/600.1.25 (KHTML, like Gecko) Version/8.0 Safari/600.1.25"
0:0:0:0:0:0:0:1 -  -  [04/Dec/2014:05:34:02 +0000] "GET /files/main/showinbox.html HTTP/1.1" 304 - "http://localhost:8080/inbox" "Mozilla/5.0 (Macintosh; Intel Mac OS X 10_10) AppleWebKit/600.1.25 (KHTML, like Gecko) Version/8.0 Safari/600.1.25"
0:0:0:0:0:0:0:1 -  -  [04/Dec/2014:05:34:02 +0000] "GET /files/assets/js/jquery-1.8.1.min.js HTTP/1.1" 304 - "http://localhost:8080/inbox" "Mozilla/5.0 (Macintosh; Intel Mac OS X 10_10) AppleWebKit/600.1.25 (KHTML, like Gecko) Version/8.0 Safari/600.1.25"
0:0:0:0:0:0:0:1 -  -  [04/Dec/2014:05:34:02 +0000] "GET /showinbox HTTP/1.1" 200 - "http://localhost:8080/files/main/showinbox.html" "Mozilla/5.0 (Macintosh; Intel Mac OS X 10_10) AppleWebKit/600.1.25 (KHTML, like Gecko) Version/8.0 Safari/600.1.25"
0:0:0:0:0:0:0:1 -  -  [04/Dec/2014:05:34:03 +0000] "GET /showInemail?mailid=GmailId14a127393d92d4ba HTTP/1.1" 200 - "http://localhost:8080/files/main/showinbox.html" "Mozilla/5.0 (Macintosh; Intel Mac OS X 10_10) AppleWebKit/600.1.25 (KHTML, like Gecko) Version/8.0 Safari/600.1.25"
0:0:0:0:0:0:0:1 -  -  [04/Dec/2014:05:34:07 +0000] "GET /files/GmailId14a127393d92d4ba/ii_i39ad6ti0_14a125721039d0cb HTTP/1.1" 200 1419175 "http://localhost:8080/showInemail?mailid=GmailId14a127393d92d4ba" "Mozilla/5.0 (Macintosh; Intel Mac OS X 10_10) AppleWebKit/600.1.25 (KHTML, like Gecko) Version/8.0 Safari/600.1.25"
0:0:0:0:0:0:0:1 -  -  [04/Dec/2014:05:41:11 +0000] "GET /inbox HTTP/1.1" 302 - "http://localhost:8080/" "Mozilla/5.0 (Macintosh; Intel Mac OS X 10_10) AppleWebKit/600.1.25 (KHTML, like Gecko) Version/8.0 Safari/600.1.25"
0:0:0:0:0:0:0:1 -  -  [04/Dec/2014:05:41:11 +0000] "GET / HTTP/1.1" 200 - "http://localhost:8080/" "Mozilla/5.0 (Macintosh; Intel Mac OS X 10_10) AppleWebKit/600.1.25 (KHTML, like Gecko) Version/8.0 Safari/600.1.25"
0:0:0:0:0:0:0:1 -  -  [04/Dec/2014:05:41:15 +0000] "POST /doLogin HTTP/1.1" 302 - "http://localhost:8080/" "Mozilla/5.0 (Macintosh; Intel Mac OS X 10_10) AppleWebKit/600.1.25 (KHTML, like Gecko) Version/8.0 Safari/600.1.25"
0:0:0:0:0:0:0:1 -  -  [04/Dec/2014:05:41:15 +0000] "GET / HTTP/1.1" 302 - "http://localhost:8080/" "Mozilla/5.0 (Macintosh; Intel Mac OS X 10_10) AppleWebKit/600.1.25 (KHTML, like Gecko) Version/8.0 Safari/600.1.25"
0:0:0:0:0:0:0:1 -  -  [04/Dec/2014:05:41:15 +0000] "GET /inbox HTTP/1.1" 200 - "http://localhost:8080/" "Mozilla/5.0 (Macintosh; Intel Mac OS X 10_10) AppleWebKit/600.1.25 (KHTML, like Gecko) Version/8.0 Safari/600.1.25"
0:0:0:0:0:0:0:1 -  -  [04/Dec/2014:05:41:15 +0000] "GET /files/assets/css/bui-min.css HTTP/1.1" 304 - "http://localhost:8080/inbox" "Mozilla/5.0 (Macintosh; Intel Mac OS X 10_10) AppleWebKit/600.1.25 (KHTML, like Gecko) Version/8.0 Safari/600.1.25"
0:0:0:0:0:0:0:1 -  -  [04/Dec/2014:05:41:15 +0000] "GET /files/assets/js/bui.js HTTP/1.1" 304 - "http://localhost:8080/inbox" "Mozilla/5.0 (Macintosh; Intel Mac OS X 10_10) AppleWebKit/600.1.25 (KHTML, like Gecko) Version/8.0 Safari/600.1.25"
0:0:0:0:0:0:0:1 -  -  [04/Dec/2014:05:41:15 +0000] "GET /files/assets/css/dpl-min.css HTTP/1.1" 304 - "http://localhost:8080/inbox" "Mozilla/5.0 (Macintosh; Intel Mac OS X 10_10) AppleWebKit/600.1.25 (KHTML, like Gecko) Version/8.0 Safari/600.1.25"
0:0:0:0:0:0:0:1 -  -  [04/Dec/2014:05:41:15 +0000] "GET /files/assets/js/jquery-1.8.1.min.js HTTP/1.1" 304 - "http://localhost:8080/inbox" "Mozilla/5.0 (Macintosh; Intel Mac OS X 10_10) AppleWebKit/600.1.25 (KHTML, like Gecko) Version/8.0 Safari/600.1.25"
0:0:0:0:0:0:0:1 -  -  [04/Dec/2014:05:41:15 +0000] "GET /files/assets/css/main-min.css HTTP/1.1" 304 - "http://localhost:8080/inbox" "Mozilla/5.0 (Macintosh; Intel Mac OS X 10_10) AppleWebKit/600.1.25 (KHTML, like Gecko) Version/8.0 Safari/600.1.25"
0:0:0:0:0:0:0:1 -  -  [04/Dec/2014:05:41:15 +0000] "GET /files/assets/js/config.js HTTP/1.1" 304 - "http://localhost:8080/inbox" "Mozilla/5.0 (Macintosh; Intel Mac OS X 10_10) AppleWebKit/600.1.25 (KHTML, like Gecko) Version/8.0 Safari/600.1.25"
0:0:0:0:0:0:0:1 -  -  [04/Dec/2014:05:41:15 +0000] "GET /files/assets/js/common/main-min.js HTTP/1.1" 304 - "http://localhost:8080/inbox" "Mozilla/5.0 (Macintosh; Intel Mac OS X 10_10) AppleWebKit/600.1.25 (KHTML, like Gecko) Version/8.0 Safari/600.1.25"
0:0:0:0:0:0:0:1 -  -  [04/Dec/2014:05:41:16 +0000] "GET /files/assets/js/jquery-1.8.1.min.js HTTP/1.1" 304 - "http://localhost:8080/inbox" "Mozilla/5.0 (Macintosh; Intel Mac OS X 10_10) AppleWebKit/600.1.25 (KHTML, like Gecko) Version/8.0 Safari/600.1.25"
0:0:0:0:0:0:0:1 -  -  [04/Dec/2014:05:41:16 +0000] "GET /showinbox HTTP/1.1" 200 - "http://localhost:8080/files/main/showinbox.html" "Mozilla/5.0 (Macintosh; Intel Mac OS X 10_10) AppleWebKit/600.1.25 (KHTML, like Gecko) Version/8.0 Safari/600.1.25"
0:0:0:0:0:0:0:1 -  -  [04/Dec/2014:05:41:18 +0000] "GET /showinbox?db=yes HTTP/1.1" 200 - "http://localhost:8080/files/main/showinbox.html" "Mozilla/5.0 (Macintosh; Intel Mac OS X 10_10) AppleWebKit/600.1.25 (KHTML, like Gecko) Version/8.0 Safari/600.1.25"
0:0:0:0:0:0:0:1 -  -  [04/Dec/2014:05:41:57 +0000] "GET /showinbox?db=yes HTTP/1.1" 200 - "http://localhost:8080/files/main/showinbox.html" "Mozilla/5.0 (Macintosh; Intel Mac OS X 10_10) AppleWebKit/600.1.25 (KHTML, like Gecko) Version/8.0 Safari/600.1.25"
0:0:0:0:0:0:0:1 -  -  [04/Dec/2014:05:42:27 +0000] "GET /showinbox?db=yes HTTP/1.1" 200 - "http://localhost:8080/files/main/showinbox.html" "Mozilla/5.0 (Macintosh; Intel Mac OS X 10_10) AppleWebKit/600.1.25 (KHTML, like Gecko) Version/8.0 Safari/600.1.25"
0:0:0:0:0:0:0:1 -  -  [04/Dec/2014:05:43:28 +0000] "GET /showinbox?db=yes HTTP/1.1" 200 - "http://localhost:8080/files/main/showinbox.html" "Mozilla/5.0 (Macintosh; Intel Mac OS X 10_10) AppleWebKit/600.1.25 (KHTML, like Gecko) Version/8.0 Safari/600.1.25"
0:0:0:0:0:0:0:1 -  -  [04/Dec/2014:05:44:29 +0000] "GET /showinbox?db=yes HTTP/1.1" 200 - "http://localhost:8080/files/main/showinbox.html" "Mozilla/5.0 (Macintosh; Intel Mac OS X 10_10) AppleWebKit/600.1.25 (KHTML, like Gecko) Version/8.0 Safari/600.1.25"
0:0:0:0:0:0:0:1 -  -  [04/Dec/2014:05:45:49 +0000] "GET /showInemail?mailid=GmailId14a13d3c70dc46d5 HTTP/1.1" 200 - "http://localhost:8080/files/main/showinbox.html" "Mozilla/5.0 (Macintosh; Intel Mac OS X 10_10) AppleWebKit/600.1.25 (KHTML, like Gecko) Version/8.0 Safari/600.1.25"
0:0:0:0:0:0:0:1 -  -  [04/Dec/2014:05:45:51 +0000] "GET /files/GmailId14a13d3c70dc46d5/ii_i39p80bw0_14a13d3bd78dc89e HTTP/1.1" 200 1563134 "http://localhost:8080/showInemail?mailid=GmailId14a13d3c70dc46d5" "Mozilla/5.0 (Macintosh; Intel Mac OS X 10_10) AppleWebKit/600.1.25 (KHTML, like Gecko) Version/8.0 Safari/600.1.25"
0:0:0:0:0:0:0:1 -  -  [04/Dec/2014:05:46:43 +0000] "GET /files/assets/js/jquery-1.8.1.min.js HTTP/1.1" 304 - "http://localhost:8080/inbox" "Mozilla/5.0 (Macintosh; Intel Mac OS X 10_10) AppleWebKit/600.1.25 (KHTML, like Gecko) Version/8.0 Safari/600.1.25"
0:0:0:0:0:0:0:1 -  -  [04/Dec/2014:05:46:43 +0000] "GET /showinbox HTTP/1.1" 200 - "http://localhost:8080/files/main/showinbox.html" "Mozilla/5.0 (Macintosh; Intel Mac OS X 10_10) AppleWebKit/600.1.25 (KHTML, like Gecko) Version/8.0 Safari/600.1.25"
0:0:0:0:0:0:0:1 -  -  [04/Dec/2014:05:46:44 +0000] "GET /showinbox?db=yes HTTP/1.1" 200 - "http://localhost:8080/files/main/showinbox.html" "Mozilla/5.0 (Macintosh; Intel Mac OS X 10_10) AppleWebKit/600.1.25 (KHTML, like Gecko) Version/8.0 Safari/600.1.25"
0:0:0:0:0:0:0:1 -  -  [04/Dec/2014:05:48:11 +0000] "GET /showInemail?mailid=GmailId14a13d5b8210d542 HTTP/1.1" 200 - "http://localhost:8080/files/main/showinbox.html" "Mozilla/5.0 (Macintosh; Intel Mac OS X 10_10) AppleWebKit/600.1.25 (KHTML, like Gecko) Version/8.0 Safari/600.1.25"
0:0:0:0:0:0:0:1 -  -  [04/Dec/2014:05:48:55 +0000] "GET /files/assets/js/jquery-1.8.1.min.js HTTP/1.1" 304 - "http://localhost:8080/inbox" "Mozilla/5.0 (Macintosh; Intel Mac OS X 10_10) AppleWebKit/600.1.25 (KHTML, like Gecko) Version/8.0 Safari/600.1.25"
0:0:0:0:0:0:0:1 -  -  [04/Dec/2014:05:48:55 +0000] "GET /showinbox HTTP/1.1" 200 - "http://localhost:8080/files/main/showinbox.html" "Mozilla/5.0 (Macintosh; Intel Mac OS X 10_10) AppleWebKit/600.1.25 (KHTML, like Gecko) Version/8.0 Safari/600.1.25"
0:0:0:0:0:0:0:1 -  -  [04/Dec/2014:05:48:56 +0000] "GET /showinbox?db=yes HTTP/1.1" 200 - "http://localhost:8080/files/main/showinbox.html" "Mozilla/5.0 (Macintosh; Intel Mac OS X 10_10) AppleWebKit/600.1.25 (KHTML, like Gecko) Version/8.0 Safari/600.1.25"
0:0:0:0:0:0:0:1 -  -  [04/Dec/2014:05:49:24 +0000] "GET /showInemail?mailid=GmailId14a13d7c75c0dbcb HTTP/1.1" 200 - "http://localhost:8080/files/main/showinbox.html" "Mozilla/5.0 (Macintosh; Intel Mac OS X 10_10) AppleWebKit/600.1.25 (KHTML, like Gecko) Version/8.0 Safari/600.1.25"
0:0:0:0:0:0:0:1 -  -  [04/Dec/2014:05:51:35 +0000] "GET /files/GmailId14a13d7c75c0dbcb/ii_i39pdmo20_14a13d7bd907cd02 HTTP/1.1" 200 1563134 "http://localhost:8080/showInemail?mailid=GmailId14a13d7c75c0dbcb" "Mozilla/5.0 (Macintosh; Intel Mac OS X 10_10) AppleWebKit/600.1.25 (KHTML, like Gecko) Version/8.0 Safari/600.1.25"
0:0:0:0:0:0:0:1 -  -  [04/Dec/2014:05:55:06 +0000] "GET /files/assets/js/jquery-1.8.1.min.js HTTP/1.1" 304 - "http://localhost:8080/inbox" "Mozilla/5.0 (Macintosh; Intel Mac OS X 10_10) AppleWebKit/600.1.25 (KHTML, like Gecko) Version/8.0 Safari/600.1.25"
0:0:0:0:0:0:0:1 -  -  [04/Dec/2014:05:55:06 +0000] "GET /showinbox HTTP/1.1" 200 - "http://localhost:8080/files/main/showinbox.html" "Mozilla/5.0 (Macintosh; Intel Mac OS X 10_10) AppleWebKit/600.1.25 (KHTML, like Gecko) Version/8.0 Safari/600.1.25"
0:0:0:0:0:0:0:1 -  -  [04/Dec/2014:05:55:08 +0000] "GET /showinbox?db=yes HTTP/1.1" 200 - "http://localhost:8080/files/main/showinbox.html" "Mozilla/5.0 (Macintosh; Intel Mac OS X 10_10) AppleWebKit/600.1.25 (KHTML, like Gecko) Version/8.0 Safari/600.1.25"
0:0:0:0:0:0:0:1 -  -  [04/Dec/2014:05:56:13 +0000] "GET /showInemail?mailid=GmailId14a13dd8397cd11f HTTP/1.1" 200 - "http://localhost:8080/files/main/showinbox.html" "Mozilla/5.0 (Macintosh; Intel Mac OS X 10_10) AppleWebKit/600.1.25 (KHTML, like Gecko) Version/8.0 Safari/600.1.25"
0:0:0:0:0:0:0:1 -  -  [04/Dec/2014:05:58:19 +0000] "GET /files/assets/js/jquery-1.8.1.min.js HTTP/1.1" 304 - "http://localhost:8080/inbox" "Mozilla/5.0 (Macintosh; Intel Mac OS X 10_10) AppleWebKit/600.1.25 (KHTML, like Gecko) Version/8.0 Safari/600.1.25"
0:0:0:0:0:0:0:1 -  -  [04/Dec/2014:05:58:19 +0000] "GET /showinbox HTTP/1.1" 200 - "http://localhost:8080/files/main/showinbox.html" "Mozilla/5.0 (Macintosh; Intel Mac OS X 10_10) AppleWebKit/600.1.25 (KHTML, like Gecko) Version/8.0 Safari/600.1.25"
0:0:0:0:0:0:0:1 -  -  [04/Dec/2014:06:02:21 +0000] "GET /inbox HTTP/1.1" 302 - "http://localhost:8080/" "Mozilla/5.0 (Macintosh; Intel Mac OS X 10_10) AppleWebKit/600.1.25 (KHTML, like Gecko) Version/8.0 Safari/600.1.25"
0:0:0:0:0:0:0:1 -  -  [04/Dec/2014:06:02:21 +0000] "GET / HTTP/1.1" 200 - "http://localhost:8080/" "Mozilla/5.0 (Macintosh; Intel Mac OS X 10_10) AppleWebKit/600.1.25 (KHTML, like Gecko) Version/8.0 Safari/600.1.25"
0:0:0:0:0:0:0:1 -  -  [04/Dec/2014:06:02:24 +0000] "POST /doLogin HTTP/1.1" 302 - "http://localhost:8080/" "Mozilla/5.0 (Macintosh; Intel Mac OS X 10_10) AppleWebKit/600.1.25 (KHTML, like Gecko) Version/8.0 Safari/600.1.25"
0:0:0:0:0:0:0:1 -  -  [04/Dec/2014:06:02:24 +0000] "GET / HTTP/1.1" 302 - "http://localhost:8080/" "Mozilla/5.0 (Macintosh; Intel Mac OS X 10_10) AppleWebKit/600.1.25 (KHTML, like Gecko) Version/8.0 Safari/600.1.25"
0:0:0:0:0:0:0:1 -  -  [04/Dec/2014:06:02:25 +0000] "GET /inbox HTTP/1.1" 200 - "http://localhost:8080/" "Mozilla/5.0 (Macintosh; Intel Mac OS X 10_10) AppleWebKit/600.1.25 (KHTML, like Gecko) Version/8.0 Safari/600.1.25"
0:0:0:0:0:0:0:1 -  -  [04/Dec/2014:06:02:25 +0000] "GET /files/assets/css/main-min.css HTTP/1.1" 304 - "http://localhost:8080/inbox" "Mozilla/5.0 (Macintosh; Intel Mac OS X 10_10) AppleWebKit/600.1.25 (KHTML, like Gecko) Version/8.0 Safari/600.1.25"
0:0:0:0:0:0:0:1 -  -  [04/Dec/2014:06:02:25 +0000] "GET /files/assets/js/bui.js HTTP/1.1" 304 - "http://localhost:8080/inbox" "Mozilla/5.0 (Macintosh; Intel Mac OS X 10_10) AppleWebKit/600.1.25 (KHTML, like Gecko) Version/8.0 Safari/600.1.25"
0:0:0:0:0:0:0:1 -  -  [04/Dec/2014:06:02:25 +0000] "GET /files/assets/js/jquery-1.8.1.min.js HTTP/1.1" 304 - "http://localhost:8080/inbox" "Mozilla/5.0 (Macintosh; Intel Mac OS X 10_10) AppleWebKit/600.1.25 (KHTML, like Gecko) Version/8.0 Safari/600.1.25"
0:0:0:0:0:0:0:1 -  -  [04/Dec/2014:06:02:25 +0000] "GET /files/assets/css/bui-min.css HTTP/1.1" 304 - "http://localhost:8080/inbox" "Mozilla/5.0 (Macintosh; Intel Mac OS X 10_10) AppleWebKit/600.1.25 (KHTML, like Gecko) Version/8.0 Safari/600.1.25"
0:0:0:0:0:0:0:1 -  -  [04/Dec/2014:06:02:25 +0000] "GET /files/assets/js/config.js HTTP/1.1" 304 - "http://localhost:8080/inbox" "Mozilla/5.0 (Macintosh; Intel Mac OS X 10_10) AppleWebKit/600.1.25 (KHTML, like Gecko) Version/8.0 Safari/600.1.25"
0:0:0:0:0:0:0:1 -  -  [04/Dec/2014:06:02:25 +0000] "GET /files/assets/css/dpl-min.css HTTP/1.1" 304 - "http://localhost:8080/inbox" "Mozilla/5.0 (Macintosh; Intel Mac OS X 10_10) AppleWebKit/600.1.25 (KHTML, like Gecko) Version/8.0 Safari/600.1.25"
0:0:0:0:0:0:0:1 -  -  [04/Dec/2014:06:02:25 +0000] "GET /files/assets/js/common/main-min.js HTTP/1.1" 304 - "http://localhost:8080/inbox" "Mozilla/5.0 (Macintosh; Intel Mac OS X 10_10) AppleWebKit/600.1.25 (KHTML, like Gecko) Version/8.0 Safari/600.1.25"
0:0:0:0:0:0:0:1 -  -  [04/Dec/2014:06:02:25 +0000] "GET /files/assets/js/jquery-1.8.1.min.js HTTP/1.1" 304 - "http://localhost:8080/inbox" "Mozilla/5.0 (Macintosh; Intel Mac OS X 10_10) AppleWebKit/600.1.25 (KHTML, like Gecko) Version/8.0 Safari/600.1.25"
0:0:0:0:0:0:0:1 -  -  [04/Dec/2014:06:02:25 +0000] "GET /showinbox HTTP/1.1" 200 - "http://localhost:8080/files/main/showinbox.html" "Mozilla/5.0 (Macintosh; Intel Mac OS X 10_10) AppleWebKit/600.1.25 (KHTML, like Gecko) Version/8.0 Safari/600.1.25"
0:0:0:0:0:0:0:1 -  -  [04/Dec/2014:06:02:27 +0000] "GET /showinbox?db=yes HTTP/1.1" 200 - "http://localhost:8080/files/main/showinbox.html" "Mozilla/5.0 (Macintosh; Intel Mac OS X 10_10) AppleWebKit/600.1.25 (KHTML, like Gecko) Version/8.0 Safari/600.1.25"
0:0:0:0:0:0:0:1 -  -  [04/Dec/2014:06:07:44 +0000] "GET /showInemail?mailid=GmailId14a13e070ef981a0 HTTP/1.1" 200 - "http://localhost:8080/files/main/showinbox.html" "Mozilla/5.0 (Macintosh; Intel Mac OS X 10_10) AppleWebKit/600.1.25 (KHTML, like Gecko) Version/8.0 Safari/600.1.25"
0:0:0:0:0:0:0:1 -  -  [04/Dec/2014:06:09:18 +0000] "GET /files/assets/js/jquery-1.8.1.min.js HTTP/1.1" 304 - "http://localhost:8080/inbox" "Mozilla/5.0 (Macintosh; Intel Mac OS X 10_10) AppleWebKit/600.1.25 (KHTML, like Gecko) Version/8.0 Safari/600.1.25"
0:0:0:0:0:0:0:1 -  -  [04/Dec/2014:06:09:18 +0000] "GET /showinbox HTTP/1.1" 200 - "http://localhost:8080/files/main/showinbox.html" "Mozilla/5.0 (Macintosh; Intel Mac OS X 10_10) AppleWebKit/600.1.25 (KHTML, like Gecko) Version/8.0 Safari/600.1.25"
0:0:0:0:0:0:0:1 -  -  [04/Dec/2014:06:09:19 +0000] "GET /showinbox?db=yes HTTP/1.1" 200 - "http://localhost:8080/files/main/showinbox.html" "Mozilla/5.0 (Macintosh; Intel Mac OS X 10_10) AppleWebKit/600.1.25 (KHTML, like Gecko) Version/8.0 Safari/600.1.25"
0:0:0:0:0:0:0:1 -  -  [04/Dec/2014:06:09:41 +0000] "GET /showInemail?mailid=GmailId14a13ea5740d05ba HTTP/1.1" 200 - "http://localhost:8080/files/main/showinbox.html" "Mozilla/5.0 (Macintosh; Intel Mac OS X 10_10) AppleWebKit/600.1.25 (KHTML, like Gecko) Version/8.0 Safari/600.1.25"
0:0:0:0:0:0:0:1 -  -  [04/Dec/2014:06:19:26 +0000] "GET /inbox HTTP/1.1" 302 - "http://localhost:8080/" "Mozilla/5.0 (Macintosh; Intel Mac OS X 10_10) AppleWebKit/600.1.25 (KHTML, like Gecko) Version/8.0 Safari/600.1.25"
0:0:0:0:0:0:0:1 -  -  [04/Dec/2014:06:19:26 +0000] "GET / HTTP/1.1" 200 - "http://localhost:8080/" "Mozilla/5.0 (Macintosh; Intel Mac OS X 10_10) AppleWebKit/600.1.25 (KHTML, like Gecko) Version/8.0 Safari/600.1.25"
0:0:0:0:0:0:0:1 -  -  [04/Dec/2014:06:19:30 +0000] "POST /doLogin HTTP/1.1" 302 - "http://localhost:8080/" "Mozilla/5.0 (Macintosh; Intel Mac OS X 10_10) AppleWebKit/600.1.25 (KHTML, like Gecko) Version/8.0 Safari/600.1.25"
0:0:0:0:0:0:0:1 -  -  [04/Dec/2014:06:19:30 +0000] "GET / HTTP/1.1" 302 - "http://localhost:8080/" "Mozilla/5.0 (Macintosh; Intel Mac OS X 10_10) AppleWebKit/600.1.25 (KHTML, like Gecko) Version/8.0 Safari/600.1.25"
0:0:0:0:0:0:0:1 -  -  [04/Dec/2014:06:19:30 +0000] "GET /inbox HTTP/1.1" 200 - "http://localhost:8080/" "Mozilla/5.0 (Macintosh; Intel Mac OS X 10_10) AppleWebKit/600.1.25 (KHTML, like Gecko) Version/8.0 Safari/600.1.25"
0:0:0:0:0:0:0:1 -  -  [04/Dec/2014:06:19:30 +0000] "GET /files/assets/js/jquery-1.8.1.min.js HTTP/1.1" 304 - "http://localhost:8080/inbox" "Mozilla/5.0 (Macintosh; Intel Mac OS X 10_10) AppleWebKit/600.1.25 (KHTML, like Gecko) Version/8.0 Safari/600.1.25"
0:0:0:0:0:0:0:1 -  -  [04/Dec/2014:06:19:30 +0000] "GET /files/assets/css/bui-min.css HTTP/1.1" 304 - "http://localhost:8080/inbox" "Mozilla/5.0 (Macintosh; Intel Mac OS X 10_10) AppleWebKit/600.1.25 (KHTML, like Gecko) Version/8.0 Safari/600.1.25"
0:0:0:0:0:0:0:1 -  -  [04/Dec/2014:06:19:30 +0000] "GET /files/assets/css/main-min.css HTTP/1.1" 304 - "http://localhost:8080/inbox" "Mozilla/5.0 (Macintosh; Intel Mac OS X 10_10) AppleWebKit/600.1.25 (KHTML, like Gecko) Version/8.0 Safari/600.1.25"
0:0:0:0:0:0:0:1 -  -  [04/Dec/2014:06:19:30 +0000] "GET /files/assets/js/config.js HTTP/1.1" 304 - "http://localhost:8080/inbox" "Mozilla/5.0 (Macintosh; Intel Mac OS X 10_10) AppleWebKit/600.1.25 (KHTML, like Gecko) Version/8.0 Safari/600.1.25"
0:0:0:0:0:0:0:1 -  -  [04/Dec/2014:06:19:30 +0000] "GET /files/assets/js/bui.js HTTP/1.1" 304 - "http://localhost:8080/inbox" "Mozilla/5.0 (Macintosh; Intel Mac OS X 10_10) AppleWebKit/600.1.25 (KHTML, like Gecko) Version/8.0 Safari/600.1.25"
0:0:0:0:0:0:0:1 -  -  [04/Dec/2014:06:19:30 +0000] "GET /files/assets/css/dpl-min.css HTTP/1.1" 304 - "http://localhost:8080/inbox" "Mozilla/5.0 (Macintosh; Intel Mac OS X 10_10) AppleWebKit/600.1.25 (KHTML, like Gecko) Version/8.0 Safari/600.1.25"
0:0:0:0:0:0:0:1 -  -  [04/Dec/2014:06:19:30 +0000] "GET /files/assets/js/common/main-min.js HTTP/1.1" 304 - "http://localhost:8080/inbox" "Mozilla/5.0 (Macintosh; Intel Mac OS X 10_10) AppleWebKit/600.1.25 (KHTML, like Gecko) Version/8.0 Safari/600.1.25"
0:0:0:0:0:0:0:1 -  -  [04/Dec/2014:06:19:30 +0000] "GET /files/assets/js/jquery-1.8.1.min.js HTTP/1.1" 304 - "http://localhost:8080/inbox" "Mozilla/5.0 (Macintosh; Intel Mac OS X 10_10) AppleWebKit/600.1.25 (KHTML, like Gecko) Version/8.0 Safari/600.1.25"
0:0:0:0:0:0:0:1 -  -  [04/Dec/2014:06:19:30 +0000] "GET /showinbox HTTP/1.1" 200 - "http://localhost:8080/files/main/showinbox.html" "Mozilla/5.0 (Macintosh; Intel Mac OS X 10_10) AppleWebKit/600.1.25 (KHTML, like Gecko) Version/8.0 Safari/600.1.25"
0:0:0:0:0:0:0:1 -  -  [04/Dec/2014:06:19:32 +0000] "GET /showinbox?db=yes HTTP/1.1" 200 - "http://localhost:8080/files/main/showinbox.html" "Mozilla/5.0 (Macintosh; Intel Mac OS X 10_10) AppleWebKit/600.1.25 (KHTML, like Gecko) Version/8.0 Safari/600.1.25"
0:0:0:0:0:0:0:1 -  -  [04/Dec/2014:06:19:34 +0000] "GET /showInemail?mailid=GmailId14a13f3d02f25bf1 HTTP/1.1" 200 - "http://localhost:8080/files/main/showinbox.html" "Mozilla/5.0 (Macintosh; Intel Mac OS X 10_10) AppleWebKit/600.1.25 (KHTML, like Gecko) Version/8.0 Safari/600.1.25"
0:0:0:0:0:0:0:1 -  -  [04/Dec/2014:06:20:02 +0000] "GET /files/assets/js/jquery-1.8.1.min.js HTTP/1.1" 304 - "http://localhost:8080/inbox" "Mozilla/5.0 (Macintosh; Intel Mac OS X 10_10) AppleWebKit/600.1.25 (KHTML, like Gecko) Version/8.0 Safari/600.1.25"
0:0:0:0:0:0:0:1 -  -  [04/Dec/2014:06:20:02 +0000] "GET /showinbox HTTP/1.1" 200 - "http://localhost:8080/files/main/showinbox.html" "Mozilla/5.0 (Macintosh; Intel Mac OS X 10_10) AppleWebKit/600.1.25 (KHTML, like Gecko) Version/8.0 Safari/600.1.25"
0:0:0:0:0:0:0:1 -  -  [04/Dec/2014:06:20:04 +0000] "GET /showinbox?db=yes HTTP/1.1" 200 - "http://localhost:8080/files/main/showinbox.html" "Mozilla/5.0 (Macintosh; Intel Mac OS X 10_10) AppleWebKit/600.1.25 (KHTML, like Gecko) Version/8.0 Safari/600.1.25"
0:0:0:0:0:0:0:1 -  -  [04/Dec/2014:06:20:08 +0000] "GET /showInemail?mailid=GmailId14a13f4600da9235 HTTP/1.1" 200 - "http://localhost:8080/files/main/showinbox.html" "Mozilla/5.0 (Macintosh; Intel Mac OS X 10_10) AppleWebKit/600.1.25 (KHTML, like Gecko) Version/8.0 Safari/600.1.25"
0:0:0:0:0:0:0:1 -  -  [04/Dec/2014:06:20:12 +0000] "GET /files/GmailId14a13f4600da9235/ii_i39qhstz0_14a13f457c509e03 HTTP/1.1" 200 1563134 "http://localhost:8080/showInemail?mailid=GmailId14a13f4600da9235" "Mozilla/5.0 (Macintosh; Intel Mac OS X 10_10) AppleWebKit/600.1.25 (KHTML, like Gecko) Version/8.0 Safari/600.1.25"
0:0:0:0:0:0:0:1 -  -  [04/Dec/2014:06:21:01 +0000] "GET /files/assets/js/jquery-1.8.1.min.js HTTP/1.1" 304 - "http://localhost:8080/inbox" "Mozilla/5.0 (Macintosh; Intel Mac OS X 10_10) AppleWebKit/600.1.25 (KHTML, like Gecko) Version/8.0 Safari/600.1.25"
0:0:0:0:0:0:0:1 -  -  [04/Dec/2014:06:21:01 +0000] "GET /showinbox HTTP/1.1" 200 - "http://localhost:8080/files/main/showinbox.html" "Mozilla/5.0 (Macintosh; Intel Mac OS X 10_10) AppleWebKit/600.1.25 (KHTML, like Gecko) Version/8.0 Safari/600.1.25"
0:0:0:0:0:0:0:1 -  -  [04/Dec/2014:06:21:02 +0000] "GET /files/assets/js/jquery-1.8.1.min.js HTTP/1.1" 304 - "http://localhost:8080/inbox" "Mozilla/5.0 (Macintosh; Intel Mac OS X 10_10) AppleWebKit/600.1.25 (KHTML, like Gecko) Version/8.0 Safari/600.1.25"
0:0:0:0:0:0:0:1 -  -  [04/Dec/2014:06:21:02 +0000] "GET /showinbox HTTP/1.1" 200 - "http://localhost:8080/files/main/showinbox.html" "Mozilla/5.0 (Macintosh; Intel Mac OS X 10_10) AppleWebKit/600.1.25 (KHTML, like Gecko) Version/8.0 Safari/600.1.25"
0:0:0:0:0:0:0:1 -  -  [04/Dec/2014:06:21:12 +0000] "GET /inbox HTTP/1.1" 302 - "http://localhost:8080/" "Mozilla/5.0 (Macintosh; Intel Mac OS X 10_10) AppleWebKit/600.1.25 (KHTML, like Gecko) Version/8.0 Safari/600.1.25"
0:0:0:0:0:0:0:1 -  -  [04/Dec/2014:06:21:12 +0000] "GET / HTTP/1.1" 200 - "http://localhost:8080/" "Mozilla/5.0 (Macintosh; Intel Mac OS X 10_10) AppleWebKit/600.1.25 (KHTML, like Gecko) Version/8.0 Safari/600.1.25"
0:0:0:0:0:0:0:1 -  -  [04/Dec/2014:06:21:15 +0000] "POST /doLogin HTTP/1.1" 302 - "http://localhost:8080/" "Mozilla/5.0 (Macintosh; Intel Mac OS X 10_10) AppleWebKit/600.1.25 (KHTML, like Gecko) Version/8.0 Safari/600.1.25"
0:0:0:0:0:0:0:1 -  -  [04/Dec/2014:06:21:15 +0000] "GET / HTTP/1.1" 302 - "http://localhost:8080/" "Mozilla/5.0 (Macintosh; Intel Mac OS X 10_10) AppleWebKit/600.1.25 (KHTML, like Gecko) Version/8.0 Safari/600.1.25"
0:0:0:0:0:0:0:1 -  -  [04/Dec/2014:06:21:15 +0000] "GET /inbox HTTP/1.1" 200 - "http://localhost:8080/" "Mozilla/5.0 (Macintosh; Intel Mac OS X 10_10) AppleWebKit/600.1.25 (KHTML, like Gecko) Version/8.0 Safari/600.1.25"
0:0:0:0:0:0:0:1 -  -  [04/Dec/2014:06:21:15 +0000] "GET /files/assets/css/dpl-min.css HTTP/1.1" 304 - "http://localhost:8080/inbox" "Mozilla/5.0 (Macintosh; Intel Mac OS X 10_10) AppleWebKit/600.1.25 (KHTML, like Gecko) Version/8.0 Safari/600.1.25"
0:0:0:0:0:0:0:1 -  -  [04/Dec/2014:06:21:15 +0000] "GET /files/assets/js/jquery-1.8.1.min.js HTTP/1.1" 304 - "http://localhost:8080/inbox" "Mozilla/5.0 (Macintosh; Intel Mac OS X 10_10) AppleWebKit/600.1.25 (KHTML, like Gecko) Version/8.0 Safari/600.1.25"
0:0:0:0:0:0:0:1 -  -  [04/Dec/2014:06:21:15 +0000] "GET /files/assets/js/bui.js HTTP/1.1" 304 - "http://localhost:8080/inbox" "Mozilla/5.0 (Macintosh; Intel Mac OS X 10_10) AppleWebKit/600.1.25 (KHTML, like Gecko) Version/8.0 Safari/600.1.25"
0:0:0:0:0:0:0:1 -  -  [04/Dec/2014:06:21:15 +0000] "GET /files/assets/css/main-min.css HTTP/1.1" 304 - "http://localhost:8080/inbox" "Mozilla/5.0 (Macintosh; Intel Mac OS X 10_10) AppleWebKit/600.1.25 (KHTML, like Gecko) Version/8.0 Safari/600.1.25"
0:0:0:0:0:0:0:1 -  -  [04/Dec/2014:06:21:15 +0000] "GET /files/assets/css/bui-min.css HTTP/1.1" 304 - "http://localhost:8080/inbox" "Mozilla/5.0 (Macintosh; Intel Mac OS X 10_10) AppleWebKit/600.1.25 (KHTML, like Gecko) Version/8.0 Safari/600.1.25"
0:0:0:0:0:0:0:1 -  -  [04/Dec/2014:06:21:15 +0000] "GET /files/assets/js/config.js HTTP/1.1" 304 - "http://localhost:8080/inbox" "Mozilla/5.0 (Macintosh; Intel Mac OS X 10_10) AppleWebKit/600.1.25 (KHTML, like Gecko) Version/8.0 Safari/600.1.25"
0:0:0:0:0:0:0:1 -  -  [04/Dec/2014:06:21:15 +0000] "GET /files/assets/js/common/main-min.js HTTP/1.1" 304 - "http://localhost:8080/inbox" "Mozilla/5.0 (Macintosh; Intel Mac OS X 10_10) AppleWebKit/600.1.25 (KHTML, like Gecko) Version/8.0 Safari/600.1.25"
0:0:0:0:0:0:0:1 -  -  [04/Dec/2014:06:21:15 +0000] "GET /files/assets/js/jquery-1.8.1.min.js HTTP/1.1" 304 - "http://localhost:8080/inbox" "Mozilla/5.0 (Macintosh; Intel Mac OS X 10_10) AppleWebKit/600.1.25 (KHTML, like Gecko) Version/8.0 Safari/600.1.25"
0:0:0:0:0:0:0:1 -  -  [04/Dec/2014:06:21:15 +0000] "GET /showinbox HTTP/1.1" 200 - "http://localhost:8080/files/main/showinbox.html" "Mozilla/5.0 (Macintosh; Intel Mac OS X 10_10) AppleWebKit/600.1.25 (KHTML, like Gecko) Version/8.0 Safari/600.1.25"
0:0:0:0:0:0:0:1 -  -  [04/Dec/2014:06:21:17 +0000] "GET /showinbox?db=yes HTTP/1.1" 200 - "http://localhost:8080/files/main/showinbox.html" "Mozilla/5.0 (Macintosh; Intel Mac OS X 10_10) AppleWebKit/600.1.25 (KHTML, like Gecko) Version/8.0 Safari/600.1.25"
0:0:0:0:0:0:0:1 -  -  [04/Dec/2014:06:23:36 +0000] "GET /showInemail?mailid=GmailId14a13f549f8ead76 HTTP/1.1" 200 - "http://localhost:8080/files/main/showinbox.html" "Mozilla/5.0 (Macintosh; Intel Mac OS X 10_10) AppleWebKit/600.1.25 (KHTML, like Gecko) Version/8.0 Safari/600.1.25"
0:0:0:0:0:0:0:1 -  -  [04/Dec/2014:06:24:29 +0000] "GET /files/GmailId14a13f549f8ead76/ii_i39qj2ol0_14a13f53e183820d HTTP/1.1" 200 1563134 "http://localhost:8080/showInemail?mailid=GmailId14a13f549f8ead76" "Mozilla/5.0 (Macintosh; Intel Mac OS X 10_10) AppleWebKit/600.1.25 (KHTML, like Gecko) Version/8.0 Safari/600.1.25"
0:0:0:0:0:0:0:1 -  -  [04/Dec/2014:06:27:40 +0000] "GET /inbox HTTP/1.1" 302 - "http://localhost:8080/" "Mozilla/5.0 (Macintosh; Intel Mac OS X 10_10) AppleWebKit/600.1.25 (KHTML, like Gecko) Version/8.0 Safari/600.1.25"
0:0:0:0:0:0:0:1 -  -  [04/Dec/2014:06:27:40 +0000] "GET / HTTP/1.1" 200 - "http://localhost:8080/" "Mozilla/5.0 (Macintosh; Intel Mac OS X 10_10) AppleWebKit/600.1.25 (KHTML, like Gecko) Version/8.0 Safari/600.1.25"
0:0:0:0:0:0:0:1 -  -  [04/Dec/2014:06:27:42 +0000] "POST /doLogin HTTP/1.1" 302 - "http://localhost:8080/" "Mozilla/5.0 (Macintosh; Intel Mac OS X 10_10) AppleWebKit/600.1.25 (KHTML, like Gecko) Version/8.0 Safari/600.1.25"
0:0:0:0:0:0:0:1 -  -  [04/Dec/2014:06:27:42 +0000] "GET / HTTP/1.1" 302 - "http://localhost:8080/" "Mozilla/5.0 (Macintosh; Intel Mac OS X 10_10) AppleWebKit/600.1.25 (KHTML, like Gecko) Version/8.0 Safari/600.1.25"
0:0:0:0:0:0:0:1 -  -  [04/Dec/2014:06:27:42 +0000] "GET /inbox HTTP/1.1" 200 - "http://localhost:8080/" "Mozilla/5.0 (Macintosh; Intel Mac OS X 10_10) AppleWebKit/600.1.25 (KHTML, like Gecko) Version/8.0 Safari/600.1.25"
0:0:0:0:0:0:0:1 -  -  [04/Dec/2014:06:27:42 +0000] "GET /files/assets/css/dpl-min.css HTTP/1.1" 304 - "http://localhost:8080/inbox" "Mozilla/5.0 (Macintosh; Intel Mac OS X 10_10) AppleWebKit/600.1.25 (KHTML, like Gecko) Version/8.0 Safari/600.1.25"
0:0:0:0:0:0:0:1 -  -  [04/Dec/2014:06:27:42 +0000] "GET /files/assets/js/config.js HTTP/1.1" 304 - "http://localhost:8080/inbox" "Mozilla/5.0 (Macintosh; Intel Mac OS X 10_10) AppleWebKit/600.1.25 (KHTML, like Gecko) Version/8.0 Safari/600.1.25"
0:0:0:0:0:0:0:1 -  -  [04/Dec/2014:06:27:42 +0000] "GET /files/assets/js/jquery-1.8.1.min.js HTTP/1.1" 304 - "http://localhost:8080/inbox" "Mozilla/5.0 (Macintosh; Intel Mac OS X 10_10) AppleWebKit/600.1.25 (KHTML, like Gecko) Version/8.0 Safari/600.1.25"
0:0:0:0:0:0:0:1 -  -  [04/Dec/2014:06:27:42 +0000] "GET /files/assets/css/bui-min.css HTTP/1.1" 304 - "http://localhost:8080/inbox" "Mozilla/5.0 (Macintosh; Intel Mac OS X 10_10) AppleWebKit/600.1.25 (KHTML, like Gecko) Version/8.0 Safari/600.1.25"
0:0:0:0:0:0:0:1 -  -  [04/Dec/2014:06:27:42 +0000] "GET /files/assets/js/bui.js HTTP/1.1" 304 - "http://localhost:8080/inbox" "Mozilla/5.0 (Macintosh; Intel Mac OS X 10_10) AppleWebKit/600.1.25 (KHTML, like Gecko) Version/8.0 Safari/600.1.25"
0:0:0:0:0:0:0:1 -  -  [04/Dec/2014:06:27:42 +0000] "GET /files/assets/css/main-min.css HTTP/1.1" 304 - "http://localhost:8080/inbox" "Mozilla/5.0 (Macintosh; Intel Mac OS X 10_10) AppleWebKit/600.1.25 (KHTML, like Gecko) Version/8.0 Safari/600.1.25"
0:0:0:0:0:0:0:1 -  -  [04/Dec/2014:06:27:42 +0000] "GET /files/assets/js/common/main-min.js HTTP/1.1" 304 - "http://localhost:8080/inbox" "Mozilla/5.0 (Macintosh; Intel Mac OS X 10_10) AppleWebKit/600.1.25 (KHTML, like Gecko) Version/8.0 Safari/600.1.25"
0:0:0:0:0:0:0:1 -  -  [04/Dec/2014:06:27:42 +0000] "GET /files/assets/js/jquery-1.8.1.min.js HTTP/1.1" 304 - "http://localhost:8080/inbox" "Mozilla/5.0 (Macintosh; Intel Mac OS X 10_10) AppleWebKit/600.1.25 (KHTML, like Gecko) Version/8.0 Safari/600.1.25"
0:0:0:0:0:0:0:1 -  -  [04/Dec/2014:06:27:42 +0000] "GET /showinbox HTTP/1.1" 200 - "http://localhost:8080/files/main/showinbox.html" "Mozilla/5.0 (Macintosh; Intel Mac OS X 10_10) AppleWebKit/600.1.25 (KHTML, like Gecko) Version/8.0 Safari/600.1.25"
0:0:0:0:0:0:0:1 -  -  [04/Dec/2014:06:27:44 +0000] "GET /showinbox?db=yes HTTP/1.1" 200 - "http://localhost:8080/files/main/showinbox.html" "Mozilla/5.0 (Macintosh; Intel Mac OS X 10_10) AppleWebKit/600.1.25 (KHTML, like Gecko) Version/8.0 Safari/600.1.25"
0:0:0:0:0:0:0:1 -  -  [04/Dec/2014:06:27:46 +0000] "GET /showInemail?mailid=GmailId14a13fb5bcfffeb5 HTTP/1.1" 200 - "http://localhost:8080/files/main/showinbox.html" "Mozilla/5.0 (Macintosh; Intel Mac OS X 10_10) AppleWebKit/600.1.25 (KHTML, like Gecko) Version/8.0 Safari/600.1.25"
0:0:0:0:0:0:0:1 -  -  [04/Dec/2014:06:27:46 +0000] "GET /files/GmailId14a13fb5bcfffeb5/ii_i39qrmbu0_14a13fb55755f221 HTTP/1.1" 200 6031 "http://localhost:8080/showInemail?mailid=GmailId14a13fb5bcfffeb5" "Mozilla/5.0 (Macintosh; Intel Mac OS X 10_10) AppleWebKit/600.1.25 (KHTML, like Gecko) Version/8.0 Safari/600.1.25"
0:0:0:0:0:0:0:1 -  -  [04/Dec/2014:06:28:07 +0000] "GET /files/assets/js/jquery-1.8.1.min.js HTTP/1.1" 304 - "http://localhost:8080/inbox" "Mozilla/5.0 (Macintosh; Intel Mac OS X 10_10) AppleWebKit/600.1.25 (KHTML, like Gecko) Version/8.0 Safari/600.1.25"
0:0:0:0:0:0:0:1 -  -  [04/Dec/2014:06:28:07 +0000] "GET /showinbox HTTP/1.1" 200 - "http://localhost:8080/files/main/showinbox.html" "Mozilla/5.0 (Macintosh; Intel Mac OS X 10_10) AppleWebKit/600.1.25 (KHTML, like Gecko) Version/8.0 Safari/600.1.25"
0:0:0:0:0:0:0:1 -  -  [04/Dec/2014:06:28:08 +0000] "GET /showinbox?db=yes HTTP/1.1" 200 - "http://localhost:8080/files/main/showinbox.html" "Mozilla/5.0 (Macintosh; Intel Mac OS X 10_10) AppleWebKit/600.1.25 (KHTML, like Gecko) Version/8.0 Safari/600.1.25"
0:0:0:0:0:0:0:1 -  -  [04/Dec/2014:06:28:10 +0000] "GET /showInemail?mailid=GmailId14a13fbc9b8ab146 HTTP/1.1" 200 - "http://localhost:8080/files/main/showinbox.html" "Mozilla/5.0 (Macintosh; Intel Mac OS X 10_10) AppleWebKit/600.1.25 (KHTML, like Gecko) Version/8.0 Safari/600.1.25"
0:0:0:0:0:0:0:1 -  -  [04/Dec/2014:06:28:39 +0000] "GET /files/assets/js/jquery-1.8.1.min.js HTTP/1.1" 304 - "http://localhost:8080/inbox" "Mozilla/5.0 (Macintosh; Intel Mac OS X 10_10) AppleWebKit/600.1.25 (KHTML, like Gecko) Version/8.0 Safari/600.1.25"
0:0:0:0:0:0:0:1 -  -  [04/Dec/2014:06:28:39 +0000] "GET /showinbox HTTP/1.1" 200 - "http://localhost:8080/files/main/showinbox.html" "Mozilla/5.0 (Macintosh; Intel Mac OS X 10_10) AppleWebKit/600.1.25 (KHTML, like Gecko) Version/8.0 Safari/600.1.25"
0:0:0:0:0:0:0:1 -  -  [04/Dec/2014:06:28:40 +0000] "GET /showinbox?db=yes HTTP/1.1" 200 - "http://localhost:8080/files/main/showinbox.html" "Mozilla/5.0 (Macintosh; Intel Mac OS X 10_10) AppleWebKit/600.1.25 (KHTML, like Gecko) Version/8.0 Safari/600.1.25"
0:0:0:0:0:0:0:1 -  -  [04/Dec/2014:06:28:45 +0000] "GET /showInemail?mailid=GmailId14a13fc411fc63b9 HTTP/1.1" 200 - "http://localhost:8080/files/main/showinbox.html" "Mozilla/5.0 (Macintosh; Intel Mac OS X 10_10) AppleWebKit/600.1.25 (KHTML, like Gecko) Version/8.0 Safari/600.1.25"
0:0:0:0:0:0:0:1 -  -  [04/Dec/2014:06:29:15 +0000] "GET /files/assets/js/jquery-1.8.1.min.js HTTP/1.1" 304 - "http://localhost:8080/inbox" "Mozilla/5.0 (Macintosh; Intel Mac OS X 10_10) AppleWebKit/600.1.25 (KHTML, like Gecko) Version/8.0 Safari/600.1.25"
0:0:0:0:0:0:0:1 -  -  [04/Dec/2014:06:29:15 +0000] "GET /showinbox HTTP/1.1" 200 - "http://localhost:8080/files/main/showinbox.html" "Mozilla/5.0 (Macintosh; Intel Mac OS X 10_10) AppleWebKit/600.1.25 (KHTML, like Gecko) Version/8.0 Safari/600.1.25"
0:0:0:0:0:0:0:1 -  -  [04/Dec/2014:06:29:17 +0000] "GET /showinbox?db=yes HTTP/1.1" 200 - "http://localhost:8080/files/main/showinbox.html" "Mozilla/5.0 (Macintosh; Intel Mac OS X 10_10) AppleWebKit/600.1.25 (KHTML, like Gecko) Version/8.0 Safari/600.1.25"
0:0:0:0:0:0:0:1 -  -  [04/Dec/2014:06:29:20 +0000] "GET /showInemail?mailid=GmailId14a13fcd43e7eab9 HTTP/1.1" 200 - "http://localhost:8080/files/main/showinbox.html" "Mozilla/5.0 (Macintosh; Intel Mac OS X 10_10) AppleWebKit/600.1.25 (KHTML, like Gecko) Version/8.0 Safari/600.1.25"
0:0:0:0:0:0:0:1 -  -  [04/Dec/2014:06:30:30 +0000] "GET /inbox HTTP/1.1" 302 - "http://localhost:8080/" "Mozilla/5.0 (Macintosh; Intel Mac OS X 10_10) AppleWebKit/600.1.25 (KHTML, like Gecko) Version/8.0 Safari/600.1.25"
0:0:0:0:0:0:0:1 -  -  [04/Dec/2014:06:30:30 +0000] "GET / HTTP/1.1" 200 - "http://localhost:8080/" "Mozilla/5.0 (Macintosh; Intel Mac OS X 10_10) AppleWebKit/600.1.25 (KHTML, like Gecko) Version/8.0 Safari/600.1.25"
0:0:0:0:0:0:0:1 -  -  [04/Dec/2014:06:30:33 +0000] "POST /doLogin HTTP/1.1" 302 - "http://localhost:8080/" "Mozilla/5.0 (Macintosh; Intel Mac OS X 10_10) AppleWebKit/600.1.25 (KHTML, like Gecko) Version/8.0 Safari/600.1.25"
0:0:0:0:0:0:0:1 -  -  [04/Dec/2014:06:30:33 +0000] "GET / HTTP/1.1" 302 - "http://localhost:8080/" "Mozilla/5.0 (Macintosh; Intel Mac OS X 10_10) AppleWebKit/600.1.25 (KHTML, like Gecko) Version/8.0 Safari/600.1.25"
0:0:0:0:0:0:0:1 -  -  [04/Dec/2014:06:30:33 +0000] "GET /inbox HTTP/1.1" 200 - "http://localhost:8080/" "Mozilla/5.0 (Macintosh; Intel Mac OS X 10_10) AppleWebKit/600.1.25 (KHTML, like Gecko) Version/8.0 Safari/600.1.25"
0:0:0:0:0:0:0:1 -  -  [04/Dec/2014:06:30:33 +0000] "GET /files/assets/css/dpl-min.css HTTP/1.1" 304 - "http://localhost:8080/inbox" "Mozilla/5.0 (Macintosh; Intel Mac OS X 10_10) AppleWebKit/600.1.25 (KHTML, like Gecko) Version/8.0 Safari/600.1.25"
0:0:0:0:0:0:0:1 -  -  [04/Dec/2014:06:30:33 +0000] "GET /files/assets/css/bui-min.css HTTP/1.1" 304 - "http://localhost:8080/inbox" "Mozilla/5.0 (Macintosh; Intel Mac OS X 10_10) AppleWebKit/600.1.25 (KHTML, like Gecko) Version/8.0 Safari/600.1.25"
0:0:0:0:0:0:0:1 -  -  [04/Dec/2014:06:30:33 +0000] "GET /files/assets/js/jquery-1.8.1.min.js HTTP/1.1" 304 - "http://localhost:8080/inbox" "Mozilla/5.0 (Macintosh; Intel Mac OS X 10_10) AppleWebKit/600.1.25 (KHTML, like Gecko) Version/8.0 Safari/600.1.25"
0:0:0:0:0:0:0:1 -  -  [04/Dec/2014:06:30:33 +0000] "GET /files/assets/js/config.js HTTP/1.1" 304 - "http://localhost:8080/inbox" "Mozilla/5.0 (Macintosh; Intel Mac OS X 10_10) AppleWebKit/600.1.25 (KHTML, like Gecko) Version/8.0 Safari/600.1.25"
0:0:0:0:0:0:0:1 -  -  [04/Dec/2014:06:30:33 +0000] "GET /files/assets/css/main-min.css HTTP/1.1" 304 - "http://localhost:8080/inbox" "Mozilla/5.0 (Macintosh; Intel Mac OS X 10_10) AppleWebKit/600.1.25 (KHTML, like Gecko) Version/8.0 Safari/600.1.25"
0:0:0:0:0:0:0:1 -  -  [04/Dec/2014:06:30:33 +0000] "GET /files/assets/js/bui.js HTTP/1.1" 304 - "http://localhost:8080/inbox" "Mozilla/5.0 (Macintosh; Intel Mac OS X 10_10) AppleWebKit/600.1.25 (KHTML, like Gecko) Version/8.0 Safari/600.1.25"
0:0:0:0:0:0:0:1 -  -  [04/Dec/2014:06:30:33 +0000] "GET /files/assets/js/common/main-min.js HTTP/1.1" 304 - "http://localhost:8080/inbox" "Mozilla/5.0 (Macintosh; Intel Mac OS X 10_10) AppleWebKit/600.1.25 (KHTML, like Gecko) Version/8.0 Safari/600.1.25"
0:0:0:0:0:0:0:1 -  -  [04/Dec/2014:06:30:33 +0000] "GET /files/assets/js/jquery-1.8.1.min.js HTTP/1.1" 304 - "http://localhost:8080/inbox" "Mozilla/5.0 (Macintosh; Intel Mac OS X 10_10) AppleWebKit/600.1.25 (KHTML, like Gecko) Version/8.0 Safari/600.1.25"
0:0:0:0:0:0:0:1 -  -  [04/Dec/2014:06:30:33 +0000] "GET /showinbox HTTP/1.1" 200 - "http://localhost:8080/files/main/showinbox.html" "Mozilla/5.0 (Macintosh; Intel Mac OS X 10_10) AppleWebKit/600.1.25 (KHTML, like Gecko) Version/8.0 Safari/600.1.25"
0:0:0:0:0:0:0:1 -  -  [04/Dec/2014:06:30:34 +0000] "GET /showinbox?db=yes HTTP/1.1" 200 - "http://localhost:8080/files/main/showinbox.html" "Mozilla/5.0 (Macintosh; Intel Mac OS X 10_10) AppleWebKit/600.1.25 (KHTML, like Gecko) Version/8.0 Safari/600.1.25"
0:0:0:0:0:0:0:1 -  -  [04/Dec/2014:06:30:37 +0000] "GET /showInemail?mailid=GmailId14a13fdf6981be73 HTTP/1.1" 200 - "http://localhost:8080/files/main/showinbox.html" "Mozilla/5.0 (Macintosh; Intel Mac OS X 10_10) AppleWebKit/600.1.25 (KHTML, like Gecko) Version/8.0 Safari/600.1.25"
0:0:0:0:0:0:0:1 -  -  [04/Dec/2014:06:31:04 +0000] "GET /files/assets/js/jquery-1.8.1.min.js HTTP/1.1" 304 - "http://localhost:8080/inbox" "Mozilla/5.0 (Macintosh; Intel Mac OS X 10_10) AppleWebKit/600.1.25 (KHTML, like Gecko) Version/8.0 Safari/600.1.25"
0:0:0:0:0:0:0:1 -  -  [04/Dec/2014:06:31:04 +0000] "GET /showinbox HTTP/1.1" 200 - "http://localhost:8080/files/main/showinbox.html" "Mozilla/5.0 (Macintosh; Intel Mac OS X 10_10) AppleWebKit/600.1.25 (KHTML, like Gecko) Version/8.0 Safari/600.1.25"
0:0:0:0:0:0:0:1 -  -  [04/Dec/2014:06:31:05 +0000] "GET /showinbox?db=yes HTTP/1.1" 200 - "http://localhost:8080/files/main/showinbox.html" "Mozilla/5.0 (Macintosh; Intel Mac OS X 10_10) AppleWebKit/600.1.25 (KHTML, like Gecko) Version/8.0 Safari/600.1.25"
0:0:0:0:0:0:0:1 -  -  [04/Dec/2014:06:31:07 +0000] "GET /showInemail?mailid=GmailId14a13fe705d01ee8 HTTP/1.1" 200 - "http://localhost:8080/files/main/showinbox.html" "Mozilla/5.0 (Macintosh; Intel Mac OS X 10_10) AppleWebKit/600.1.25 (KHTML, like Gecko) Version/8.0 Safari/600.1.25"
0:0:0:0:0:0:0:1 -  -  [04/Dec/2014:06:35:18 +0000] "GET /inbox HTTP/1.1" 302 - "http://localhost:8080/" "Mozilla/5.0 (Macintosh; Intel Mac OS X 10_10) AppleWebKit/600.1.25 (KHTML, like Gecko) Version/8.0 Safari/600.1.25"
0:0:0:0:0:0:0:1 -  -  [04/Dec/2014:06:35:18 +0000] "GET / HTTP/1.1" 200 - "http://localhost:8080/" "Mozilla/5.0 (Macintosh; Intel Mac OS X 10_10) AppleWebKit/600.1.25 (KHTML, like Gecko) Version/8.0 Safari/600.1.25"
0:0:0:0:0:0:0:1 -  -  [04/Dec/2014:06:35:22 +0000] "POST /doLogin HTTP/1.1" 302 - "http://localhost:8080/" "Mozilla/5.0 (Macintosh; Intel Mac OS X 10_10) AppleWebKit/600.1.25 (KHTML, like Gecko) Version/8.0 Safari/600.1.25"
0:0:0:0:0:0:0:1 -  -  [04/Dec/2014:06:35:22 +0000] "GET / HTTP/1.1" 302 - "http://localhost:8080/" "Mozilla/5.0 (Macintosh; Intel Mac OS X 10_10) AppleWebKit/600.1.25 (KHTML, like Gecko) Version/8.0 Safari/600.1.25"
0:0:0:0:0:0:0:1 -  -  [04/Dec/2014:06:35:22 +0000] "GET /inbox HTTP/1.1" 200 - "http://localhost:8080/" "Mozilla/5.0 (Macintosh; Intel Mac OS X 10_10) AppleWebKit/600.1.25 (KHTML, like Gecko) Version/8.0 Safari/600.1.25"
0:0:0:0:0:0:0:1 -  -  [04/Dec/2014:06:35:22 +0000] "GET /files/assets/css/main-min.css HTTP/1.1" 304 - "http://localhost:8080/inbox" "Mozilla/5.0 (Macintosh; Intel Mac OS X 10_10) AppleWebKit/600.1.25 (KHTML, like Gecko) Version/8.0 Safari/600.1.25"
0:0:0:0:0:0:0:1 -  -  [04/Dec/2014:06:35:22 +0000] "GET /files/assets/js/jquery-1.8.1.min.js HTTP/1.1" 304 - "http://localhost:8080/inbox" "Mozilla/5.0 (Macintosh; Intel Mac OS X 10_10) AppleWebKit/600.1.25 (KHTML, like Gecko) Version/8.0 Safari/600.1.25"
0:0:0:0:0:0:0:1 -  -  [04/Dec/2014:06:35:22 +0000] "GET /files/assets/css/bui-min.css HTTP/1.1" 304 - "http://localhost:8080/inbox" "Mozilla/5.0 (Macintosh; Intel Mac OS X 10_10) AppleWebKit/600.1.25 (KHTML, like Gecko) Version/8.0 Safari/600.1.25"
0:0:0:0:0:0:0:1 -  -  [04/Dec/2014:06:35:22 +0000] "GET /files/assets/js/bui.js HTTP/1.1" 304 - "http://localhost:8080/inbox" "Mozilla/5.0 (Macintosh; Intel Mac OS X 10_10) AppleWebKit/600.1.25 (KHTML, like Gecko) Version/8.0 Safari/600.1.25"
0:0:0:0:0:0:0:1 -  -  [04/Dec/2014:06:35:22 +0000] "GET /files/assets/js/config.js HTTP/1.1" 304 - "http://localhost:8080/inbox" "Mozilla/5.0 (Macintosh; Intel Mac OS X 10_10) AppleWebKit/600.1.25 (KHTML, like Gecko) Version/8.0 Safari/600.1.25"
0:0:0:0:0:0:0:1 -  -  [04/Dec/2014:06:35:22 +0000] "GET /files/assets/css/dpl-min.css HTTP/1.1" 304 - "http://localhost:8080/inbox" "Mozilla/5.0 (Macintosh; Intel Mac OS X 10_10) AppleWebKit/600.1.25 (KHTML, like Gecko) Version/8.0 Safari/600.1.25"
0:0:0:0:0:0:0:1 -  -  [04/Dec/2014:06:35:22 +0000] "GET /files/assets/js/common/main-min.js HTTP/1.1" 304 - "http://localhost:8080/inbox" "Mozilla/5.0 (Macintosh; Intel Mac OS X 10_10) AppleWebKit/600.1.25 (KHTML, like Gecko) Version/8.0 Safari/600.1.25"
0:0:0:0:0:0:0:1 -  -  [04/Dec/2014:06:35:22 +0000] "GET /files/assets/js/jquery-1.8.1.min.js HTTP/1.1" 304 - "http://localhost:8080/inbox" "Mozilla/5.0 (Macintosh; Intel Mac OS X 10_10) AppleWebKit/600.1.25 (KHTML, like Gecko) Version/8.0 Safari/600.1.25"
0:0:0:0:0:0:0:1 -  -  [04/Dec/2014:06:35:22 +0000] "GET /showinbox HTTP/1.1" 200 - "http://localhost:8080/files/main/showinbox.html" "Mozilla/5.0 (Macintosh; Intel Mac OS X 10_10) AppleWebKit/600.1.25 (KHTML, like Gecko) Version/8.0 Safari/600.1.25"
0:0:0:0:0:0:0:1 -  -  [04/Dec/2014:06:35:56 +0000] "GET /showinbox?db=yes HTTP/1.1" 200 - "http://localhost:8080/files/main/showinbox.html" "Mozilla/5.0 (Macintosh; Intel Mac OS X 10_10) AppleWebKit/600.1.25 (KHTML, like Gecko) Version/8.0 Safari/600.1.25"
0:0:0:0:0:0:0:1 -  -  [04/Dec/2014:06:35:58 +0000] "GET /showInemail?mailid=GmailId14a1402e945f6ddf HTTP/1.1" 200 - "http://localhost:8080/files/main/showinbox.html" "Mozilla/5.0 (Macintosh; Intel Mac OS X 10_10) AppleWebKit/600.1.25 (KHTML, like Gecko) Version/8.0 Safari/600.1.25"
0:0:0:0:0:0:0:1 -  -  [04/Dec/2014:06:36:21 +0000] "GET /files/assets/js/jquery-1.8.1.min.js HTTP/1.1" 304 - "http://localhost:8080/inbox" "Mozilla/5.0 (Macintosh; Intel Mac OS X 10_10) AppleWebKit/600.1.25 (KHTML, like Gecko) Version/8.0 Safari/600.1.25"
0:0:0:0:0:0:0:1 -  -  [04/Dec/2014:06:36:21 +0000] "GET /showinbox HTTP/1.1" 200 - "http://localhost:8080/files/main/showinbox.html" "Mozilla/5.0 (Macintosh; Intel Mac OS X 10_10) AppleWebKit/600.1.25 (KHTML, like Gecko) Version/8.0 Safari/600.1.25"
0:0:0:0:0:0:0:1 -  -  [04/Dec/2014:06:36:22 +0000] "GET /showinbox?db=yes HTTP/1.1" 200 - "http://localhost:8080/files/main/showinbox.html" "Mozilla/5.0 (Macintosh; Intel Mac OS X 10_10) AppleWebKit/600.1.25 (KHTML, like Gecko) Version/8.0 Safari/600.1.25"
0:0:0:0:0:0:0:1 -  -  [04/Dec/2014:06:36:24 +0000] "GET /showInemail?mailid=GmailId14a14034c367eaca HTTP/1.1" 200 - "http://localhost:8080/files/main/showinbox.html" "Mozilla/5.0 (Macintosh; Intel Mac OS X 10_10) AppleWebKit/600.1.25 (KHTML, like Gecko) Version/8.0 Safari/600.1.25"
0:0:0:0:0:0:0:1 -  -  [04/Dec/2014:06:37:45 +0000] "GET /inbox HTTP/1.1" 302 - "http://localhost:8080/" "Mozilla/5.0 (Macintosh; Intel Mac OS X 10_10) AppleWebKit/600.1.25 (KHTML, like Gecko) Version/8.0 Safari/600.1.25"
0:0:0:0:0:0:0:1 -  -  [04/Dec/2014:06:37:45 +0000] "GET / HTTP/1.1" 200 - "http://localhost:8080/" "Mozilla/5.0 (Macintosh; Intel Mac OS X 10_10) AppleWebKit/600.1.25 (KHTML, like Gecko) Version/8.0 Safari/600.1.25"
0:0:0:0:0:0:0:1 -  -  [04/Dec/2014:06:37:48 +0000] "POST /doLogin HTTP/1.1" 302 - "http://localhost:8080/" "Mozilla/5.0 (Macintosh; Intel Mac OS X 10_10) AppleWebKit/600.1.25 (KHTML, like Gecko) Version/8.0 Safari/600.1.25"
0:0:0:0:0:0:0:1 -  -  [04/Dec/2014:06:37:48 +0000] "GET / HTTP/1.1" 302 - "http://localhost:8080/" "Mozilla/5.0 (Macintosh; Intel Mac OS X 10_10) AppleWebKit/600.1.25 (KHTML, like Gecko) Version/8.0 Safari/600.1.25"
0:0:0:0:0:0:0:1 -  -  [04/Dec/2014:06:37:48 +0000] "GET /inbox HTTP/1.1" 200 - "http://localhost:8080/" "Mozilla/5.0 (Macintosh; Intel Mac OS X 10_10) AppleWebKit/600.1.25 (KHTML, like Gecko) Version/8.0 Safari/600.1.25"
0:0:0:0:0:0:0:1 -  -  [04/Dec/2014:06:37:48 +0000] "GET /files/assets/css/bui-min.css HTTP/1.1" 304 - "http://localhost:8080/inbox" "Mozilla/5.0 (Macintosh; Intel Mac OS X 10_10) AppleWebKit/600.1.25 (KHTML, like Gecko) Version/8.0 Safari/600.1.25"
0:0:0:0:0:0:0:1 -  -  [04/Dec/2014:06:37:48 +0000] "GET /files/assets/css/dpl-min.css HTTP/1.1" 304 - "http://localhost:8080/inbox" "Mozilla/5.0 (Macintosh; Intel Mac OS X 10_10) AppleWebKit/600.1.25 (KHTML, like Gecko) Version/8.0 Safari/600.1.25"
0:0:0:0:0:0:0:1 -  -  [04/Dec/2014:06:37:48 +0000] "GET /files/assets/js/config.js HTTP/1.1" 304 - "http://localhost:8080/inbox" "Mozilla/5.0 (Macintosh; Intel Mac OS X 10_10) AppleWebKit/600.1.25 (KHTML, like Gecko) Version/8.0 Safari/600.1.25"
0:0:0:0:0:0:0:1 -  -  [04/Dec/2014:06:37:48 +0000] "GET /files/assets/js/bui.js HTTP/1.1" 304 - "http://localhost:8080/inbox" "Mozilla/5.0 (Macintosh; Intel Mac OS X 10_10) AppleWebKit/600.1.25 (KHTML, like Gecko) Version/8.0 Safari/600.1.25"
0:0:0:0:0:0:0:1 -  -  [04/Dec/2014:06:37:48 +0000] "GET /files/assets/css/main-min.css HTTP/1.1" 304 - "http://localhost:8080/inbox" "Mozilla/5.0 (Macintosh; Intel Mac OS X 10_10) AppleWebKit/600.1.25 (KHTML, like Gecko) Version/8.0 Safari/600.1.25"
0:0:0:0:0:0:0:1 -  -  [04/Dec/2014:06:37:48 +0000] "GET /files/assets/js/common/main-min.js HTTP/1.1" 304 - "http://localhost:8080/inbox" "Mozilla/5.0 (Macintosh; Intel Mac OS X 10_10) AppleWebKit/600.1.25 (KHTML, like Gecko) Version/8.0 Safari/600.1.25"
0:0:0:0:0:0:0:1 -  -  [04/Dec/2014:06:37:48 +0000] "GET /files/assets/js/jquery-1.8.1.min.js HTTP/1.1" 304 - "http://localhost:8080/inbox" "Mozilla/5.0 (Macintosh; Intel Mac OS X 10_10) AppleWebKit/600.1.25 (KHTML, like Gecko) Version/8.0 Safari/600.1.25"
0:0:0:0:0:0:0:1 -  -  [04/Dec/2014:06:37:48 +0000] "GET /showinbox HTTP/1.1" 200 - "http://localhost:8080/files/main/showinbox.html" "Mozilla/5.0 (Macintosh; Intel Mac OS X 10_10) AppleWebKit/600.1.25 (KHTML, like Gecko) Version/8.0 Safari/600.1.25"
0:0:0:0:0:0:0:1 -  -  [04/Dec/2014:06:37:49 +0000] "GET /showinbox?db=yes HTTP/1.1" 200 - "http://localhost:8080/files/main/showinbox.html" "Mozilla/5.0 (Macintosh; Intel Mac OS X 10_10) AppleWebKit/600.1.25 (KHTML, like Gecko) Version/8.0 Safari/600.1.25"
0:0:0:0:0:0:0:1 -  -  [04/Dec/2014:06:37:52 +0000] "GET /showInemail?mailid=GmailId14a14046b9d3489d HTTP/1.1" 200 - "http://localhost:8080/files/main/showinbox.html" "Mozilla/5.0 (Macintosh; Intel Mac OS X 10_10) AppleWebKit/600.1.25 (KHTML, like Gecko) Version/8.0 Safari/600.1.25"
0:0:0:0:0:0:0:1 -  -  [04/Dec/2014:06:37:54 +0000] "GET /files/GmailId14a14046b9d3489d/ii_i39r4bcm0_14a14045f10308fc HTTP/1.1" 200 1563134 "http://localhost:8080/showInemail?mailid=GmailId14a14046b9d3489d" "Mozilla/5.0 (Macintosh; Intel Mac OS X 10_10) AppleWebKit/600.1.25 (KHTML, like Gecko) Version/8.0 Safari/600.1.25"
0:0:0:0:0:0:0:1 -  -  [04/Dec/2014:06:38:16 +0000] "GET /files/assets/js/jquery-1.8.1.min.js HTTP/1.1" 304 - "http://localhost:8080/inbox" "Mozilla/5.0 (Macintosh; Intel Mac OS X 10_10) AppleWebKit/600.1.25 (KHTML, like Gecko) Version/8.0 Safari/600.1.25"
0:0:0:0:0:0:0:1 -  -  [04/Dec/2014:06:38:16 +0000] "GET /showinbox HTTP/1.1" 200 - "http://localhost:8080/files/main/showinbox.html" "Mozilla/5.0 (Macintosh; Intel Mac OS X 10_10) AppleWebKit/600.1.25 (KHTML, like Gecko) Version/8.0 Safari/600.1.25"
0:0:0:0:0:0:0:1 -  -  [04/Dec/2014:06:38:18 +0000] "GET /showinbox?db=yes HTTP/1.1" 200 - "http://localhost:8080/files/main/showinbox.html" "Mozilla/5.0 (Macintosh; Intel Mac OS X 10_10) AppleWebKit/600.1.25 (KHTML, like Gecko) Version/8.0 Safari/600.1.25"
0:0:0:0:0:0:0:1 -  -  [04/Dec/2014:06:38:20 +0000] "GET /showInemail?mailid=GmailId14a14050feab4e8f HTTP/1.1" 200 - "http://localhost:8080/files/main/showinbox.html" "Mozilla/5.0 (Macintosh; Intel Mac OS X 10_10) AppleWebKit/600.1.25 (KHTML, like Gecko) Version/8.0 Safari/600.1.25"
0:0:0:0:0:0:0:1 -  -  [04/Dec/2014:06:38:20 +0000] "GET /files/GmailId14a14050feab4e8f/ii_i39r58xk0_14a1405099c92cee HTTP/1.1" 200 6031 "http://localhost:8080/showInemail?mailid=GmailId14a14050feab4e8f" "Mozilla/5.0 (Macintosh; Intel Mac OS X 10_10) AppleWebKit/600.1.25 (KHTML, like Gecko) Version/8.0 Safari/600.1.25"
0:0:0:0:0:0:0:1 -  -  [04/Dec/2014:06:38:49 +0000] "GET /files/assets/js/jquery-1.8.1.min.js HTTP/1.1" 304 - "http://localhost:8080/inbox" "Mozilla/5.0 (Macintosh; Intel Mac OS X 10_10) AppleWebKit/600.1.25 (KHTML, like Gecko) Version/8.0 Safari/600.1.25"
0:0:0:0:0:0:0:1 -  -  [04/Dec/2014:06:38:49 +0000] "GET /showinbox HTTP/1.1" 200 - "http://localhost:8080/files/main/showinbox.html" "Mozilla/5.0 (Macintosh; Intel Mac OS X 10_10) AppleWebKit/600.1.25 (KHTML, like Gecko) Version/8.0 Safari/600.1.25"
0:0:0:0:0:0:0:1 -  -  [04/Dec/2014:06:38:50 +0000] "GET /showinbox?db=yes HTTP/1.1" 200 - "http://localhost:8080/files/main/showinbox.html" "Mozilla/5.0 (Macintosh; Intel Mac OS X 10_10) AppleWebKit/600.1.25 (KHTML, like Gecko) Version/8.0 Safari/600.1.25"
0:0:0:0:0:0:0:1 -  -  [04/Dec/2014:06:38:53 +0000] "GET /showInemail?mailid=GmailId14a140593cd5ebde HTTP/1.1" 200 - "http://localhost:8080/files/main/showinbox.html" "Mozilla/5.0 (Macintosh; Intel Mac OS X 10_10) AppleWebKit/600.1.25 (KHTML, like Gecko) Version/8.0 Safari/600.1.25"
0:0:0:0:0:0:0:1 -  -  [04/Dec/2014:06:38:53 +0000] "GET /files/GmailId14a140593cd5ebde/ii_i39r5yhp0_14a140589ace5019 HTTP/1.1" 200 609065 "http://localhost:8080/showInemail?mailid=GmailId14a140593cd5ebde" "Mozilla/5.0 (Macintosh; Intel Mac OS X 10_10) AppleWebKit/600.1.25 (KHTML, like Gecko) Version/8.0 Safari/600.1.25"
