0:0:0:0:0:0:0:1 -  -  [30/Nov/2014:01:03:57 +0000] "GET /inbox HTTP/1.1" 302 - "http://localhost:8080/" "Mozilla/5.0 (Macintosh; Intel Mac OS X 10_10_0) AppleWebKit/537.36 (KHTML, like Gecko) Chrome/39.0.2171.65 Safari/537.36"
0:0:0:0:0:0:0:1 -  -  [30/Nov/2014:01:03:57 +0000] "GET / HTTP/1.1" 200 - "http://localhost:8080/" "Mozilla/5.0 (Macintosh; Intel Mac OS X 10_10_0) AppleWebKit/537.36 (KHTML, like Gecko) Chrome/39.0.2171.65 Safari/537.36"
0:0:0:0:0:0:0:1 -  -  [30/Nov/2014:01:03:58 +0000] "POST /doLogin HTTP/1.1" 302 - "http://localhost:8080/" "Mozilla/5.0 (Macintosh; Intel Mac OS X 10_10_0) AppleWebKit/537.36 (KHTML, like Gecko) Chrome/39.0.2171.65 Safari/537.36"
0:0:0:0:0:0:0:1 -  -  [30/Nov/2014:01:03:58 +0000] "GET /inbox HTTP/1.1" 200 - "http://localhost:8080/" "Mozilla/5.0 (Macintosh; Intel Mac OS X 10_10_0) AppleWebKit/537.36 (KHTML, like Gecko) Chrome/39.0.2171.65 Safari/537.36"
0:0:0:0:0:0:0:1 -  -  [30/Nov/2014:01:03:58 +0000] "GET /showinbox HTTP/1.1" 200 - "http://localhost:8080/files/main/showinbox.html" "Mozilla/5.0 (Macintosh; Intel Mac OS X 10_10_0) AppleWebKit/537.36 (KHTML, like Gecko) Chrome/39.0.2171.65 Safari/537.36"
0:0:0:0:0:0:0:1 -  -  [30/Nov/2014:01:03:59 +0000] "GET /files/main/write-menu.html HTTP/1.1" 304 - "http://localhost:8080/inbox" "Mozilla/5.0 (Macintosh; Intel Mac OS X 10_10_0) AppleWebKit/537.36 (KHTML, like Gecko) Chrome/39.0.2171.65 Safari/537.36"
0:0:0:0:0:0:0:1 -  -  [30/Nov/2014:01:03:59 +0000] "GET /showTo HTTP/1.1" 200 - "http://localhost:8080/files/main/write-menu.html" "Mozilla/5.0 (Macintosh; Intel Mac OS X 10_10_0) AppleWebKit/537.36 (KHTML, like Gecko) Chrome/39.0.2171.65 Safari/537.36"
0:0:0:0:0:0:0:1 -  -  [30/Nov/2014:01:04:09 +0000] "POST /sendEmail HTTP/1.1" 302 - "http://localhost:8080/files/main/write-menu.html" "Mozilla/5.0 (Macintosh; Intel Mac OS X 10_10_0) AppleWebKit/537.36 (KHTML, like Gecko) Chrome/39.0.2171.65 Safari/537.36"
0:0:0:0:0:0:0:1 -  -  [30/Nov/2014:01:04:36 +0000] "GET /files/main/outbox.html HTTP/1.1" 304 - "http://localhost:8080/files/main/write-menu.html" "Mozilla/5.0 (Macintosh; Intel Mac OS X 10_10_0) AppleWebKit/537.36 (KHTML, like Gecko) Chrome/39.0.2171.65 Safari/537.36"
0:0:0:0:0:0:0:1 -  -  [30/Nov/2014:01:04:36 +0000] "GET /showoutbox?db=yes HTTP/1.1" 200 - "http://localhost:8080/files/main/outbox.html" "Mozilla/5.0 (Macintosh; Intel Mac OS X 10_10_0) AppleWebKit/537.36 (KHTML, like Gecko) Chrome/39.0.2171.65 Safari/537.36"
0:0:0:0:0:0:0:1 -  -  [30/Nov/2014:01:06:23 +0000] "GET /showinbox HTTP/1.1" 200 - "http://localhost:8080/files/main/showinbox.html" "Mozilla/5.0 (Macintosh; Intel Mac OS X 10_10_0) AppleWebKit/537.36 (KHTML, like Gecko) Chrome/39.0.2171.65 Safari/537.36"
0:0:0:0:0:0:0:1 -  -  [30/Nov/2014:01:06:24 +0000] "GET /showoutbox?db=yes HTTP/1.1" 200 - "http://localhost:8080/files/main/outbox.html" "Mozilla/5.0 (Macintosh; Intel Mac OS X 10_10_0) AppleWebKit/537.36 (KHTML, like Gecko) Chrome/39.0.2171.65 Safari/537.36"
0:0:0:0:0:0:0:1 -  -  [30/Nov/2014:01:06:26 +0000] "GET /showOutemail?mailid=2014/11/29%2017:04:36 HTTP/1.1" 200 - "http://localhost:8080/files/main/outbox.html" "Mozilla/5.0 (Macintosh; Intel Mac OS X 10_10_0) AppleWebKit/537.36 (KHTML, like Gecko) Chrome/39.0.2171.65 Safari/537.36"
0:0:0:0:0:0:0:1 -  -  [30/Nov/2014:01:06:28 +0000] "GET /showTrash HTTP/1.1" 200 - "http://localhost:8080/files/main/second-menu.html" "Mozilla/5.0 (Macintosh; Intel Mac OS X 10_10_0) AppleWebKit/537.36 (KHTML, like Gecko) Chrome/39.0.2171.65 Safari/537.36"
0:0:0:0:0:0:0:1 -  -  [30/Nov/2014:01:06:29 +0000] "GET /showinbox HTTP/1.1" 200 - "http://localhost:8080/files/main/showinbox.html" "Mozilla/5.0 (Macintosh; Intel Mac OS X 10_10_0) AppleWebKit/537.36 (KHTML, like Gecko) Chrome/39.0.2171.65 Safari/537.36"
0:0:0:0:0:0:0:1 -  -  [30/Nov/2014:01:06:30 +0000] "GET /showinbox?db=yes HTTP/1.1" 200 - "http://localhost:8080/files/main/showinbox.html" "Mozilla/5.0 (Macintosh; Intel Mac OS X 10_10_0) AppleWebKit/537.36 (KHTML, like Gecko) Chrome/39.0.2171.65 Safari/537.36"
0:0:0:0:0:0:0:1 -  -  [30/Nov/2014:01:09:09 +0000] "GET /inbox HTTP/1.1" 302 - "http://localhost:8080/" "Mozilla/5.0 (Macintosh; Intel Mac OS X 10_10_0) AppleWebKit/537.36 (KHTML, like Gecko) Chrome/39.0.2171.65 Safari/537.36"
0:0:0:0:0:0:0:1 -  -  [30/Nov/2014:01:09:09 +0000] "GET / HTTP/1.1" 200 - "http://localhost:8080/" "Mozilla/5.0 (Macintosh; Intel Mac OS X 10_10_0) AppleWebKit/537.36 (KHTML, like Gecko) Chrome/39.0.2171.65 Safari/537.36"
0:0:0:0:0:0:0:1 -  -  [30/Nov/2014:01:09:10 +0000] "POST /doLogin HTTP/1.1" 302 - "http://localhost:8080/" "Mozilla/5.0 (Macintosh; Intel Mac OS X 10_10_0) AppleWebKit/537.36 (KHTML, like Gecko) Chrome/39.0.2171.65 Safari/537.36"
0:0:0:0:0:0:0:1 -  -  [30/Nov/2014:01:09:10 +0000] "GET /inbox HTTP/1.1" 200 - "http://localhost:8080/" "Mozilla/5.0 (Macintosh; Intel Mac OS X 10_10_0) AppleWebKit/537.36 (KHTML, like Gecko) Chrome/39.0.2171.65 Safari/537.36"
0:0:0:0:0:0:0:1 -  -  [30/Nov/2014:01:09:10 +0000] "GET /showinbox HTTP/1.1" 200 - "http://localhost:8080/files/main/showinbox.html" "Mozilla/5.0 (Macintosh; Intel Mac OS X 10_10_0) AppleWebKit/537.36 (KHTML, like Gecko) Chrome/39.0.2171.65 Safari/537.36"
0:0:0:0:0:0:0:1 -  -  [30/Nov/2014:01:09:12 +0000] "GET /showinbox?db=yes HTTP/1.1" 200 - "http://localhost:8080/files/main/showinbox.html" "Mozilla/5.0 (Macintosh; Intel Mac OS X 10_10_0) AppleWebKit/537.36 (KHTML, like Gecko) Chrome/39.0.2171.65 Safari/537.36"
0:0:0:0:0:0:0:1 -  -  [30/Nov/2014:01:09:25 +0000] "GET /showInemail?mailid=GmailId149fe3a52c97b892 HTTP/1.1" 200 - "http://localhost:8080/files/main/showinbox.html" "Mozilla/5.0 (Macintosh; Intel Mac OS X 10_10_0) AppleWebKit/537.36 (KHTML, like Gecko) Chrome/39.0.2171.65 Safari/537.36"
0:0:0:0:0:0:0:1 -  -  [30/Nov/2014:01:18:14 +0000] "GET /inbox HTTP/1.1" 302 - "http://localhost:8080/" "Mozilla/5.0 (Macintosh; Intel Mac OS X 10_10_0) AppleWebKit/537.36 (KHTML, like Gecko) Chrome/39.0.2171.65 Safari/537.36"
0:0:0:0:0:0:0:1 -  -  [30/Nov/2014:01:18:14 +0000] "GET / HTTP/1.1" 200 - "http://localhost:8080/" "Mozilla/5.0 (Macintosh; Intel Mac OS X 10_10_0) AppleWebKit/537.36 (KHTML, like Gecko) Chrome/39.0.2171.65 Safari/537.36"
0:0:0:0:0:0:0:1 -  -  [30/Nov/2014:01:18:15 +0000] "POST /doLogin HTTP/1.1" 302 - "http://localhost:8080/" "Mozilla/5.0 (Macintosh; Intel Mac OS X 10_10_0) AppleWebKit/537.36 (KHTML, like Gecko) Chrome/39.0.2171.65 Safari/537.36"
0:0:0:0:0:0:0:1 -  -  [30/Nov/2014:01:18:15 +0000] "GET /inbox HTTP/1.1" 200 - "http://localhost:8080/" "Mozilla/5.0 (Macintosh; Intel Mac OS X 10_10_0) AppleWebKit/537.36 (KHTML, like Gecko) Chrome/39.0.2171.65 Safari/537.36"
0:0:0:0:0:0:0:1 -  -  [30/Nov/2014:01:18:15 +0000] "GET /showinbox HTTP/1.1" 200 - "http://localhost:8080/files/main/showinbox.html" "Mozilla/5.0 (Macintosh; Intel Mac OS X 10_10_0) AppleWebKit/537.36 (KHTML, like Gecko) Chrome/39.0.2171.65 Safari/537.36"
0:0:0:0:0:0:0:1 -  -  [30/Nov/2014:01:19:14 +0000] "GET /showTo HTTP/1.1" 200 - "http://localhost:8080/files/main/write-menu.html" "Mozilla/5.0 (Macintosh; Intel Mac OS X 10_10_0) AppleWebKit/537.36 (KHTML, like Gecko) Chrome/39.0.2171.65 Safari/537.36"
0:0:0:0:0:0:0:1 -  -  [30/Nov/2014:01:25:39 +0000] "GET /inbox HTTP/1.1" 302 - "http://localhost:8080/" "Mozilla/5.0 (Macintosh; Intel Mac OS X 10_10_0) AppleWebKit/537.36 (KHTML, like Gecko) Chrome/39.0.2171.65 Safari/537.36"
0:0:0:0:0:0:0:1 -  -  [30/Nov/2014:01:25:39 +0000] "GET / HTTP/1.1" 200 - "http://localhost:8080/" "Mozilla/5.0 (Macintosh; Intel Mac OS X 10_10_0) AppleWebKit/537.36 (KHTML, like Gecko) Chrome/39.0.2171.65 Safari/537.36"
0:0:0:0:0:0:0:1 -  -  [30/Nov/2014:01:25:40 +0000] "POST /doLogin HTTP/1.1" 302 - "http://localhost:8080/" "Mozilla/5.0 (Macintosh; Intel Mac OS X 10_10_0) AppleWebKit/537.36 (KHTML, like Gecko) Chrome/39.0.2171.65 Safari/537.36"
0:0:0:0:0:0:0:1 -  -  [30/Nov/2014:01:25:41 +0000] "GET /inbox HTTP/1.1" 200 - "http://localhost:8080/" "Mozilla/5.0 (Macintosh; Intel Mac OS X 10_10_0) AppleWebKit/537.36 (KHTML, like Gecko) Chrome/39.0.2171.65 Safari/537.36"
0:0:0:0:0:0:0:1 -  -  [30/Nov/2014:01:25:41 +0000] "GET /showinbox HTTP/1.1" 200 - "http://localhost:8080/files/main/showinbox.html" "Mozilla/5.0 (Macintosh; Intel Mac OS X 10_10_0) AppleWebKit/537.36 (KHTML, like Gecko) Chrome/39.0.2171.65 Safari/537.36"
0:0:0:0:0:0:0:1 -  -  [30/Nov/2014:01:25:42 +0000] "GET /showTo HTTP/1.1" 200 - "http://localhost:8080/files/main/write-menu.html" "Mozilla/5.0 (Macintosh; Intel Mac OS X 10_10_0) AppleWebKit/537.36 (KHTML, like Gecko) Chrome/39.0.2171.65 Safari/537.36"
0:0:0:0:0:0:0:1 -  -  [30/Nov/2014:01:31:00 +0000] "GET /inbox HTTP/1.1" 302 - "http://localhost:8080/" "Mozilla/5.0 (Macintosh; Intel Mac OS X 10_10_0) AppleWebKit/537.36 (KHTML, like Gecko) Chrome/39.0.2171.65 Safari/537.36"
0:0:0:0:0:0:0:1 -  -  [30/Nov/2014:01:31:00 +0000] "GET / HTTP/1.1" 200 - "http://localhost:8080/" "Mozilla/5.0 (Macintosh; Intel Mac OS X 10_10_0) AppleWebKit/537.36 (KHTML, like Gecko) Chrome/39.0.2171.65 Safari/537.36"
0:0:0:0:0:0:0:1 -  -  [30/Nov/2014:01:31:01 +0000] "POST /doLogin HTTP/1.1" 302 - "http://localhost:8080/" "Mozilla/5.0 (Macintosh; Intel Mac OS X 10_10_0) AppleWebKit/537.36 (KHTML, like Gecko) Chrome/39.0.2171.65 Safari/537.36"
0:0:0:0:0:0:0:1 -  -  [30/Nov/2014:01:31:01 +0000] "GET /inbox HTTP/1.1" 200 - "http://localhost:8080/" "Mozilla/5.0 (Macintosh; Intel Mac OS X 10_10_0) AppleWebKit/537.36 (KHTML, like Gecko) Chrome/39.0.2171.65 Safari/537.36"
0:0:0:0:0:0:0:1 -  -  [30/Nov/2014:01:31:01 +0000] "GET /showinbox HTTP/1.1" 200 - "http://localhost:8080/files/main/showinbox.html" "Mozilla/5.0 (Macintosh; Intel Mac OS X 10_10_0) AppleWebKit/537.36 (KHTML, like Gecko) Chrome/39.0.2171.65 Safari/537.36"
0:0:0:0:0:0:0:1 -  -  [30/Nov/2014:01:31:03 +0000] "GET /showTo HTTP/1.1" 200 - "http://localhost:8080/files/main/write-menu.html" "Mozilla/5.0 (Macintosh; Intel Mac OS X 10_10_0) AppleWebKit/537.36 (KHTML, like Gecko) Chrome/39.0.2171.65 Safari/537.36"
0:0:0:0:0:0:0:1 -  -  [30/Nov/2014:01:32:55 +0000] "GET /inbox HTTP/1.1" 302 - "http://localhost:8080/" "Mozilla/5.0 (Macintosh; Intel Mac OS X 10_10_0) AppleWebKit/537.36 (KHTML, like Gecko) Chrome/39.0.2171.65 Safari/537.36"
0:0:0:0:0:0:0:1 -  -  [30/Nov/2014:01:32:55 +0000] "GET / HTTP/1.1" 200 - "http://localhost:8080/" "Mozilla/5.0 (Macintosh; Intel Mac OS X 10_10_0) AppleWebKit/537.36 (KHTML, like Gecko) Chrome/39.0.2171.65 Safari/537.36"
0:0:0:0:0:0:0:1 -  -  [30/Nov/2014:01:32:56 +0000] "POST /doLogin HTTP/1.1" 302 - "http://localhost:8080/" "Mozilla/5.0 (Macintosh; Intel Mac OS X 10_10_0) AppleWebKit/537.36 (KHTML, like Gecko) Chrome/39.0.2171.65 Safari/537.36"
0:0:0:0:0:0:0:1 -  -  [30/Nov/2014:01:32:56 +0000] "GET /inbox HTTP/1.1" 200 - "http://localhost:8080/" "Mozilla/5.0 (Macintosh; Intel Mac OS X 10_10_0) AppleWebKit/537.36 (KHTML, like Gecko) Chrome/39.0.2171.65 Safari/537.36"
0:0:0:0:0:0:0:1 -  -  [30/Nov/2014:01:32:56 +0000] "GET /showinbox HTTP/1.1" 200 - "http://localhost:8080/files/main/showinbox.html" "Mozilla/5.0 (Macintosh; Intel Mac OS X 10_10_0) AppleWebKit/537.36 (KHTML, like Gecko) Chrome/39.0.2171.65 Safari/537.36"
0:0:0:0:0:0:0:1 -  -  [30/Nov/2014:01:32:58 +0000] "GET /showTo HTTP/1.1" 200 - "http://localhost:8080/files/main/write-menu.html" "Mozilla/5.0 (Macintosh; Intel Mac OS X 10_10_0) AppleWebKit/537.36 (KHTML, like Gecko) Chrome/39.0.2171.65 Safari/537.36"
0:0:0:0:0:0:0:1 -  -  [30/Nov/2014:01:36:53 +0000] "GET /inbox HTTP/1.1" 302 - "http://localhost:8080/" "Mozilla/5.0 (Macintosh; Intel Mac OS X 10_10_0) AppleWebKit/537.36 (KHTML, like Gecko) Chrome/39.0.2171.65 Safari/537.36"
0:0:0:0:0:0:0:1 -  -  [30/Nov/2014:01:36:53 +0000] "GET / HTTP/1.1" 200 - "http://localhost:8080/" "Mozilla/5.0 (Macintosh; Intel Mac OS X 10_10_0) AppleWebKit/537.36 (KHTML, like Gecko) Chrome/39.0.2171.65 Safari/537.36"
0:0:0:0:0:0:0:1 -  -  [30/Nov/2014:01:36:54 +0000] "POST /doLogin HTTP/1.1" 302 - "http://localhost:8080/" "Mozilla/5.0 (Macintosh; Intel Mac OS X 10_10_0) AppleWebKit/537.36 (KHTML, like Gecko) Chrome/39.0.2171.65 Safari/537.36"
0:0:0:0:0:0:0:1 -  -  [30/Nov/2014:01:36:54 +0000] "GET /inbox HTTP/1.1" 200 - "http://localhost:8080/" "Mozilla/5.0 (Macintosh; Intel Mac OS X 10_10_0) AppleWebKit/537.36 (KHTML, like Gecko) Chrome/39.0.2171.65 Safari/537.36"
0:0:0:0:0:0:0:1 -  -  [30/Nov/2014:01:36:54 +0000] "GET /showinbox HTTP/1.1" 200 - "http://localhost:8080/files/main/showinbox.html" "Mozilla/5.0 (Macintosh; Intel Mac OS X 10_10_0) AppleWebKit/537.36 (KHTML, like Gecko) Chrome/39.0.2171.65 Safari/537.36"
0:0:0:0:0:0:0:1 -  -  [30/Nov/2014:01:36:55 +0000] "GET /showTo HTTP/1.1" 200 - "http://localhost:8080/files/main/write-menu.html" "Mozilla/5.0 (Macintosh; Intel Mac OS X 10_10_0) AppleWebKit/537.36 (KHTML, like Gecko) Chrome/39.0.2171.65 Safari/537.36"
0:0:0:0:0:0:0:1 -  -  [30/Nov/2014:01:45:44 +0000] "GET /inbox HTTP/1.1" 302 - "http://localhost:8080/" "Mozilla/5.0 (Macintosh; Intel Mac OS X 10_10_0) AppleWebKit/537.36 (KHTML, like Gecko) Chrome/39.0.2171.65 Safari/537.36"
0:0:0:0:0:0:0:1 -  -  [30/Nov/2014:01:45:44 +0000] "GET / HTTP/1.1" 200 - "http://localhost:8080/" "Mozilla/5.0 (Macintosh; Intel Mac OS X 10_10_0) AppleWebKit/537.36 (KHTML, like Gecko) Chrome/39.0.2171.65 Safari/537.36"
0:0:0:0:0:0:0:1 -  -  [30/Nov/2014:01:45:45 +0000] "POST /doLogin HTTP/1.1" 302 - "http://localhost:8080/" "Mozilla/5.0 (Macintosh; Intel Mac OS X 10_10_0) AppleWebKit/537.36 (KHTML, like Gecko) Chrome/39.0.2171.65 Safari/537.36"
0:0:0:0:0:0:0:1 -  -  [30/Nov/2014:01:45:45 +0000] "GET /inbox HTTP/1.1" 200 - "http://localhost:8080/" "Mozilla/5.0 (Macintosh; Intel Mac OS X 10_10_0) AppleWebKit/537.36 (KHTML, like Gecko) Chrome/39.0.2171.65 Safari/537.36"
0:0:0:0:0:0:0:1 -  -  [30/Nov/2014:01:45:45 +0000] "GET /showinbox HTTP/1.1" 200 - "http://localhost:8080/files/main/showinbox.html" "Mozilla/5.0 (Macintosh; Intel Mac OS X 10_10_0) AppleWebKit/537.36 (KHTML, like Gecko) Chrome/39.0.2171.65 Safari/537.36"
0:0:0:0:0:0:0:1 -  -  [30/Nov/2014:01:45:46 +0000] "GET /showTo HTTP/1.1" 200 - "http://localhost:8080/files/main/write-menu.html" "Mozilla/5.0 (Macintosh; Intel Mac OS X 10_10_0) AppleWebKit/537.36 (KHTML, like Gecko) Chrome/39.0.2171.65 Safari/537.36"
0:0:0:0:0:0:0:1 -  -  [30/Nov/2014:01:47:45 +0000] "GET /inbox HTTP/1.1" 302 - "http://localhost:8080/" "Mozilla/5.0 (Macintosh; Intel Mac OS X 10_10_0) AppleWebKit/537.36 (KHTML, like Gecko) Chrome/39.0.2171.65 Safari/537.36"
0:0:0:0:0:0:0:1 -  -  [30/Nov/2014:01:47:45 +0000] "GET / HTTP/1.1" 200 - "http://localhost:8080/" "Mozilla/5.0 (Macintosh; Intel Mac OS X 10_10_0) AppleWebKit/537.36 (KHTML, like Gecko) Chrome/39.0.2171.65 Safari/537.36"
0:0:0:0:0:0:0:1 -  -  [30/Nov/2014:01:47:45 +0000] "POST /doLogin HTTP/1.1" 302 - "http://localhost:8080/" "Mozilla/5.0 (Macintosh; Intel Mac OS X 10_10_0) AppleWebKit/537.36 (KHTML, like Gecko) Chrome/39.0.2171.65 Safari/537.36"
0:0:0:0:0:0:0:1 -  -  [30/Nov/2014:01:47:46 +0000] "GET /inbox HTTP/1.1" 200 - "http://localhost:8080/" "Mozilla/5.0 (Macintosh; Intel Mac OS X 10_10_0) AppleWebKit/537.36 (KHTML, like Gecko) Chrome/39.0.2171.65 Safari/537.36"
0:0:0:0:0:0:0:1 -  -  [30/Nov/2014:01:47:46 +0000] "GET /showinbox HTTP/1.1" 200 - "http://localhost:8080/files/main/showinbox.html" "Mozilla/5.0 (Macintosh; Intel Mac OS X 10_10_0) AppleWebKit/537.36 (KHTML, like Gecko) Chrome/39.0.2171.65 Safari/537.36"
0:0:0:0:0:0:0:1 -  -  [30/Nov/2014:01:47:46 +0000] "GET /showTo HTTP/1.1" 200 - "http://localhost:8080/files/main/write-menu.html" "Mozilla/5.0 (Macintosh; Intel Mac OS X 10_10_0) AppleWebKit/537.36 (KHTML, like Gecko) Chrome/39.0.2171.65 Safari/537.36"
0:0:0:0:0:0:0:1 -  -  [30/Nov/2014:01:49:39 +0000] "GET /inbox HTTP/1.1" 302 - "http://localhost:8080/" "Mozilla/5.0 (Macintosh; Intel Mac OS X 10_10_0) AppleWebKit/537.36 (KHTML, like Gecko) Chrome/39.0.2171.65 Safari/537.36"
0:0:0:0:0:0:0:1 -  -  [30/Nov/2014:01:49:39 +0000] "GET / HTTP/1.1" 200 - "http://localhost:8080/" "Mozilla/5.0 (Macintosh; Intel Mac OS X 10_10_0) AppleWebKit/537.36 (KHTML, like Gecko) Chrome/39.0.2171.65 Safari/537.36"
0:0:0:0:0:0:0:1 -  -  [30/Nov/2014:01:49:39 +0000] "POST /doLogin HTTP/1.1" 302 - "http://localhost:8080/" "Mozilla/5.0 (Macintosh; Intel Mac OS X 10_10_0) AppleWebKit/537.36 (KHTML, like Gecko) Chrome/39.0.2171.65 Safari/537.36"
0:0:0:0:0:0:0:1 -  -  [30/Nov/2014:01:49:40 +0000] "GET /inbox HTTP/1.1" 200 - "http://localhost:8080/" "Mozilla/5.0 (Macintosh; Intel Mac OS X 10_10_0) AppleWebKit/537.36 (KHTML, like Gecko) Chrome/39.0.2171.65 Safari/537.36"
0:0:0:0:0:0:0:1 -  -  [30/Nov/2014:01:49:40 +0000] "GET /showinbox HTTP/1.1" 200 - "http://localhost:8080/files/main/showinbox.html" "Mozilla/5.0 (Macintosh; Intel Mac OS X 10_10_0) AppleWebKit/537.36 (KHTML, like Gecko) Chrome/39.0.2171.65 Safari/537.36"
0:0:0:0:0:0:0:1 -  -  [30/Nov/2014:01:49:40 +0000] "GET /showTo HTTP/1.1" 200 - "http://localhost:8080/files/main/write-menu.html" "Mozilla/5.0 (Macintosh; Intel Mac OS X 10_10_0) AppleWebKit/537.36 (KHTML, like Gecko) Chrome/39.0.2171.65 Safari/537.36"
0:0:0:0:0:0:0:1 -  -  [30/Nov/2014:01:51:36 +0000] "GET /inbox HTTP/1.1" 302 - "http://localhost:8080/" "Mozilla/5.0 (Macintosh; Intel Mac OS X 10_10_0) AppleWebKit/537.36 (KHTML, like Gecko) Chrome/39.0.2171.65 Safari/537.36"
0:0:0:0:0:0:0:1 -  -  [30/Nov/2014:01:51:36 +0000] "GET / HTTP/1.1" 200 - "http://localhost:8080/" "Mozilla/5.0 (Macintosh; Intel Mac OS X 10_10_0) AppleWebKit/537.36 (KHTML, like Gecko) Chrome/39.0.2171.65 Safari/537.36"
0:0:0:0:0:0:0:1 -  -  [30/Nov/2014:01:51:37 +0000] "POST /doLogin HTTP/1.1" 302 - "http://localhost:8080/" "Mozilla/5.0 (Macintosh; Intel Mac OS X 10_10_0) AppleWebKit/537.36 (KHTML, like Gecko) Chrome/39.0.2171.65 Safari/537.36"
0:0:0:0:0:0:0:1 -  -  [30/Nov/2014:01:51:37 +0000] "GET /inbox HTTP/1.1" 200 - "http://localhost:8080/" "Mozilla/5.0 (Macintosh; Intel Mac OS X 10_10_0) AppleWebKit/537.36 (KHTML, like Gecko) Chrome/39.0.2171.65 Safari/537.36"
0:0:0:0:0:0:0:1 -  -  [30/Nov/2014:01:51:37 +0000] "GET /showinbox HTTP/1.1" 200 - "http://localhost:8080/files/main/showinbox.html" "Mozilla/5.0 (Macintosh; Intel Mac OS X 10_10_0) AppleWebKit/537.36 (KHTML, like Gecko) Chrome/39.0.2171.65 Safari/537.36"
0:0:0:0:0:0:0:1 -  -  [30/Nov/2014:01:51:38 +0000] "GET /showTo HTTP/1.1" 200 - "http://localhost:8080/files/main/write-menu.html" "Mozilla/5.0 (Macintosh; Intel Mac OS X 10_10_0) AppleWebKit/537.36 (KHTML, like Gecko) Chrome/39.0.2171.65 Safari/537.36"
0:0:0:0:0:0:0:1 -  -  [30/Nov/2014:01:55:55 +0000] "GET /inbox HTTP/1.1" 302 - "http://localhost:8080/" "Mozilla/5.0 (Macintosh; Intel Mac OS X 10_10_0) AppleWebKit/537.36 (KHTML, like Gecko) Chrome/39.0.2171.65 Safari/537.36"
0:0:0:0:0:0:0:1 -  -  [30/Nov/2014:01:55:55 +0000] "GET / HTTP/1.1" 200 - "http://localhost:8080/" "Mozilla/5.0 (Macintosh; Intel Mac OS X 10_10_0) AppleWebKit/537.36 (KHTML, like Gecko) Chrome/39.0.2171.65 Safari/537.36"
0:0:0:0:0:0:0:1 -  -  [30/Nov/2014:01:55:56 +0000] "POST /doLogin HTTP/1.1" 302 - "http://localhost:8080/" "Mozilla/5.0 (Macintosh; Intel Mac OS X 10_10_0) AppleWebKit/537.36 (KHTML, like Gecko) Chrome/39.0.2171.65 Safari/537.36"
0:0:0:0:0:0:0:1 -  -  [30/Nov/2014:01:55:56 +0000] "GET /inbox HTTP/1.1" 200 - "http://localhost:8080/" "Mozilla/5.0 (Macintosh; Intel Mac OS X 10_10_0) AppleWebKit/537.36 (KHTML, like Gecko) Chrome/39.0.2171.65 Safari/537.36"
0:0:0:0:0:0:0:1 -  -  [30/Nov/2014:01:55:56 +0000] "GET /showinbox HTTP/1.1" 200 - "http://localhost:8080/files/main/showinbox.html" "Mozilla/5.0 (Macintosh; Intel Mac OS X 10_10_0) AppleWebKit/537.36 (KHTML, like Gecko) Chrome/39.0.2171.65 Safari/537.36"
0:0:0:0:0:0:0:1 -  -  [30/Nov/2014:01:55:57 +0000] "GET /showTo HTTP/1.1" 200 - "http://localhost:8080/files/main/write-menu.html" "Mozilla/5.0 (Macintosh; Intel Mac OS X 10_10_0) AppleWebKit/537.36 (KHTML, like Gecko) Chrome/39.0.2171.65 Safari/537.36"
0:0:0:0:0:0:0:1 -  -  [30/Nov/2014:01:57:58 +0000] "GET /inbox HTTP/1.1" 302 - "http://localhost:8080/" "Mozilla/5.0 (Macintosh; Intel Mac OS X 10_10_0) AppleWebKit/537.36 (KHTML, like Gecko) Chrome/39.0.2171.65 Safari/537.36"
0:0:0:0:0:0:0:1 -  -  [30/Nov/2014:01:57:58 +0000] "GET / HTTP/1.1" 200 - "http://localhost:8080/" "Mozilla/5.0 (Macintosh; Intel Mac OS X 10_10_0) AppleWebKit/537.36 (KHTML, like Gecko) Chrome/39.0.2171.65 Safari/537.36"
0:0:0:0:0:0:0:1 -  -  [30/Nov/2014:01:57:59 +0000] "POST /doLogin HTTP/1.1" 302 - "http://localhost:8080/" "Mozilla/5.0 (Macintosh; Intel Mac OS X 10_10_0) AppleWebKit/537.36 (KHTML, like Gecko) Chrome/39.0.2171.65 Safari/537.36"
0:0:0:0:0:0:0:1 -  -  [30/Nov/2014:01:57:59 +0000] "GET /inbox HTTP/1.1" 200 - "http://localhost:8080/" "Mozilla/5.0 (Macintosh; Intel Mac OS X 10_10_0) AppleWebKit/537.36 (KHTML, like Gecko) Chrome/39.0.2171.65 Safari/537.36"
0:0:0:0:0:0:0:1 -  -  [30/Nov/2014:01:58:00 +0000] "GET /showinbox HTTP/1.1" 200 - "http://localhost:8080/files/main/showinbox.html" "Mozilla/5.0 (Macintosh; Intel Mac OS X 10_10_0) AppleWebKit/537.36 (KHTML, like Gecko) Chrome/39.0.2171.65 Safari/537.36"
0:0:0:0:0:0:0:1 -  -  [30/Nov/2014:01:58:01 +0000] "GET /showTo HTTP/1.1" 200 - "http://localhost:8080/files/main/write-menu.html" "Mozilla/5.0 (Macintosh; Intel Mac OS X 10_10_0) AppleWebKit/537.36 (KHTML, like Gecko) Chrome/39.0.2171.65 Safari/537.36"
0:0:0:0:0:0:0:1 -  -  [30/Nov/2014:01:58:08 +0000] "POST /sendEmail HTTP/1.1" 302 - "http://localhost:8080/files/main/write-menu.html" "Mozilla/5.0 (Macintosh; Intel Mac OS X 10_10_0) AppleWebKit/537.36 (KHTML, like Gecko) Chrome/39.0.2171.65 Safari/537.36"
0:0:0:0:0:0:0:1 -  -  [30/Nov/2014:01:59:09 +0000] "GET /files/main/outbox.html HTTP/1.1" 304 - "http://localhost:8080/files/main/write-menu.html" "Mozilla/5.0 (Macintosh; Intel Mac OS X 10_10_0) AppleWebKit/537.36 (KHTML, like Gecko) Chrome/39.0.2171.65 Safari/537.36"
0:0:0:0:0:0:0:1 -  -  [30/Nov/2014:01:59:09 +0000] "GET /showoutbox?db=yes HTTP/1.1" 200 - "http://localhost:8080/files/main/outbox.html" "Mozilla/5.0 (Macintosh; Intel Mac OS X 10_10_0) AppleWebKit/537.36 (KHTML, like Gecko) Chrome/39.0.2171.65 Safari/537.36"
0:0:0:0:0:0:0:1 -  -  [30/Nov/2014:02:00:13 +0000] "GET /showinbox HTTP/1.1" 200 - "http://localhost:8080/files/main/showinbox.html" "Mozilla/5.0 (Macintosh; Intel Mac OS X 10_10_0) AppleWebKit/537.36 (KHTML, like Gecko) Chrome/39.0.2171.65 Safari/537.36"
0:0:0:0:0:0:0:1 -  -  [30/Nov/2014:02:00:15 +0000] "GET /showTo HTTP/1.1" 200 - "http://localhost:8080/files/main/write-menu.html" "Mozilla/5.0 (Macintosh; Intel Mac OS X 10_10_0) AppleWebKit/537.36 (KHTML, like Gecko) Chrome/39.0.2171.65 Safari/537.36"
0:0:0:0:0:0:0:1 -  -  [30/Nov/2014:02:01:27 +0000] "GET /inbox HTTP/1.1" 302 - "http://localhost:8080/" "Mozilla/5.0 (Macintosh; Intel Mac OS X 10_10_0) AppleWebKit/537.36 (KHTML, like Gecko) Chrome/39.0.2171.65 Safari/537.36"
0:0:0:0:0:0:0:1 -  -  [30/Nov/2014:02:01:27 +0000] "GET / HTTP/1.1" 200 - "http://localhost:8080/" "Mozilla/5.0 (Macintosh; Intel Mac OS X 10_10_0) AppleWebKit/537.36 (KHTML, like Gecko) Chrome/39.0.2171.65 Safari/537.36"
0:0:0:0:0:0:0:1 -  -  [30/Nov/2014:02:01:28 +0000] "POST /doLogin HTTP/1.1" 302 - "http://localhost:8080/" "Mozilla/5.0 (Macintosh; Intel Mac OS X 10_10_0) AppleWebKit/537.36 (KHTML, like Gecko) Chrome/39.0.2171.65 Safari/537.36"
0:0:0:0:0:0:0:1 -  -  [30/Nov/2014:02:01:28 +0000] "GET /inbox HTTP/1.1" 200 - "http://localhost:8080/" "Mozilla/5.0 (Macintosh; Intel Mac OS X 10_10_0) AppleWebKit/537.36 (KHTML, like Gecko) Chrome/39.0.2171.65 Safari/537.36"
0:0:0:0:0:0:0:1 -  -  [30/Nov/2014:02:01:28 +0000] "GET /showinbox HTTP/1.1" 200 - "http://localhost:8080/files/main/showinbox.html" "Mozilla/5.0 (Macintosh; Intel Mac OS X 10_10_0) AppleWebKit/537.36 (KHTML, like Gecko) Chrome/39.0.2171.65 Safari/537.36"
0:0:0:0:0:0:0:1 -  -  [30/Nov/2014:02:01:29 +0000] "GET /showTo HTTP/1.1" 200 - "http://localhost:8080/files/main/write-menu.html" "Mozilla/5.0 (Macintosh; Intel Mac OS X 10_10_0) AppleWebKit/537.36 (KHTML, like Gecko) Chrome/39.0.2171.65 Safari/537.36"
0:0:0:0:0:0:0:1 -  -  [30/Nov/2014:02:09:40 +0000] "GET /inbox HTTP/1.1" 302 - "http://localhost:8080/" "Mozilla/5.0 (Macintosh; Intel Mac OS X 10_10_0) AppleWebKit/537.36 (KHTML, like Gecko) Chrome/39.0.2171.65 Safari/537.36"
0:0:0:0:0:0:0:1 -  -  [30/Nov/2014:02:09:40 +0000] "GET / HTTP/1.1" 200 - "http://localhost:8080/" "Mozilla/5.0 (Macintosh; Intel Mac OS X 10_10_0) AppleWebKit/537.36 (KHTML, like Gecko) Chrome/39.0.2171.65 Safari/537.36"
0:0:0:0:0:0:0:1 -  -  [30/Nov/2014:02:09:41 +0000] "POST /doLogin HTTP/1.1" 302 - "http://localhost:8080/" "Mozilla/5.0 (Macintosh; Intel Mac OS X 10_10_0) AppleWebKit/537.36 (KHTML, like Gecko) Chrome/39.0.2171.65 Safari/537.36"
0:0:0:0:0:0:0:1 -  -  [30/Nov/2014:02:09:41 +0000] "GET /inbox HTTP/1.1" 200 - "http://localhost:8080/" "Mozilla/5.0 (Macintosh; Intel Mac OS X 10_10_0) AppleWebKit/537.36 (KHTML, like Gecko) Chrome/39.0.2171.65 Safari/537.36"
0:0:0:0:0:0:0:1 -  -  [30/Nov/2014:02:09:41 +0000] "GET /showinbox HTTP/1.1" 200 - "http://localhost:8080/files/main/showinbox.html" "Mozilla/5.0 (Macintosh; Intel Mac OS X 10_10_0) AppleWebKit/537.36 (KHTML, like Gecko) Chrome/39.0.2171.65 Safari/537.36"
0:0:0:0:0:0:0:1 -  -  [30/Nov/2014:02:09:44 +0000] "GET /showinbox?start=2&col=null&text=null HTTP/1.1" 200 - "http://localhost:8080/files/main/showinbox.html" "Mozilla/5.0 (Macintosh; Intel Mac OS X 10_10_0) AppleWebKit/537.36 (KHTML, like Gecko) Chrome/39.0.2171.65 Safari/537.36"
0:0:0:0:0:0:0:1 -  -  [30/Nov/2014:02:09:46 +0000] "GET /showinbox?start=3&col=null&text=null HTTP/1.1" 200 - "http://localhost:8080/showinbox?start=2&col=null&text=null" "Mozilla/5.0 (Macintosh; Intel Mac OS X 10_10_0) AppleWebKit/537.36 (KHTML, like Gecko) Chrome/39.0.2171.65 Safari/537.36"
0:0:0:0:0:0:0:1 -  -  [30/Nov/2014:02:09:47 +0000] "GET /showInemail?mailid=GmailId149ef93275eed00e HTTP/1.1" 200 - "http://localhost:8080/showinbox?start=3&col=null&text=null" "Mozilla/5.0 (Macintosh; Intel Mac OS X 10_10_0) AppleWebKit/537.36 (KHTML, like Gecko) Chrome/39.0.2171.65 Safari/537.36"
0:0:0:0:0:0:0:1 -  -  [30/Nov/2014:02:09:53 +0000] "GET /showinbox HTTP/1.1" 200 - "http://localhost:8080/files/main/showinbox.html" "Mozilla/5.0 (Macintosh; Intel Mac OS X 10_10_0) AppleWebKit/537.36 (KHTML, like Gecko) Chrome/39.0.2171.65 Safari/537.36"
0:0:0:0:0:0:0:1 -  -  [30/Nov/2014:02:09:55 +0000] "GET /showInemail?mailid=GmailId149fde4da795976b HTTP/1.1" 200 - "http://localhost:8080/files/main/showinbox.html" "Mozilla/5.0 (Macintosh; Intel Mac OS X 10_10_0) AppleWebKit/537.36 (KHTML, like Gecko) Chrome/39.0.2171.65 Safari/537.36"
0:0:0:0:0:0:0:1 -  -  [30/Nov/2014:02:09:56 +0000] "GET /showinbox HTTP/1.1" 200 - "http://localhost:8080/files/main/showinbox.html" "Mozilla/5.0 (Macintosh; Intel Mac OS X 10_10_0) AppleWebKit/537.36 (KHTML, like Gecko) Chrome/39.0.2171.65 Safari/537.36"
0:0:0:0:0:0:0:1 -  -  [30/Nov/2014:02:09:57 +0000] "GET /showinbox?start=2&col=null&text=null HTTP/1.1" 200 - "http://localhost:8080/files/main/showinbox.html" "Mozilla/5.0 (Macintosh; Intel Mac OS X 10_10_0) AppleWebKit/537.36 (KHTML, like Gecko) Chrome/39.0.2171.65 Safari/537.36"
0:0:0:0:0:0:0:1 -  -  [30/Nov/2014:02:09:58 +0000] "GET /showInemail?mailid=GmailId149f7390de5c371a HTTP/1.1" 200 - "http://localhost:8080/showinbox?start=2&col=null&text=null" "Mozilla/5.0 (Macintosh; Intel Mac OS X 10_10_0) AppleWebKit/537.36 (KHTML, like Gecko) Chrome/39.0.2171.65 Safari/537.36"
0:0:0:0:0:0:0:1 -  -  [30/Nov/2014:02:10:00 +0000] "GET /showinbox HTTP/1.1" 200 - "http://localhost:8080/files/main/showinbox.html" "Mozilla/5.0 (Macintosh; Intel Mac OS X 10_10_0) AppleWebKit/537.36 (KHTML, like Gecko) Chrome/39.0.2171.65 Safari/537.36"
0:0:0:0:0:0:0:1 -  -  [30/Nov/2014:02:10:01 +0000] "GET /showinbox?start=2&col=null&text=null HTTP/1.1" 200 - "http://localhost:8080/files/main/showinbox.html" "Mozilla/5.0 (Macintosh; Intel Mac OS X 10_10_0) AppleWebKit/537.36 (KHTML, like Gecko) Chrome/39.0.2171.65 Safari/537.36"
0:0:0:0:0:0:0:1 -  -  [30/Nov/2014:02:10:02 +0000] "GET /showinbox?start=3&col=null&text=null HTTP/1.1" 200 - "http://localhost:8080/showinbox?start=2&col=null&text=null" "Mozilla/5.0 (Macintosh; Intel Mac OS X 10_10_0) AppleWebKit/537.36 (KHTML, like Gecko) Chrome/39.0.2171.65 Safari/537.36"
0:0:0:0:0:0:0:1 -  -  [30/Nov/2014:02:10:05 +0000] "GET /showInemail?mailid=GmailId149ef9326becb314 HTTP/1.1" 200 - "http://localhost:8080/showinbox?start=3&col=null&text=null" "Mozilla/5.0 (Macintosh; Intel Mac OS X 10_10_0) AppleWebKit/537.36 (KHTML, like Gecko) Chrome/39.0.2171.65 Safari/537.36"
0:0:0:0:0:0:0:1 -  -  [30/Nov/2014:02:10:07 +0000] "GET /showinbox HTTP/1.1" 200 - "http://localhost:8080/files/main/showinbox.html" "Mozilla/5.0 (Macintosh; Intel Mac OS X 10_10_0) AppleWebKit/537.36 (KHTML, like Gecko) Chrome/39.0.2171.65 Safari/537.36"
0:0:0:0:0:0:0:1 -  -  [30/Nov/2014:02:10:08 +0000] "GET /showinbox?start=2&col=null&text=null HTTP/1.1" 200 - "http://localhost:8080/files/main/showinbox.html" "Mozilla/5.0 (Macintosh; Intel Mac OS X 10_10_0) AppleWebKit/537.36 (KHTML, like Gecko) Chrome/39.0.2171.65 Safari/537.36"
0:0:0:0:0:0:0:1 -  -  [30/Nov/2014:02:10:18 +0000] "GET /showinbox?start=3&col=null&text=null HTTP/1.1" 200 - "http://localhost:8080/showinbox?start=2&col=null&text=null" "Mozilla/5.0 (Macintosh; Intel Mac OS X 10_10_0) AppleWebKit/537.36 (KHTML, like Gecko) Chrome/39.0.2171.65 Safari/537.36"
0:0:0:0:0:0:0:1 -  -  [30/Nov/2014:02:10:19 +0000] "GET /showInemail?mailid=GmailId149ef93275eed00e HTTP/1.1" 200 - "http://localhost:8080/showinbox?start=3&col=null&text=null" "Mozilla/5.0 (Macintosh; Intel Mac OS X 10_10_0) AppleWebKit/537.36 (KHTML, like Gecko) Chrome/39.0.2171.65 Safari/537.36"
0:0:0:0:0:0:0:1 -  -  [30/Nov/2014:02:10:21 +0000] "GET /showinbox HTTP/1.1" 200 - "http://localhost:8080/files/main/showinbox.html" "Mozilla/5.0 (Macintosh; Intel Mac OS X 10_10_0) AppleWebKit/537.36 (KHTML, like Gecko) Chrome/39.0.2171.65 Safari/537.36"
0:0:0:0:0:0:0:1 -  -  [30/Nov/2014:02:10:22 +0000] "GET /showinbox?start=2&col=null&text=null HTTP/1.1" 200 - "http://localhost:8080/files/main/showinbox.html" "Mozilla/5.0 (Macintosh; Intel Mac OS X 10_10_0) AppleWebKit/537.36 (KHTML, like Gecko) Chrome/39.0.2171.65 Safari/537.36"
0:0:0:0:0:0:0:1 -  -  [30/Nov/2014:02:10:23 +0000] "GET /showinbox?start=3&col=null&text=null HTTP/1.1" 200 - "http://localhost:8080/showinbox?start=2&col=null&text=null" "Mozilla/5.0 (Macintosh; Intel Mac OS X 10_10_0) AppleWebKit/537.36 (KHTML, like Gecko) Chrome/39.0.2171.65 Safari/537.36"
0:0:0:0:0:0:0:1 -  -  [30/Nov/2014:02:10:24 +0000] "GET /showinbox?start=4&col=null&text=null HTTP/1.1" 200 - "http://localhost:8080/showinbox?start=3&col=null&text=null" "Mozilla/5.0 (Macintosh; Intel Mac OS X 10_10_0) AppleWebKit/537.36 (KHTML, like Gecko) Chrome/39.0.2171.65 Safari/537.36"
0:0:0:0:0:0:0:1 -  -  [30/Nov/2014:02:10:27 +0000] "GET /showInemail?mailid=GmailId149e3a4d9a3166a4 HTTP/1.1" 200 - "http://localhost:8080/showinbox?start=4&col=null&text=null" "Mozilla/5.0 (Macintosh; Intel Mac OS X 10_10_0) AppleWebKit/537.36 (KHTML, like Gecko) Chrome/39.0.2171.65 Safari/537.36"
0:0:0:0:0:0:0:1 -  -  [30/Nov/2014:02:10:27 +0000] "GET /files/GmailId149e3a4d9a3166a4/ii_i2wbw6wa0_149e3a3f55cd20d7 HTTP/1.1" 200 6031 "http://localhost:8080/showInemail?mailid=GmailId149e3a4d9a3166a4" "Mozilla/5.0 (Macintosh; Intel Mac OS X 10_10_0) AppleWebKit/537.36 (KHTML, like Gecko) Chrome/39.0.2171.65 Safari/537.36"
0:0:0:0:0:0:0:1 -  -  [30/Nov/2014:02:10:30 +0000] "GET /download?url=files/GmailId149e3a4d9a3166a4/attachment/spic.png HTTP/1.1" 200 - "http://localhost:8080/showInemail?mailid=GmailId149e3a4d9a3166a4" "Mozilla/5.0 (Macintosh; Intel Mac OS X 10_10_0) AppleWebKit/537.36 (KHTML, like Gecko) Chrome/39.0.2171.65 Safari/537.36"
0:0:0:0:0:0:0:1 -  -  [30/Nov/2014:02:10:42 +0000] "GET /inbox HTTP/1.1" 302 - "http://localhost:8080/" "Mozilla/5.0 (Macintosh; Intel Mac OS X 10_10_0) AppleWebKit/537.36 (KHTML, like Gecko) Chrome/39.0.2171.65 Safari/537.36"
0:0:0:0:0:0:0:1 -  -  [30/Nov/2014:02:10:42 +0000] "GET / HTTP/1.1" 200 - "http://localhost:8080/" "Mozilla/5.0 (Macintosh; Intel Mac OS X 10_10_0) AppleWebKit/537.36 (KHTML, like Gecko) Chrome/39.0.2171.65 Safari/537.36"
0:0:0:0:0:0:0:1 -  -  [30/Nov/2014:02:10:43 +0000] "POST /doLogin HTTP/1.1" 302 - "http://localhost:8080/" "Mozilla/5.0 (Macintosh; Intel Mac OS X 10_10_0) AppleWebKit/537.36 (KHTML, like Gecko) Chrome/39.0.2171.65 Safari/537.36"
0:0:0:0:0:0:0:1 -  -  [30/Nov/2014:02:10:43 +0000] "GET /inbox HTTP/1.1" 200 - "http://localhost:8080/" "Mozilla/5.0 (Macintosh; Intel Mac OS X 10_10_0) AppleWebKit/537.36 (KHTML, like Gecko) Chrome/39.0.2171.65 Safari/537.36"
0:0:0:0:0:0:0:1 -  -  [30/Nov/2014:02:10:43 +0000] "GET /showinbox HTTP/1.1" 200 - "http://localhost:8080/files/main/showinbox.html" "Mozilla/5.0 (Macintosh; Intel Mac OS X 10_10_0) AppleWebKit/537.36 (KHTML, like Gecko) Chrome/39.0.2171.65 Safari/537.36"
0:0:0:0:0:0:0:1 -  -  [30/Nov/2014:02:10:44 +0000] "GET /showTo HTTP/1.1" 200 - "http://localhost:8080/files/main/write-menu.html" "Mozilla/5.0 (Macintosh; Intel Mac OS X 10_10_0) AppleWebKit/537.36 (KHTML, like Gecko) Chrome/39.0.2171.65 Safari/537.36"
0:0:0:0:0:0:0:1 -  -  [30/Nov/2014:02:10:45 +0000] "GET /showinbox HTTP/1.1" 200 - "http://localhost:8080/files/main/showinbox.html" "Mozilla/5.0 (Macintosh; Intel Mac OS X 10_10_0) AppleWebKit/537.36 (KHTML, like Gecko) Chrome/39.0.2171.65 Safari/537.36"
0:0:0:0:0:0:0:1 -  -  [30/Nov/2014:02:10:47 +0000] "GET /showinbox?start=2&col=null&text=null HTTP/1.1" 200 - "http://localhost:8080/files/main/showinbox.html" "Mozilla/5.0 (Macintosh; Intel Mac OS X 10_10_0) AppleWebKit/537.36 (KHTML, like Gecko) Chrome/39.0.2171.65 Safari/537.36"
0:0:0:0:0:0:0:1 -  -  [30/Nov/2014:02:10:49 +0000] "GET /showinbox?start=3&col=null&text=null HTTP/1.1" 200 - "http://localhost:8080/showinbox?start=2&col=null&text=null" "Mozilla/5.0 (Macintosh; Intel Mac OS X 10_10_0) AppleWebKit/537.36 (KHTML, like Gecko) Chrome/39.0.2171.65 Safari/537.36"
0:0:0:0:0:0:0:1 -  -  [30/Nov/2014:02:10:50 +0000] "GET /showinbox?start=4&col=null&text=null HTTP/1.1" 200 - "http://localhost:8080/showinbox?start=3&col=null&text=null" "Mozilla/5.0 (Macintosh; Intel Mac OS X 10_10_0) AppleWebKit/537.36 (KHTML, like Gecko) Chrome/39.0.2171.65 Safari/537.36"
0:0:0:0:0:0:0:1 -  -  [30/Nov/2014:02:10:51 +0000] "GET /showInemail?mailid=GmailId149e3a4d9a3166a4 HTTP/1.1" 200 - "http://localhost:8080/showinbox?start=4&col=null&text=null" "Mozilla/5.0 (Macintosh; Intel Mac OS X 10_10_0) AppleWebKit/537.36 (KHTML, like Gecko) Chrome/39.0.2171.65 Safari/537.36"
0:0:0:0:0:0:0:1 -  -  [30/Nov/2014:02:10:51 +0000] "GET /files/GmailId149e3a4d9a3166a4/ii_i2wbw6wa0_149e3a3f55cd20d7 HTTP/1.1" 200 6031 "http://localhost:8080/showInemail?mailid=GmailId149e3a4d9a3166a4" "Mozilla/5.0 (Macintosh; Intel Mac OS X 10_10_0) AppleWebKit/537.36 (KHTML, like Gecko) Chrome/39.0.2171.65 Safari/537.36"
0:0:0:0:0:0:0:1 -  -  [30/Nov/2014:02:13:18 +0000] "GET /inbox HTTP/1.1" 302 - "http://localhost:8080/" "Mozilla/5.0 (Macintosh; Intel Mac OS X 10_10_0) AppleWebKit/537.36 (KHTML, like Gecko) Chrome/39.0.2171.65 Safari/537.36"
0:0:0:0:0:0:0:1 -  -  [30/Nov/2014:02:13:18 +0000] "GET / HTTP/1.1" 200 - "http://localhost:8080/" "Mozilla/5.0 (Macintosh; Intel Mac OS X 10_10_0) AppleWebKit/537.36 (KHTML, like Gecko) Chrome/39.0.2171.65 Safari/537.36"
0:0:0:0:0:0:0:1 -  -  [30/Nov/2014:02:13:19 +0000] "POST /doLogin HTTP/1.1" 302 - "http://localhost:8080/" "Mozilla/5.0 (Macintosh; Intel Mac OS X 10_10_0) AppleWebKit/537.36 (KHTML, like Gecko) Chrome/39.0.2171.65 Safari/537.36"
0:0:0:0:0:0:0:1 -  -  [30/Nov/2014:02:13:19 +0000] "GET /inbox HTTP/1.1" 200 - "http://localhost:8080/" "Mozilla/5.0 (Macintosh; Intel Mac OS X 10_10_0) AppleWebKit/537.36 (KHTML, like Gecko) Chrome/39.0.2171.65 Safari/537.36"
0:0:0:0:0:0:0:1 -  -  [30/Nov/2014:02:13:19 +0000] "GET /showinbox HTTP/1.1" 200 - "http://localhost:8080/files/main/showinbox.html" "Mozilla/5.0 (Macintosh; Intel Mac OS X 10_10_0) AppleWebKit/537.36 (KHTML, like Gecko) Chrome/39.0.2171.65 Safari/537.36"
0:0:0:0:0:0:0:1 -  -  [30/Nov/2014:02:13:21 +0000] "GET /showinbox?start=2&col=null&text=null HTTP/1.1" 200 - "http://localhost:8080/files/main/showinbox.html" "Mozilla/5.0 (Macintosh; Intel Mac OS X 10_10_0) AppleWebKit/537.36 (KHTML, like Gecko) Chrome/39.0.2171.65 Safari/537.36"
0:0:0:0:0:0:0:1 -  -  [30/Nov/2014:02:13:22 +0000] "GET /showinbox?start=3&col=null&text=null HTTP/1.1" 200 - "http://localhost:8080/showinbox?start=2&col=null&text=null" "Mozilla/5.0 (Macintosh; Intel Mac OS X 10_10_0) AppleWebKit/537.36 (KHTML, like Gecko) Chrome/39.0.2171.65 Safari/537.36"
0:0:0:0:0:0:0:1 -  -  [30/Nov/2014:02:13:23 +0000] "GET /showinbox?start=4&col=null&text=null HTTP/1.1" 200 - "http://localhost:8080/showinbox?start=3&col=null&text=null" "Mozilla/5.0 (Macintosh; Intel Mac OS X 10_10_0) AppleWebKit/537.36 (KHTML, like Gecko) Chrome/39.0.2171.65 Safari/537.36"
0:0:0:0:0:0:0:1 -  -  [30/Nov/2014:02:13:24 +0000] "GET /showInemail?mailid=GmailId149e3a4d9a3166a4 HTTP/1.1" 200 - "http://localhost:8080/showinbox?start=4&col=null&text=null" "Mozilla/5.0 (Macintosh; Intel Mac OS X 10_10_0) AppleWebKit/537.36 (KHTML, like Gecko) Chrome/39.0.2171.65 Safari/537.36"
0:0:0:0:0:0:0:1 -  -  [30/Nov/2014:02:13:24 +0000] "GET /files/GmailId149e3a4d9a3166a4/ii_i2wbw6wa0_149e3a3f55cd20d7 HTTP/1.1" 200 6031 "http://localhost:8080/showInemail?mailid=GmailId149e3a4d9a3166a4" "Mozilla/5.0 (Macintosh; Intel Mac OS X 10_10_0) AppleWebKit/537.36 (KHTML, like Gecko) Chrome/39.0.2171.65 Safari/537.36"
0:0:0:0:0:0:0:1 -  -  [30/Nov/2014:02:13:25 +0000] "GET /download?url=files/GmailId149e3a4d9a3166a4/attachment/spic.png HTTP/1.1" 200 - "http://localhost:8080/showInemail?mailid=GmailId149e3a4d9a3166a4" "Mozilla/5.0 (Macintosh; Intel Mac OS X 10_10_0) AppleWebKit/537.36 (KHTML, like Gecko) Chrome/39.0.2171.65 Safari/537.36"
0:0:0:0:0:0:0:1 -  -  [30/Nov/2014:02:15:52 +0000] "GET /inbox HTTP/1.1" 302 - "http://localhost:8080/" "Mozilla/5.0 (Macintosh; Intel Mac OS X 10_10_0) AppleWebKit/537.36 (KHTML, like Gecko) Chrome/39.0.2171.65 Safari/537.36"
0:0:0:0:0:0:0:1 -  -  [30/Nov/2014:02:15:52 +0000] "GET / HTTP/1.1" 200 - "http://localhost:8080/" "Mozilla/5.0 (Macintosh; Intel Mac OS X 10_10_0) AppleWebKit/537.36 (KHTML, like Gecko) Chrome/39.0.2171.65 Safari/537.36"
0:0:0:0:0:0:0:1 -  -  [30/Nov/2014:02:15:53 +0000] "POST /doLogin HTTP/1.1" 302 - "http://localhost:8080/" "Mozilla/5.0 (Macintosh; Intel Mac OS X 10_10_0) AppleWebKit/537.36 (KHTML, like Gecko) Chrome/39.0.2171.65 Safari/537.36"
0:0:0:0:0:0:0:1 -  -  [30/Nov/2014:02:15:53 +0000] "GET /inbox HTTP/1.1" 200 - "http://localhost:8080/" "Mozilla/5.0 (Macintosh; Intel Mac OS X 10_10_0) AppleWebKit/537.36 (KHTML, like Gecko) Chrome/39.0.2171.65 Safari/537.36"
0:0:0:0:0:0:0:1 -  -  [30/Nov/2014:02:15:53 +0000] "GET /showinbox HTTP/1.1" 200 - "http://localhost:8080/files/main/showinbox.html" "Mozilla/5.0 (Macintosh; Intel Mac OS X 10_10_0) AppleWebKit/537.36 (KHTML, like Gecko) Chrome/39.0.2171.65 Safari/537.36"
0:0:0:0:0:0:0:1 -  -  [30/Nov/2014:02:15:54 +0000] "GET /showTo HTTP/1.1" 200 - "http://localhost:8080/files/main/write-menu.html" "Mozilla/5.0 (Macintosh; Intel Mac OS X 10_10_0) AppleWebKit/537.36 (KHTML, like Gecko) Chrome/39.0.2171.65 Safari/537.36"
0:0:0:0:0:0:0:1 -  -  [30/Nov/2014:02:15:56 +0000] "GET /showinbox HTTP/1.1" 200 - "http://localhost:8080/files/main/showinbox.html" "Mozilla/5.0 (Macintosh; Intel Mac OS X 10_10_0) AppleWebKit/537.36 (KHTML, like Gecko) Chrome/39.0.2171.65 Safari/537.36"
0:0:0:0:0:0:0:1 -  -  [30/Nov/2014:02:15:58 +0000] "GET /showinbox?start=2&col=null&text=null HTTP/1.1" 200 - "http://localhost:8080/files/main/showinbox.html" "Mozilla/5.0 (Macintosh; Intel Mac OS X 10_10_0) AppleWebKit/537.36 (KHTML, like Gecko) Chrome/39.0.2171.65 Safari/537.36"
0:0:0:0:0:0:0:1 -  -  [30/Nov/2014:02:15:59 +0000] "GET /showinbox?start=3&col=null&text=null HTTP/1.1" 200 - "http://localhost:8080/showinbox?start=2&col=null&text=null" "Mozilla/5.0 (Macintosh; Intel Mac OS X 10_10_0) AppleWebKit/537.36 (KHTML, like Gecko) Chrome/39.0.2171.65 Safari/537.36"
0:0:0:0:0:0:0:1 -  -  [30/Nov/2014:02:16:00 +0000] "GET /showinbox?start=4&col=null&text=null HTTP/1.1" 200 - "http://localhost:8080/showinbox?start=3&col=null&text=null" "Mozilla/5.0 (Macintosh; Intel Mac OS X 10_10_0) AppleWebKit/537.36 (KHTML, like Gecko) Chrome/39.0.2171.65 Safari/537.36"
0:0:0:0:0:0:0:1 -  -  [30/Nov/2014:02:16:01 +0000] "GET /showInemail?mailid=GmailId149e3a4d9a3166a4 HTTP/1.1" 200 - "http://localhost:8080/showinbox?start=4&col=null&text=null" "Mozilla/5.0 (Macintosh; Intel Mac OS X 10_10_0) AppleWebKit/537.36 (KHTML, like Gecko) Chrome/39.0.2171.65 Safari/537.36"
0:0:0:0:0:0:0:1 -  -  [30/Nov/2014:02:16:01 +0000] "GET /files/GmailId149e3a4d9a3166a4/ii_i2wbw6wa0_149e3a3f55cd20d7 HTTP/1.1" 200 6031 "http://localhost:8080/showInemail?mailid=GmailId149e3a4d9a3166a4" "Mozilla/5.0 (Macintosh; Intel Mac OS X 10_10_0) AppleWebKit/537.36 (KHTML, like Gecko) Chrome/39.0.2171.65 Safari/537.36"
0:0:0:0:0:0:0:1 -  -  [30/Nov/2014:02:16:02 +0000] "GET /download?url=files/GmailId149e3a4d9a3166a4/attachment/spic.png HTTP/1.1" 200 - "http://localhost:8080/showInemail?mailid=GmailId149e3a4d9a3166a4" "Mozilla/5.0 (Macintosh; Intel Mac OS X 10_10_0) AppleWebKit/537.36 (KHTML, like Gecko) Chrome/39.0.2171.65 Safari/537.36"
0:0:0:0:0:0:0:1 -  -  [30/Nov/2014:02:16:49 +0000] "GET /inbox HTTP/1.1" 302 - "http://localhost:8080/" "Mozilla/5.0 (Macintosh; Intel Mac OS X 10_10_0) AppleWebKit/537.36 (KHTML, like Gecko) Chrome/39.0.2171.65 Safari/537.36"
0:0:0:0:0:0:0:1 -  -  [30/Nov/2014:02:16:49 +0000] "GET / HTTP/1.1" 200 - "http://localhost:8080/" "Mozilla/5.0 (Macintosh; Intel Mac OS X 10_10_0) AppleWebKit/537.36 (KHTML, like Gecko) Chrome/39.0.2171.65 Safari/537.36"
0:0:0:0:0:0:0:1 -  -  [30/Nov/2014:02:16:50 +0000] "POST /doLogin HTTP/1.1" 302 - "http://localhost:8080/" "Mozilla/5.0 (Macintosh; Intel Mac OS X 10_10_0) AppleWebKit/537.36 (KHTML, like Gecko) Chrome/39.0.2171.65 Safari/537.36"
0:0:0:0:0:0:0:1 -  -  [30/Nov/2014:02:16:50 +0000] "GET /inbox HTTP/1.1" 200 - "http://localhost:8080/" "Mozilla/5.0 (Macintosh; Intel Mac OS X 10_10_0) AppleWebKit/537.36 (KHTML, like Gecko) Chrome/39.0.2171.65 Safari/537.36"
0:0:0:0:0:0:0:1 -  -  [30/Nov/2014:02:16:50 +0000] "GET /showinbox HTTP/1.1" 200 - "http://localhost:8080/files/main/showinbox.html" "Mozilla/5.0 (Macintosh; Intel Mac OS X 10_10_0) AppleWebKit/537.36 (KHTML, like Gecko) Chrome/39.0.2171.65 Safari/537.36"
0:0:0:0:0:0:0:1 -  -  [30/Nov/2014:02:16:52 +0000] "GET /showinbox?start=2&col=null&text=null HTTP/1.1" 200 - "http://localhost:8080/files/main/showinbox.html" "Mozilla/5.0 (Macintosh; Intel Mac OS X 10_10_0) AppleWebKit/537.36 (KHTML, like Gecko) Chrome/39.0.2171.65 Safari/537.36"
0:0:0:0:0:0:0:1 -  -  [30/Nov/2014:02:16:53 +0000] "GET /showinbox?start=3&col=null&text=null HTTP/1.1" 200 - "http://localhost:8080/showinbox?start=2&col=null&text=null" "Mozilla/5.0 (Macintosh; Intel Mac OS X 10_10_0) AppleWebKit/537.36 (KHTML, like Gecko) Chrome/39.0.2171.65 Safari/537.36"
0:0:0:0:0:0:0:1 -  -  [30/Nov/2014:02:16:54 +0000] "GET /showinbox?start=4&col=null&text=null HTTP/1.1" 200 - "http://localhost:8080/showinbox?start=3&col=null&text=null" "Mozilla/5.0 (Macintosh; Intel Mac OS X 10_10_0) AppleWebKit/537.36 (KHTML, like Gecko) Chrome/39.0.2171.65 Safari/537.36"
0:0:0:0:0:0:0:1 -  -  [30/Nov/2014:02:16:55 +0000] "GET /showInemail?mailid=GmailId149e3a4d9a3166a4 HTTP/1.1" 200 - "http://localhost:8080/showinbox?start=4&col=null&text=null" "Mozilla/5.0 (Macintosh; Intel Mac OS X 10_10_0) AppleWebKit/537.36 (KHTML, like Gecko) Chrome/39.0.2171.65 Safari/537.36"
0:0:0:0:0:0:0:1 -  -  [30/Nov/2014:02:16:55 +0000] "GET /files/GmailId149e3a4d9a3166a4/ii_i2wbw6wa0_149e3a3f55cd20d7 HTTP/1.1" 200 6031 "http://localhost:8080/showInemail?mailid=GmailId149e3a4d9a3166a4" "Mozilla/5.0 (Macintosh; Intel Mac OS X 10_10_0) AppleWebKit/537.36 (KHTML, like Gecko) Chrome/39.0.2171.65 Safari/537.36"
0:0:0:0:0:0:0:1 -  -  [30/Nov/2014:02:16:56 +0000] "GET /download?url=files/GmailId149e3a4d9a3166a4/attachment/spic.png HTTP/1.1" 200 - "http://localhost:8080/showInemail?mailid=GmailId149e3a4d9a3166a4" "Mozilla/5.0 (Macintosh; Intel Mac OS X 10_10_0) AppleWebKit/537.36 (KHTML, like Gecko) Chrome/39.0.2171.65 Safari/537.36"
0:0:0:0:0:0:0:1 -  -  [30/Nov/2014:02:17:27 +0000] "GET /inbox HTTP/1.1" 302 - "http://localhost:8080/" "Mozilla/5.0 (Macintosh; Intel Mac OS X 10_10_0) AppleWebKit/537.36 (KHTML, like Gecko) Chrome/39.0.2171.65 Safari/537.36"
0:0:0:0:0:0:0:1 -  -  [30/Nov/2014:02:17:27 +0000] "GET / HTTP/1.1" 200 - "http://localhost:8080/" "Mozilla/5.0 (Macintosh; Intel Mac OS X 10_10_0) AppleWebKit/537.36 (KHTML, like Gecko) Chrome/39.0.2171.65 Safari/537.36"
0:0:0:0:0:0:0:1 -  -  [30/Nov/2014:02:17:28 +0000] "POST /doLogin HTTP/1.1" 302 - "http://localhost:8080/" "Mozilla/5.0 (Macintosh; Intel Mac OS X 10_10_0) AppleWebKit/537.36 (KHTML, like Gecko) Chrome/39.0.2171.65 Safari/537.36"
0:0:0:0:0:0:0:1 -  -  [30/Nov/2014:02:17:28 +0000] "GET /inbox HTTP/1.1" 200 - "http://localhost:8080/" "Mozilla/5.0 (Macintosh; Intel Mac OS X 10_10_0) AppleWebKit/537.36 (KHTML, like Gecko) Chrome/39.0.2171.65 Safari/537.36"
0:0:0:0:0:0:0:1 -  -  [30/Nov/2014:02:17:29 +0000] "GET /showinbox HTTP/1.1" 200 - "http://localhost:8080/files/main/showinbox.html" "Mozilla/5.0 (Macintosh; Intel Mac OS X 10_10_0) AppleWebKit/537.36 (KHTML, like Gecko) Chrome/39.0.2171.65 Safari/537.36"
0:0:0:0:0:0:0:1 -  -  [30/Nov/2014:02:17:29 +0000] "GET /showoutbox?db=yes HTTP/1.1" 200 - "http://localhost:8080/files/main/outbox.html" "Mozilla/5.0 (Macintosh; Intel Mac OS X 10_10_0) AppleWebKit/537.36 (KHTML, like Gecko) Chrome/39.0.2171.65 Safari/537.36"
0:0:0:0:0:0:0:1 -  -  [30/Nov/2014:02:17:30 +0000] "GET /showinbox HTTP/1.1" 200 - "http://localhost:8080/files/main/showinbox.html" "Mozilla/5.0 (Macintosh; Intel Mac OS X 10_10_0) AppleWebKit/537.36 (KHTML, like Gecko) Chrome/39.0.2171.65 Safari/537.36"
0:0:0:0:0:0:0:1 -  -  [30/Nov/2014:02:17:31 +0000] "GET /showinbox?start=2&col=null&text=null HTTP/1.1" 200 - "http://localhost:8080/files/main/showinbox.html" "Mozilla/5.0 (Macintosh; Intel Mac OS X 10_10_0) AppleWebKit/537.36 (KHTML, like Gecko) Chrome/39.0.2171.65 Safari/537.36"
0:0:0:0:0:0:0:1 -  -  [30/Nov/2014:02:17:32 +0000] "GET /showinbox?start=3&col=null&text=null HTTP/1.1" 200 - "http://localhost:8080/showinbox?start=2&col=null&text=null" "Mozilla/5.0 (Macintosh; Intel Mac OS X 10_10_0) AppleWebKit/537.36 (KHTML, like Gecko) Chrome/39.0.2171.65 Safari/537.36"
0:0:0:0:0:0:0:1 -  -  [30/Nov/2014:02:17:33 +0000] "GET /showinbox?start=4&col=null&text=null HTTP/1.1" 200 - "http://localhost:8080/showinbox?start=3&col=null&text=null" "Mozilla/5.0 (Macintosh; Intel Mac OS X 10_10_0) AppleWebKit/537.36 (KHTML, like Gecko) Chrome/39.0.2171.65 Safari/537.36"
0:0:0:0:0:0:0:1 -  -  [30/Nov/2014:02:17:34 +0000] "GET /showInemail?mailid=GmailId149e3a4d9a3166a4 HTTP/1.1" 200 - "http://localhost:8080/showinbox?start=4&col=null&text=null" "Mozilla/5.0 (Macintosh; Intel Mac OS X 10_10_0) AppleWebKit/537.36 (KHTML, like Gecko) Chrome/39.0.2171.65 Safari/537.36"
0:0:0:0:0:0:0:1 -  -  [30/Nov/2014:02:17:34 +0000] "GET /files/GmailId149e3a4d9a3166a4/ii_i2wbw6wa0_149e3a3f55cd20d7 HTTP/1.1" 200 6031 "http://localhost:8080/showInemail?mailid=GmailId149e3a4d9a3166a4" "Mozilla/5.0 (Macintosh; Intel Mac OS X 10_10_0) AppleWebKit/537.36 (KHTML, like Gecko) Chrome/39.0.2171.65 Safari/537.36"
0:0:0:0:0:0:0:1 -  -  [30/Nov/2014:02:19:37 +0000] "GET /inbox HTTP/1.1" 302 - "http://localhost:8080/" "Mozilla/5.0 (Macintosh; Intel Mac OS X 10_10_0) AppleWebKit/537.36 (KHTML, like Gecko) Chrome/39.0.2171.65 Safari/537.36"
0:0:0:0:0:0:0:1 -  -  [30/Nov/2014:02:19:37 +0000] "GET / HTTP/1.1" 200 - "http://localhost:8080/" "Mozilla/5.0 (Macintosh; Intel Mac OS X 10_10_0) AppleWebKit/537.36 (KHTML, like Gecko) Chrome/39.0.2171.65 Safari/537.36"
0:0:0:0:0:0:0:1 -  -  [30/Nov/2014:02:19:38 +0000] "POST /doLogin HTTP/1.1" 302 - "http://localhost:8080/" "Mozilla/5.0 (Macintosh; Intel Mac OS X 10_10_0) AppleWebKit/537.36 (KHTML, like Gecko) Chrome/39.0.2171.65 Safari/537.36"
0:0:0:0:0:0:0:1 -  -  [30/Nov/2014:02:19:38 +0000] "GET /inbox HTTP/1.1" 200 - "http://localhost:8080/" "Mozilla/5.0 (Macintosh; Intel Mac OS X 10_10_0) AppleWebKit/537.36 (KHTML, like Gecko) Chrome/39.0.2171.65 Safari/537.36"
0:0:0:0:0:0:0:1 -  -  [30/Nov/2014:02:19:38 +0000] "GET /files/assets/js/config.js HTTP/1.1" 200 1437 "http://localhost:8080/inbox" "Mozilla/5.0 (Macintosh; Intel Mac OS X 10_10_0) AppleWebKit/537.36 (KHTML, like Gecko) Chrome/39.0.2171.65 Safari/537.36"
0:0:0:0:0:0:0:1 -  -  [30/Nov/2014:02:19:38 +0000] "GET /files/assets/css/main-min.css HTTP/1.1" 200 7835 "http://localhost:8080/inbox" "Mozilla/5.0 (Macintosh; Intel Mac OS X 10_10_0) AppleWebKit/537.36 (KHTML, like Gecko) Chrome/39.0.2171.65 Safari/537.36"
0:0:0:0:0:0:0:1 -  -  [30/Nov/2014:02:19:38 +0000] "GET /files/assets/css/bui-min.css HTTP/1.1" 200 48745 "http://localhost:8080/inbox" "Mozilla/5.0 (Macintosh; Intel Mac OS X 10_10_0) AppleWebKit/537.36 (KHTML, like Gecko) Chrome/39.0.2171.65 Safari/537.36"
0:0:0:0:0:0:0:1 -  -  [30/Nov/2014:02:19:38 +0000] "GET /files/assets/js/jquery-1.8.1.min.js HTTP/1.1" 200 92792 "http://localhost:8080/inbox" "Mozilla/5.0 (Macintosh; Intel Mac OS X 10_10_0) AppleWebKit/537.36 (KHTML, like Gecko) Chrome/39.0.2171.65 Safari/537.36"
0:0:0:0:0:0:0:1 -  -  [30/Nov/2014:02:19:38 +0000] "GET /files/assets/css/dpl-min.css HTTP/1.1" 200 73873 "http://localhost:8080/inbox" "Mozilla/5.0 (Macintosh; Intel Mac OS X 10_10_0) AppleWebKit/537.36 (KHTML, like Gecko) Chrome/39.0.2171.65 Safari/537.36"
0:0:0:0:0:0:0:1 -  -  [30/Nov/2014:02:19:38 +0000] "GET /files/assets/js/bui.js HTTP/1.1" 200 1114465 "http://localhost:8080/inbox" "Mozilla/5.0 (Macintosh; Intel Mac OS X 10_10_0) AppleWebKit/537.36 (KHTML, like Gecko) Chrome/39.0.2171.65 Safari/537.36"
0:0:0:0:0:0:0:1 -  -  [30/Nov/2014:02:19:38 +0000] "GET /files/assets/img/icon-806-614.png HTTP/1.1" 200 8138 "http://localhost:8080/files/assets/css/main-min.css" "Mozilla/5.0 (Macintosh; Intel Mac OS X 10_10_0) AppleWebKit/537.36 (KHTML, like Gecko) Chrome/39.0.2171.65 Safari/537.36"
0:0:0:0:0:0:0:1 -  -  [30/Nov/2014:02:19:38 +0000] "GET /files/assets/img/main-nav-bg.png HTTP/1.1" 200 7414 "http://localhost:8080/files/assets/css/main-min.css" "Mozilla/5.0 (Macintosh; Intel Mac OS X 10_10_0) AppleWebKit/537.36 (KHTML, like Gecko) Chrome/39.0.2171.65 Safari/537.36"
0:0:0:0:0:0:0:1 -  -  [30/Nov/2014:02:19:38 +0000] "GET /files/assets/js/common/main-min.js HTTP/1.1" 200 8483 "http://localhost:8080/inbox" "Mozilla/5.0 (Macintosh; Intel Mac OS X 10_10_0) AppleWebKit/537.36 (KHTML, like Gecko) Chrome/39.0.2171.65 Safari/537.36"
0:0:0:0:0:0:0:1 -  -  [30/Nov/2014:02:19:38 +0000] "GET /files/assets/img/tab-140-120.gif HTTP/1.1" 200 5847 "http://localhost:8080/files/assets/css/bui-min.css" "Mozilla/5.0 (Macintosh; Intel Mac OS X 10_10_0) AppleWebKit/537.36 (KHTML, like Gecko) Chrome/39.0.2171.65 Safari/537.36"
0:0:0:0:0:0:0:1 -  -  [30/Nov/2014:02:19:38 +0000] "GET /files/assets/img/menu-500-188.png HTTP/1.1" 200 1368 "http://localhost:8080/files/assets/css/bui-min.css" "Mozilla/5.0 (Macintosh; Intel Mac OS X 10_10_0) AppleWebKit/537.36 (KHTML, like Gecko) Chrome/39.0.2171.65 Safari/537.36"
0:0:0:0:0:0:0:1 -  -  [30/Nov/2014:02:19:38 +0000] "GET /files/assets/img/left-slib.gif HTTP/1.1" 200 132 "http://localhost:8080/files/assets/css/main-min.css" "Mozilla/5.0 (Macintosh; Intel Mac OS X 10_10_0) AppleWebKit/537.36 (KHTML, like Gecko) Chrome/39.0.2171.65 Safari/537.36"
0:0:0:0:0:0:0:1 -  -  [30/Nov/2014:02:19:38 +0000] "GET /files/main/showinbox.html HTTP/1.1" 200 2354 "http://localhost:8080/inbox" "Mozilla/5.0 (Macintosh; Intel Mac OS X 10_10_0) AppleWebKit/537.36 (KHTML, like Gecko) Chrome/39.0.2171.65 Safari/537.36"
0:0:0:0:0:0:0:1 -  -  [30/Nov/2014:02:19:38 +0000] "GET /showinbox HTTP/1.1" 200 - "http://localhost:8080/files/main/showinbox.html" "Mozilla/5.0 (Macintosh; Intel Mac OS X 10_10_0) AppleWebKit/537.36 (KHTML, like Gecko) Chrome/39.0.2171.65 Safari/537.36"
0:0:0:0:0:0:0:1 -  -  [30/Nov/2014:02:19:40 +0000] "GET /showinbox?start=2&col=null&text=null HTTP/1.1" 200 - "http://localhost:8080/files/main/showinbox.html" "Mozilla/5.0 (Macintosh; Intel Mac OS X 10_10_0) AppleWebKit/537.36 (KHTML, like Gecko) Chrome/39.0.2171.65 Safari/537.36"
0:0:0:0:0:0:0:1 -  -  [30/Nov/2014:02:19:41 +0000] "GET /showinbox?start=3&col=null&text=null HTTP/1.1" 200 - "http://localhost:8080/showinbox?start=2&col=null&text=null" "Mozilla/5.0 (Macintosh; Intel Mac OS X 10_10_0) AppleWebKit/537.36 (KHTML, like Gecko) Chrome/39.0.2171.65 Safari/537.36"
0:0:0:0:0:0:0:1 -  -  [30/Nov/2014:02:19:42 +0000] "GET /showinbox?start=4&col=null&text=null HTTP/1.1" 200 - "http://localhost:8080/showinbox?start=3&col=null&text=null" "Mozilla/5.0 (Macintosh; Intel Mac OS X 10_10_0) AppleWebKit/537.36 (KHTML, like Gecko) Chrome/39.0.2171.65 Safari/537.36"
0:0:0:0:0:0:0:1 -  -  [30/Nov/2014:02:19:43 +0000] "GET /showInemail?mailid=GmailId149e3a4d9a3166a4 HTTP/1.1" 200 - "http://localhost:8080/showinbox?start=4&col=null&text=null" "Mozilla/5.0 (Macintosh; Intel Mac OS X 10_10_0) AppleWebKit/537.36 (KHTML, like Gecko) Chrome/39.0.2171.65 Safari/537.36"
0:0:0:0:0:0:0:1 -  -  [30/Nov/2014:02:19:43 +0000] "GET /files/GmailId149e3a4d9a3166a4/ii_i2wbw6wa0_149e3a3f55cd20d7 HTTP/1.1" 200 6031 "http://localhost:8080/showInemail?mailid=GmailId149e3a4d9a3166a4" "Mozilla/5.0 (Macintosh; Intel Mac OS X 10_10_0) AppleWebKit/537.36 (KHTML, like Gecko) Chrome/39.0.2171.65 Safari/537.36"
0:0:0:0:0:0:0:1 -  -  [30/Nov/2014:02:19:44 +0000] "GET /download?url=files/GmailId149e3a4d9a3166a4/attachment/spic.png&fileName=&fl.name& HTTP/1.1" 200 - "http://localhost:8080/showInemail?mailid=GmailId149e3a4d9a3166a4" "Mozilla/5.0 (Macintosh; Intel Mac OS X 10_10_0) AppleWebKit/537.36 (KHTML, like Gecko) Chrome/39.0.2171.65 Safari/537.36"
0:0:0:0:0:0:0:1 -  -  [30/Nov/2014:02:33:33 +0000] "GET /inbox HTTP/1.1" 302 - "http://localhost:8080/" "Mozilla/5.0 (Macintosh; Intel Mac OS X 10_10_0) AppleWebKit/537.36 (KHTML, like Gecko) Chrome/39.0.2171.65 Safari/537.36"
0:0:0:0:0:0:0:1 -  -  [30/Nov/2014:02:33:33 +0000] "GET / HTTP/1.1" 200 - "http://localhost:8080/" "Mozilla/5.0 (Macintosh; Intel Mac OS X 10_10_0) AppleWebKit/537.36 (KHTML, like Gecko) Chrome/39.0.2171.65 Safari/537.36"
0:0:0:0:0:0:0:1 -  -  [30/Nov/2014:02:33:34 +0000] "POST /doLogin HTTP/1.1" 302 - "http://localhost:8080/" "Mozilla/5.0 (Macintosh; Intel Mac OS X 10_10_0) AppleWebKit/537.36 (KHTML, like Gecko) Chrome/39.0.2171.65 Safari/537.36"
0:0:0:0:0:0:0:1 -  -  [30/Nov/2014:02:33:34 +0000] "GET /inbox HTTP/1.1" 200 - "http://localhost:8080/" "Mozilla/5.0 (Macintosh; Intel Mac OS X 10_10_0) AppleWebKit/537.36 (KHTML, like Gecko) Chrome/39.0.2171.65 Safari/537.36"
0:0:0:0:0:0:0:1 -  -  [30/Nov/2014:02:33:34 +0000] "GET /showinbox HTTP/1.1" 200 - "http://localhost:8080/files/main/showinbox.html" "Mozilla/5.0 (Macintosh; Intel Mac OS X 10_10_0) AppleWebKit/537.36 (KHTML, like Gecko) Chrome/39.0.2171.65 Safari/537.36"
0:0:0:0:0:0:0:1 -  -  [30/Nov/2014:02:33:36 +0000] "GET /showinbox?start=2&col=null&text=null HTTP/1.1" 200 - "http://localhost:8080/files/main/showinbox.html" "Mozilla/5.0 (Macintosh; Intel Mac OS X 10_10_0) AppleWebKit/537.36 (KHTML, like Gecko) Chrome/39.0.2171.65 Safari/537.36"
0:0:0:0:0:0:0:1 -  -  [30/Nov/2014:02:33:37 +0000] "GET /showinbox?start=3&col=null&text=null HTTP/1.1" 200 - "http://localhost:8080/showinbox?start=2&col=null&text=null" "Mozilla/5.0 (Macintosh; Intel Mac OS X 10_10_0) AppleWebKit/537.36 (KHTML, like Gecko) Chrome/39.0.2171.65 Safari/537.36"
0:0:0:0:0:0:0:1 -  -  [30/Nov/2014:02:33:38 +0000] "GET /showinbox?start=4&col=null&text=null HTTP/1.1" 200 - "http://localhost:8080/showinbox?start=3&col=null&text=null" "Mozilla/5.0 (Macintosh; Intel Mac OS X 10_10_0) AppleWebKit/537.36 (KHTML, like Gecko) Chrome/39.0.2171.65 Safari/537.36"
0:0:0:0:0:0:0:1 -  -  [30/Nov/2014:02:33:39 +0000] "GET /showInemail?mailid=GmailId149e3a4d9a3166a4 HTTP/1.1" 200 - "http://localhost:8080/showinbox?start=4&col=null&text=null" "Mozilla/5.0 (Macintosh; Intel Mac OS X 10_10_0) AppleWebKit/537.36 (KHTML, like Gecko) Chrome/39.0.2171.65 Safari/537.36"
0:0:0:0:0:0:0:1 -  -  [30/Nov/2014:02:33:39 +0000] "GET /files/GmailId149e3a4d9a3166a4/ii_i2wbw6wa0_149e3a3f55cd20d7 HTTP/1.1" 200 6031 "http://localhost:8080/showInemail?mailid=GmailId149e3a4d9a3166a4" "Mozilla/5.0 (Macintosh; Intel Mac OS X 10_10_0) AppleWebKit/537.36 (KHTML, like Gecko) Chrome/39.0.2171.65 Safari/537.36"
0:0:0:0:0:0:0:1 -  -  [30/Nov/2014:02:33:40 +0000] "GET /download?url=files/GmailId149e3a4d9a3166a4/attachment/spic.png&fileName=&fl.name& HTTP/1.1" 200 - "http://localhost:8080/showInemail?mailid=GmailId149e3a4d9a3166a4" "Mozilla/5.0 (Macintosh; Intel Mac OS X 10_10_0) AppleWebKit/537.36 (KHTML, like Gecko) Chrome/39.0.2171.65 Safari/537.36"
0:0:0:0:0:0:0:1 -  -  [30/Nov/2014:02:35:10 +0000] "GET /inbox HTTP/1.1" 302 - "http://localhost:8080/" "Mozilla/5.0 (Macintosh; Intel Mac OS X 10_10_0) AppleWebKit/537.36 (KHTML, like Gecko) Chrome/39.0.2171.65 Safari/537.36"
0:0:0:0:0:0:0:1 -  -  [30/Nov/2014:02:35:10 +0000] "GET / HTTP/1.1" 200 - "http://localhost:8080/" "Mozilla/5.0 (Macintosh; Intel Mac OS X 10_10_0) AppleWebKit/537.36 (KHTML, like Gecko) Chrome/39.0.2171.65 Safari/537.36"
0:0:0:0:0:0:0:1 -  -  [30/Nov/2014:02:35:11 +0000] "POST /doLogin HTTP/1.1" 302 - "http://localhost:8080/" "Mozilla/5.0 (Macintosh; Intel Mac OS X 10_10_0) AppleWebKit/537.36 (KHTML, like Gecko) Chrome/39.0.2171.65 Safari/537.36"
0:0:0:0:0:0:0:1 -  -  [30/Nov/2014:02:35:11 +0000] "GET /inbox HTTP/1.1" 200 - "http://localhost:8080/" "Mozilla/5.0 (Macintosh; Intel Mac OS X 10_10_0) AppleWebKit/537.36 (KHTML, like Gecko) Chrome/39.0.2171.65 Safari/537.36"
0:0:0:0:0:0:0:1 -  -  [30/Nov/2014:02:35:11 +0000] "GET /files/assets/js/config.js HTTP/1.1" 200 1437 "http://localhost:8080/inbox" "Mozilla/5.0 (Macintosh; Intel Mac OS X 10_10_0) AppleWebKit/537.36 (KHTML, like Gecko) Chrome/39.0.2171.65 Safari/537.36"
0:0:0:0:0:0:0:1 -  -  [30/Nov/2014:02:35:11 +0000] "GET /files/assets/css/main-min.css HTTP/1.1" 200 7835 "http://localhost:8080/inbox" "Mozilla/5.0 (Macintosh; Intel Mac OS X 10_10_0) AppleWebKit/537.36 (KHTML, like Gecko) Chrome/39.0.2171.65 Safari/537.36"
0:0:0:0:0:0:0:1 -  -  [30/Nov/2014:02:35:11 +0000] "GET /files/assets/css/bui-min.css HTTP/1.1" 200 48745 "http://localhost:8080/inbox" "Mozilla/5.0 (Macintosh; Intel Mac OS X 10_10_0) AppleWebKit/537.36 (KHTML, like Gecko) Chrome/39.0.2171.65 Safari/537.36"
0:0:0:0:0:0:0:1 -  -  [30/Nov/2014:02:35:11 +0000] "GET /files/assets/css/dpl-min.css HTTP/1.1" 200 73873 "http://localhost:8080/inbox" "Mozilla/5.0 (Macintosh; Intel Mac OS X 10_10_0) AppleWebKit/537.36 (KHTML, like Gecko) Chrome/39.0.2171.65 Safari/537.36"
0:0:0:0:0:0:0:1 -  -  [30/Nov/2014:02:35:11 +0000] "GET /files/assets/js/jquery-1.8.1.min.js HTTP/1.1" 200 92792 "http://localhost:8080/inbox" "Mozilla/5.0 (Macintosh; Intel Mac OS X 10_10_0) AppleWebKit/537.36 (KHTML, like Gecko) Chrome/39.0.2171.65 Safari/537.36"
0:0:0:0:0:0:0:1 -  -  [30/Nov/2014:02:35:11 +0000] "GET /files/assets/js/bui.js HTTP/1.1" 200 1114465 "http://localhost:8080/inbox" "Mozilla/5.0 (Macintosh; Intel Mac OS X 10_10_0) AppleWebKit/537.36 (KHTML, like Gecko) Chrome/39.0.2171.65 Safari/537.36"
0:0:0:0:0:0:0:1 -  -  [30/Nov/2014:02:35:11 +0000] "GET /files/assets/img/icon-806-614.png HTTP/1.1" 200 8138 "http://localhost:8080/files/assets/css/main-min.css" "Mozilla/5.0 (Macintosh; Intel Mac OS X 10_10_0) AppleWebKit/537.36 (KHTML, like Gecko) Chrome/39.0.2171.65 Safari/537.36"
0:0:0:0:0:0:0:1 -  -  [30/Nov/2014:02:35:11 +0000] "GET /files/assets/img/main-nav-bg.png HTTP/1.1" 200 7414 "http://localhost:8080/files/assets/css/main-min.css" "Mozilla/5.0 (Macintosh; Intel Mac OS X 10_10_0) AppleWebKit/537.36 (KHTML, like Gecko) Chrome/39.0.2171.65 Safari/537.36"
0:0:0:0:0:0:0:1 -  -  [30/Nov/2014:02:35:11 +0000] "GET /files/assets/js/common/main-min.js HTTP/1.1" 200 8483 "http://localhost:8080/inbox" "Mozilla/5.0 (Macintosh; Intel Mac OS X 10_10_0) AppleWebKit/537.36 (KHTML, like Gecko) Chrome/39.0.2171.65 Safari/537.36"
0:0:0:0:0:0:0:1 -  -  [30/Nov/2014:02:35:11 +0000] "GET /files/assets/img/tab-140-120.gif HTTP/1.1" 200 5847 "http://localhost:8080/files/assets/css/bui-min.css" "Mozilla/5.0 (Macintosh; Intel Mac OS X 10_10_0) AppleWebKit/537.36 (KHTML, like Gecko) Chrome/39.0.2171.65 Safari/537.36"
0:0:0:0:0:0:0:1 -  -  [30/Nov/2014:02:35:11 +0000] "GET /files/assets/img/left-slib.gif HTTP/1.1" 200 132 "http://localhost:8080/files/assets/css/main-min.css" "Mozilla/5.0 (Macintosh; Intel Mac OS X 10_10_0) AppleWebKit/537.36 (KHTML, like Gecko) Chrome/39.0.2171.65 Safari/537.36"
0:0:0:0:0:0:0:1 -  -  [30/Nov/2014:02:35:11 +0000] "GET /files/assets/img/menu-500-188.png HTTP/1.1" 200 1368 "http://localhost:8080/files/assets/css/bui-min.css" "Mozilla/5.0 (Macintosh; Intel Mac OS X 10_10_0) AppleWebKit/537.36 (KHTML, like Gecko) Chrome/39.0.2171.65 Safari/537.36"
0:0:0:0:0:0:0:1 -  -  [30/Nov/2014:02:35:11 +0000] "GET /files/main/showinbox.html HTTP/1.1" 200 2354 "http://localhost:8080/inbox" "Mozilla/5.0 (Macintosh; Intel Mac OS X 10_10_0) AppleWebKit/537.36 (KHTML, like Gecko) Chrome/39.0.2171.65 Safari/537.36"
0:0:0:0:0:0:0:1 -  -  [30/Nov/2014:02:35:11 +0000] "GET /showinbox HTTP/1.1" 200 - "http://localhost:8080/files/main/showinbox.html" "Mozilla/5.0 (Macintosh; Intel Mac OS X 10_10_0) AppleWebKit/537.36 (KHTML, like Gecko) Chrome/39.0.2171.65 Safari/537.36"
0:0:0:0:0:0:0:1 -  -  [30/Nov/2014:02:35:13 +0000] "GET /showinbox?start=2&col=null&text=null HTTP/1.1" 200 - "http://localhost:8080/files/main/showinbox.html" "Mozilla/5.0 (Macintosh; Intel Mac OS X 10_10_0) AppleWebKit/537.36 (KHTML, like Gecko) Chrome/39.0.2171.65 Safari/537.36"
0:0:0:0:0:0:0:1 -  -  [30/Nov/2014:02:35:14 +0000] "GET /showinbox?start=3&col=null&text=null HTTP/1.1" 200 - "http://localhost:8080/showinbox?start=2&col=null&text=null" "Mozilla/5.0 (Macintosh; Intel Mac OS X 10_10_0) AppleWebKit/537.36 (KHTML, like Gecko) Chrome/39.0.2171.65 Safari/537.36"
0:0:0:0:0:0:0:1 -  -  [30/Nov/2014:02:35:15 +0000] "GET /showinbox?start=4&col=null&text=null HTTP/1.1" 200 - "http://localhost:8080/showinbox?start=3&col=null&text=null" "Mozilla/5.0 (Macintosh; Intel Mac OS X 10_10_0) AppleWebKit/537.36 (KHTML, like Gecko) Chrome/39.0.2171.65 Safari/537.36"
0:0:0:0:0:0:0:1 -  -  [30/Nov/2014:02:35:16 +0000] "GET /showInemail?mailid=GmailId149e3a4d9a3166a4 HTTP/1.1" 200 - "http://localhost:8080/showinbox?start=4&col=null&text=null" "Mozilla/5.0 (Macintosh; Intel Mac OS X 10_10_0) AppleWebKit/537.36 (KHTML, like Gecko) Chrome/39.0.2171.65 Safari/537.36"
0:0:0:0:0:0:0:1 -  -  [30/Nov/2014:02:35:16 +0000] "GET /files/GmailId149e3a4d9a3166a4/ii_i2wbw6wa0_149e3a3f55cd20d7 HTTP/1.1" 200 6031 "http://localhost:8080/showInemail?mailid=GmailId149e3a4d9a3166a4" "Mozilla/5.0 (Macintosh; Intel Mac OS X 10_10_0) AppleWebKit/537.36 (KHTML, like Gecko) Chrome/39.0.2171.65 Safari/537.36"
0:0:0:0:0:0:0:1 -  -  [30/Nov/2014:02:35:17 +0000] "GET /download?url=files/GmailId149e3a4d9a3166a4/attachment/spic.png&fileName=spic.png HTTP/1.1" 200 - "http://localhost:8080/showInemail?mailid=GmailId149e3a4d9a3166a4" "Mozilla/5.0 (Macintosh; Intel Mac OS X 10_10_0) AppleWebKit/537.36 (KHTML, like Gecko) Chrome/39.0.2171.65 Safari/537.36"
